<?xml version="1.0" encoding="UTF-8"?>
<!-- Generated by org.testng.reporters.JUnitXMLReporter -->
<testsuite ignored="0" hostname="DESKTOP-OO1V4NK" failures="102" tests="102" name="Surefire test" time="1.161" errors="0" timestamp="2020-10-08T10:08:02 COT">
  <testcase classname="register.RegistrAppTest" name="testCase0" time="0.197">
    <failure type="register.InvalidInformationException" message="invalid information!">
      <![CDATA[register.InvalidInformationException: invalid information!
at register.RegistrApp.validation(RegistrApp.java:35)
at register.RegistrAppTest.generic(RegistrAppTest.java:31)
at register.RegistrAppTest.testCase0(RegistrAppTest.java:14)
... Removed 30 stack frames]]>
    </failure>
  </testcase> <!-- testCase0 -->
  <testcase classname="register.RegistrAppTest" name="testCase1" time="0.511">
    <failure type="register.InvalidInformationException" message="invalid information!">
      <![CDATA[register.InvalidInformationException: invalid information!
at register.RegistrApp.validation(RegistrApp.java:35)
at register.RegistrAppTest.generic(RegistrAppTest.java:31)
at register.RegistrAppTest.testCase1(RegistrAppTest.java:19)
at java.base/java.util.concurrent.FutureTask.run(FutureTask.java:264)
at java.base/java.util.concurrent.ThreadPoolExecutor.runWorker(ThreadPoolExecutor.java:1128)
at java.base/java.util.concurrent.ThreadPoolExecutor$Worker.run(ThreadPoolExecutor.java:628)
at java.base/java.lang.Thread.run(Thread.java:834)
... Removed 11 stack frames]]>
    </failure>
  </testcase> <!-- testCase1 -->
  <testcase classname="register.RegistrAppTest" name="testCase1" time="0.014">
    <failure type="register.InvalidInformationException" message="invalid information!">
      <![CDATA[register.InvalidInformationException: invalid information!
at register.RegistrApp.validation(RegistrApp.java:35)
at register.RegistrAppTest.generic(RegistrAppTest.java:31)
at register.RegistrAppTest.testCase1(RegistrAppTest.java:19)
at java.base/java.util.concurrent.FutureTask.run(FutureTask.java:264)
at java.base/java.util.concurrent.ThreadPoolExecutor.runWorker(ThreadPoolExecutor.java:1128)
at java.base/java.util.concurrent.ThreadPoolExecutor$Worker.run(ThreadPoolExecutor.java:628)
at java.base/java.lang.Thread.run(Thread.java:834)
... Removed 10 stack frames]]>
    </failure>
  </testcase> <!-- testCase1 -->
  <testcase classname="register.RegistrAppTest" name="testCase1" time="0.019">
    <failure type="register.InvalidInformationException" message="invalid information!">
      <![CDATA[register.InvalidInformationException: invalid information!
at register.RegistrApp.validation(RegistrApp.java:35)
at register.RegistrAppTest.generic(RegistrAppTest.java:31)
at register.RegistrAppTest.testCase1(RegistrAppTest.java:19)
at java.base/java.util.concurrent.FutureTask.run(FutureTask.java:264)
at java.base/java.util.concurrent.ThreadPoolExecutor.runWorker(ThreadPoolExecutor.java:1128)
at java.base/java.util.concurrent.ThreadPoolExecutor$Worker.run(ThreadPoolExecutor.java:628)
at java.base/java.lang.Thread.run(Thread.java:834)
... Removed 10 stack frames]]>
    </failure>
  </testcase> <!-- testCase1 -->
  <testcase classname="register.RegistrAppTest" name="testCase1" time="0.027">
    <failure type="register.InvalidInformationException" message="invalid information!">
      <![CDATA[register.InvalidInformationException: invalid information!
at register.RegistrApp.validation(RegistrApp.java:35)
at register.RegistrAppTest.generic(RegistrAppTest.java:31)
at register.RegistrAppTest.testCase1(RegistrAppTest.java:19)
at java.base/java.util.concurrent.FutureTask.run(FutureTask.java:264)
at java.base/java.util.concurrent.ThreadPoolExecutor.runWorker(ThreadPoolExecutor.java:1128)
at java.base/java.util.concurrent.ThreadPoolExecutor$Worker.run(ThreadPoolExecutor.java:628)
at java.base/java.lang.Thread.run(Thread.java:834)
... Removed 10 stack frames]]>
    </failure>
  </testcase> <!-- testCase1 -->
  <testcase classname="register.RegistrAppTest" name="testCase1" time="0.034">
    <failure type="register.InvalidInformationException" message="invalid information!">
      <![CDATA[register.InvalidInformationException: invalid information!
at register.RegistrApp.validation(RegistrApp.java:35)
at register.RegistrAppTest.generic(RegistrAppTest.java:31)
at register.RegistrAppTest.testCase1(RegistrAppTest.java:19)
at java.base/java.util.concurrent.FutureTask.run(FutureTask.java:264)
at java.base/java.util.concurrent.ThreadPoolExecutor.runWorker(ThreadPoolExecutor.java:1128)
at java.base/java.util.concurrent.ThreadPoolExecutor$Worker.run(ThreadPoolExecutor.java:628)
at java.base/java.lang.Thread.run(Thread.java:834)
... Removed 10 stack frames]]>
    </failure>
  </testcase> <!-- testCase1 -->
  <testcase classname="register.RegistrAppTest" name="testCase1" time="0.045">
    <failure type="register.InvalidInformationException" message="invalid information!">
      <![CDATA[register.InvalidInformationException: invalid information!
at register.RegistrApp.validation(RegistrApp.java:35)
at register.RegistrAppTest.generic(RegistrAppTest.java:31)
at register.RegistrAppTest.testCase1(RegistrAppTest.java:19)
at java.base/java.util.concurrent.FutureTask.run(FutureTask.java:264)
at java.base/java.util.concurrent.ThreadPoolExecutor.runWorker(ThreadPoolExecutor.java:1128)
at java.base/java.util.concurrent.ThreadPoolExecutor$Worker.run(ThreadPoolExecutor.java:628)
at java.base/java.lang.Thread.run(Thread.java:834)
... Removed 10 stack frames]]>
    </failure>
  </testcase> <!-- testCase1 -->
  <testcase classname="register.RegistrAppTest" name="testCase1" time="0.052">
    <failure type="register.InvalidInformationException" message="invalid information!">
      <![CDATA[register.InvalidInformationException: invalid information!
at register.RegistrApp.validation(RegistrApp.java:35)
at register.RegistrAppTest.generic(RegistrAppTest.java:31)
at register.RegistrAppTest.testCase1(RegistrAppTest.java:19)
at java.base/java.util.concurrent.FutureTask.run(FutureTask.java:264)
at java.base/java.util.concurrent.ThreadPoolExecutor.runWorker(ThreadPoolExecutor.java:1128)
at java.base/java.util.concurrent.ThreadPoolExecutor$Worker.run(ThreadPoolExecutor.java:628)
at java.base/java.lang.Thread.run(Thread.java:834)
... Removed 10 stack frames]]>
    </failure>
  </testcase> <!-- testCase1 -->
  <testcase classname="register.RegistrAppTest" name="testCase1" time="0.057">
    <failure type="register.InvalidInformationException" message="invalid information!">
      <![CDATA[register.InvalidInformationException: invalid information!
at register.RegistrApp.validation(RegistrApp.java:35)
at register.RegistrAppTest.generic(RegistrAppTest.java:31)
at register.RegistrAppTest.testCase1(RegistrAppTest.java:19)
at java.base/java.util.concurrent.FutureTask.run(FutureTask.java:264)
at java.base/java.util.concurrent.ThreadPoolExecutor.runWorker(ThreadPoolExecutor.java:1128)
at java.base/java.util.concurrent.ThreadPoolExecutor$Worker.run(ThreadPoolExecutor.java:628)
at java.base/java.lang.Thread.run(Thread.java:834)
... Removed 10 stack frames]]>
    </failure>
  </testcase> <!-- testCase1 -->
  <testcase classname="register.RegistrAppTest" name="testCase1" time="0.064">
    <failure type="register.InvalidInformationException" message="invalid information!">
      <![CDATA[register.InvalidInformationException: invalid information!
at register.RegistrApp.validation(RegistrApp.java:35)
at register.RegistrAppTest.generic(RegistrAppTest.java:31)
at register.RegistrAppTest.testCase1(RegistrAppTest.java:19)
at java.base/java.util.concurrent.FutureTask.run(FutureTask.java:264)
at java.base/java.util.concurrent.ThreadPoolExecutor.runWorker(ThreadPoolExecutor.java:1128)
at java.base/java.util.concurrent.ThreadPoolExecutor$Worker.run(ThreadPoolExecutor.java:628)
at java.base/java.lang.Thread.run(Thread.java:834)
... Removed 10 stack frames]]>
    </failure>
  </testcase> <!-- testCase1 -->
  <testcase classname="register.RegistrAppTest" name="testCase1" time="0.073">
    <failure type="register.InvalidInformationException" message="invalid information!">
      <![CDATA[register.InvalidInformationException: invalid information!
at register.RegistrApp.validation(RegistrApp.java:35)
at register.RegistrAppTest.generic(RegistrAppTest.java:31)
at register.RegistrAppTest.testCase1(RegistrAppTest.java:19)
at java.base/java.util.concurrent.FutureTask.run(FutureTask.java:264)
at java.base/java.util.concurrent.ThreadPoolExecutor.runWorker(ThreadPoolExecutor.java:1128)
at java.base/java.util.concurrent.ThreadPoolExecutor$Worker.run(ThreadPoolExecutor.java:628)
at java.base/java.lang.Thread.run(Thread.java:834)
... Removed 10 stack frames]]>
    </failure>
  </testcase> <!-- testCase1 -->
  <testcase classname="register.RegistrAppTest" name="testCase1" time="0.083">
    <failure type="register.InvalidInformationException" message="invalid information!">
      <![CDATA[register.InvalidInformationException: invalid information!
at register.RegistrApp.validation(RegistrApp.java:35)
at register.RegistrAppTest.generic(RegistrAppTest.java:31)
at register.RegistrAppTest.testCase1(RegistrAppTest.java:19)
at java.base/java.util.concurrent.FutureTask.run(FutureTask.java:264)
at java.base/java.util.concurrent.ThreadPoolExecutor.runWorker(ThreadPoolExecutor.java:1128)
at java.base/java.util.concurrent.ThreadPoolExecutor$Worker.run(ThreadPoolExecutor.java:628)
at java.base/java.lang.Thread.run(Thread.java:834)
... Removed 10 stack frames]]>
    </failure>
  </testcase> <!-- testCase1 -->
  <testcase classname="register.RegistrAppTest" name="testCase1" time="0.09">
    <failure type="register.InvalidInformationException" message="invalid information!">
      <![CDATA[register.InvalidInformationException: invalid information!
at register.RegistrApp.validation(RegistrApp.java:35)
at register.RegistrAppTest.generic(RegistrAppTest.java:31)
at register.RegistrAppTest.testCase1(RegistrAppTest.java:19)
at java.base/java.util.concurrent.FutureTask.run(FutureTask.java:264)
at java.base/java.util.concurrent.ThreadPoolExecutor.runWorker(ThreadPoolExecutor.java:1128)
at java.base/java.util.concurrent.ThreadPoolExecutor$Worker.run(ThreadPoolExecutor.java:628)
at java.base/java.lang.Thread.run(Thread.java:834)
... Removed 10 stack frames]]>
    </failure>
  </testcase> <!-- testCase1 -->
  <testcase classname="register.RegistrAppTest" name="testCase1" time="0.096">
    <failure type="register.InvalidInformationException" message="invalid information!">
      <![CDATA[register.InvalidInformationException: invalid information!
at register.RegistrApp.validation(RegistrApp.java:35)
at register.RegistrAppTest.generic(RegistrAppTest.java:31)
at register.RegistrAppTest.testCase1(RegistrAppTest.java:19)
at java.base/java.util.concurrent.FutureTask.run(FutureTask.java:264)
at java.base/java.util.concurrent.ThreadPoolExecutor.runWorker(ThreadPoolExecutor.java:1128)
at java.base/java.util.concurrent.ThreadPoolExecutor$Worker.run(ThreadPoolExecutor.java:628)
at java.base/java.lang.Thread.run(Thread.java:834)
... Removed 10 stack frames]]>
    </failure>
  </testcase> <!-- testCase1 -->
  <testcase classname="register.RegistrAppTest" name="testCase1" time="0.103">
    <failure type="register.InvalidInformationException" message="invalid information!">
      <![CDATA[register.InvalidInformationException: invalid information!
at register.RegistrApp.validation(RegistrApp.java:35)
at register.RegistrAppTest.generic(RegistrAppTest.java:31)
at register.RegistrAppTest.testCase1(RegistrAppTest.java:19)
at java.base/java.util.concurrent.FutureTask.run(FutureTask.java:264)
at java.base/java.util.concurrent.ThreadPoolExecutor.runWorker(ThreadPoolExecutor.java:1128)
at java.base/java.util.concurrent.ThreadPoolExecutor$Worker.run(ThreadPoolExecutor.java:628)
at java.base/java.lang.Thread.run(Thread.java:834)
... Removed 10 stack frames]]>
    </failure>
  </testcase> <!-- testCase1 -->
  <testcase classname="register.RegistrAppTest" name="testCase1" time="0.106">
    <failure type="register.InvalidInformationException" message="invalid information!">
      <![CDATA[register.InvalidInformationException: invalid information!
at register.RegistrApp.validation(RegistrApp.java:35)
at register.RegistrAppTest.generic(RegistrAppTest.java:31)
at register.RegistrAppTest.testCase1(RegistrAppTest.java:19)
at java.base/java.util.concurrent.FutureTask.run(FutureTask.java:264)
at java.base/java.util.concurrent.ThreadPoolExecutor.runWorker(ThreadPoolExecutor.java:1128)
at java.base/java.util.concurrent.ThreadPoolExecutor$Worker.run(ThreadPoolExecutor.java:628)
at java.base/java.lang.Thread.run(Thread.java:834)
... Removed 10 stack frames]]>
    </failure>
  </testcase> <!-- testCase1 -->
  <testcase classname="register.RegistrAppTest" name="testCase1" time="0.112">
    <failure type="register.InvalidInformationException" message="invalid information!">
      <![CDATA[register.InvalidInformationException: invalid information!
at register.RegistrApp.validation(RegistrApp.java:35)
at register.RegistrAppTest.generic(RegistrAppTest.java:31)
at register.RegistrAppTest.testCase1(RegistrAppTest.java:19)
at java.base/java.util.concurrent.FutureTask.run(FutureTask.java:264)
at java.base/java.util.concurrent.ThreadPoolExecutor.runWorker(ThreadPoolExecutor.java:1128)
at java.base/java.util.concurrent.ThreadPoolExecutor$Worker.run(ThreadPoolExecutor.java:628)
at java.base/java.lang.Thread.run(Thread.java:834)
... Removed 10 stack frames]]>
    </failure>
  </testcase> <!-- testCase1 -->
  <testcase classname="register.RegistrAppTest" name="testCase1" time="0.123">
    <failure type="register.InvalidInformationException" message="invalid information!">
      <![CDATA[register.InvalidInformationException: invalid information!
at register.RegistrApp.validation(RegistrApp.java:35)
at register.RegistrAppTest.generic(RegistrAppTest.java:31)
at register.RegistrAppTest.testCase1(RegistrAppTest.java:19)
at java.base/java.util.concurrent.FutureTask.run(FutureTask.java:264)
at java.base/java.util.concurrent.ThreadPoolExecutor.runWorker(ThreadPoolExecutor.java:1128)
at java.base/java.util.concurrent.ThreadPoolExecutor$Worker.run(ThreadPoolExecutor.java:628)
at java.base/java.lang.Thread.run(Thread.java:834)
... Removed 10 stack frames]]>
    </failure>
  </testcase> <!-- testCase1 -->
  <testcase classname="register.RegistrAppTest" name="testCase1" time="0.133">
    <failure type="register.InvalidInformationException" message="invalid information!">
      <![CDATA[register.InvalidInformationException: invalid information!
at register.RegistrApp.validation(RegistrApp.java:35)
at register.RegistrAppTest.generic(RegistrAppTest.java:31)
at register.RegistrAppTest.testCase1(RegistrAppTest.java:19)
at java.base/java.util.concurrent.FutureTask.run(FutureTask.java:264)
at java.base/java.util.concurrent.ThreadPoolExecutor.runWorker(ThreadPoolExecutor.java:1128)
at java.base/java.util.concurrent.ThreadPoolExecutor$Worker.run(ThreadPoolExecutor.java:628)
at java.base/java.lang.Thread.run(Thread.java:834)
... Removed 10 stack frames]]>
    </failure>
  </testcase> <!-- testCase1 -->
  <testcase classname="register.RegistrAppTest" name="testCase1" time="0.138">
    <failure type="register.InvalidInformationException" message="invalid information!">
      <![CDATA[register.InvalidInformationException: invalid information!
at register.RegistrApp.validation(RegistrApp.java:35)
at register.RegistrAppTest.generic(RegistrAppTest.java:31)
at register.RegistrAppTest.testCase1(RegistrAppTest.java:19)
at java.base/java.util.concurrent.FutureTask.run(FutureTask.java:264)
at java.base/java.util.concurrent.ThreadPoolExecutor.runWorker(ThreadPoolExecutor.java:1128)
at java.base/java.util.concurrent.ThreadPoolExecutor$Worker.run(ThreadPoolExecutor.java:628)
at java.base/java.lang.Thread.run(Thread.java:834)
... Removed 10 stack frames]]>
    </failure>
  </testcase> <!-- testCase1 -->
  <testcase classname="register.RegistrAppTest" name="testCase1" time="0.144">
    <failure type="register.InvalidInformationException" message="invalid information!">
      <![CDATA[register.InvalidInformationException: invalid information!
at register.RegistrApp.validation(RegistrApp.java:35)
at register.RegistrAppTest.generic(RegistrAppTest.java:31)
at register.RegistrAppTest.testCase1(RegistrAppTest.java:19)
at java.base/java.util.concurrent.FutureTask.run(FutureTask.java:264)
at java.base/java.util.concurrent.ThreadPoolExecutor.runWorker(ThreadPoolExecutor.java:1128)
at java.base/java.util.concurrent.ThreadPoolExecutor$Worker.run(ThreadPoolExecutor.java:628)
at java.base/java.lang.Thread.run(Thread.java:834)
... Removed 10 stack frames]]>
    </failure>
  </testcase> <!-- testCase1 -->
  <testcase classname="register.RegistrAppTest" name="testCase1" time="0.147">
    <failure type="register.InvalidInformationException" message="invalid information!">
      <![CDATA[register.InvalidInformationException: invalid information!
at register.RegistrApp.validation(RegistrApp.java:35)
at register.RegistrAppTest.generic(RegistrAppTest.java:31)
at register.RegistrAppTest.testCase1(RegistrAppTest.java:19)
at java.base/java.util.concurrent.FutureTask.run(FutureTask.java:264)
at java.base/java.util.concurrent.ThreadPoolExecutor.runWorker(ThreadPoolExecutor.java:1128)
at java.base/java.util.concurrent.ThreadPoolExecutor$Worker.run(ThreadPoolExecutor.java:628)
at java.base/java.lang.Thread.run(Thread.java:834)
... Removed 10 stack frames]]>
    </failure>
  </testcase> <!-- testCase1 -->
  <testcase classname="register.RegistrAppTest" name="testCase1" time="0.152">
    <failure type="register.InvalidInformationException" message="invalid information!">
      <![CDATA[register.InvalidInformationException: invalid information!
at register.RegistrApp.validation(RegistrApp.java:35)
at register.RegistrAppTest.generic(RegistrAppTest.java:31)
at register.RegistrAppTest.testCase1(RegistrAppTest.java:19)
at java.base/java.util.concurrent.FutureTask.run(FutureTask.java:264)
at java.base/java.util.concurrent.ThreadPoolExecutor.runWorker(ThreadPoolExecutor.java:1128)
at java.base/java.util.concurrent.ThreadPoolExecutor$Worker.run(ThreadPoolExecutor.java:628)
at java.base/java.lang.Thread.run(Thread.java:834)
... Removed 10 stack frames]]>
    </failure>
  </testcase> <!-- testCase1 -->
  <testcase classname="register.RegistrAppTest" name="testCase1" time="0.159">
    <failure type="register.InvalidInformationException" message="invalid information!">
      <![CDATA[register.InvalidInformationException: invalid information!
at register.RegistrApp.validation(RegistrApp.java:35)
at register.RegistrAppTest.generic(RegistrAppTest.java:31)
at register.RegistrAppTest.testCase1(RegistrAppTest.java:19)
at java.base/java.util.concurrent.FutureTask.run(FutureTask.java:264)
at java.base/java.util.concurrent.ThreadPoolExecutor.runWorker(ThreadPoolExecutor.java:1128)
at java.base/java.util.concurrent.ThreadPoolExecutor$Worker.run(ThreadPoolExecutor.java:628)
at java.base/java.lang.Thread.run(Thread.java:834)
... Removed 10 stack frames]]>
    </failure>
  </testcase> <!-- testCase1 -->
  <testcase classname="register.RegistrAppTest" name="testCase1" time="0.163">
    <failure type="register.InvalidInformationException" message="invalid information!">
      <![CDATA[register.InvalidInformationException: invalid information!
at register.RegistrApp.validation(RegistrApp.java:35)
at register.RegistrAppTest.generic(RegistrAppTest.java:31)
at register.RegistrAppTest.testCase1(RegistrAppTest.java:19)
at java.base/java.util.concurrent.FutureTask.run(FutureTask.java:264)
at java.base/java.util.concurrent.ThreadPoolExecutor.runWorker(ThreadPoolExecutor.java:1128)
at java.base/java.util.concurrent.ThreadPoolExecutor$Worker.run(ThreadPoolExecutor.java:628)
at java.base/java.lang.Thread.run(Thread.java:834)
... Removed 10 stack frames]]>
    </failure>
  </testcase> <!-- testCase1 -->
  <testcase classname="register.RegistrAppTest" name="testCase1" time="0.17">
    <failure type="register.InvalidInformationException" message="invalid information!">
      <![CDATA[register.InvalidInformationException: invalid information!
at register.RegistrApp.validation(RegistrApp.java:35)
at register.RegistrAppTest.generic(RegistrAppTest.java:31)
at register.RegistrAppTest.testCase1(RegistrAppTest.java:19)
at java.base/java.util.concurrent.FutureTask.run(FutureTask.java:264)
at java.base/java.util.concurrent.ThreadPoolExecutor.runWorker(ThreadPoolExecutor.java:1128)
at java.base/java.util.concurrent.ThreadPoolExecutor$Worker.run(ThreadPoolExecutor.java:628)
at java.base/java.lang.Thread.run(Thread.java:834)
... Removed 10 stack frames]]>
    </failure>
  </testcase> <!-- testCase1 -->
  <testcase classname="register.RegistrAppTest" name="testCase1" time="0.179">
    <failure type="register.InvalidInformationException" message="invalid information!">
      <![CDATA[register.InvalidInformationException: invalid information!
at register.RegistrApp.validation(RegistrApp.java:35)
at register.RegistrAppTest.generic(RegistrAppTest.java:31)
at register.RegistrAppTest.testCase1(RegistrAppTest.java:19)
at java.base/java.util.concurrent.FutureTask.run(FutureTask.java:264)
at java.base/java.util.concurrent.ThreadPoolExecutor.runWorker(ThreadPoolExecutor.java:1128)
at java.base/java.util.concurrent.ThreadPoolExecutor$Worker.run(ThreadPoolExecutor.java:628)
at java.base/java.lang.Thread.run(Thread.java:834)
... Removed 10 stack frames]]>
    </failure>
  </testcase> <!-- testCase1 -->
  <testcase classname="register.RegistrAppTest" name="testCase1" time="0.177">
    <failure type="register.InvalidInformationException" message="invalid information!">
      <![CDATA[register.InvalidInformationException: invalid information!
at register.RegistrApp.validation(RegistrApp.java:35)
at register.RegistrAppTest.generic(RegistrAppTest.java:31)
at register.RegistrAppTest.testCase1(RegistrAppTest.java:19)
at java.base/java.util.concurrent.FutureTask.run(FutureTask.java:264)
at java.base/java.util.concurrent.ThreadPoolExecutor.runWorker(ThreadPoolExecutor.java:1128)
at java.base/java.util.concurrent.ThreadPoolExecutor$Worker.run(ThreadPoolExecutor.java:628)
at java.base/java.lang.Thread.run(Thread.java:834)
... Removed 10 stack frames]]>
    </failure>
  </testcase> <!-- testCase1 -->
  <testcase classname="register.RegistrAppTest" name="testCase1" time="0.187">
    <failure type="register.InvalidInformationException" message="invalid information!">
      <![CDATA[register.InvalidInformationException: invalid information!
at register.RegistrApp.validation(RegistrApp.java:35)
at register.RegistrAppTest.generic(RegistrAppTest.java:31)
at register.RegistrAppTest.testCase1(RegistrAppTest.java:19)
at java.base/java.util.concurrent.FutureTask.run(FutureTask.java:264)
at java.base/java.util.concurrent.ThreadPoolExecutor.runWorker(ThreadPoolExecutor.java:1128)
at java.base/java.util.concurrent.ThreadPoolExecutor$Worker.run(ThreadPoolExecutor.java:628)
at java.base/java.lang.Thread.run(Thread.java:834)
... Removed 10 stack frames]]>
    </failure>
  </testcase> <!-- testCase1 -->
  <testcase classname="register.RegistrAppTest" name="testCase1" time="0.188">
    <failure type="register.InvalidInformationException" message="invalid information!">
      <![CDATA[register.InvalidInformationException: invalid information!
at register.RegistrApp.validation(RegistrApp.java:35)
at register.RegistrAppTest.generic(RegistrAppTest.java:31)
at register.RegistrAppTest.testCase1(RegistrAppTest.java:19)
at java.base/java.util.concurrent.FutureTask.run(FutureTask.java:264)
at java.base/java.util.concurrent.ThreadPoolExecutor.runWorker(ThreadPoolExecutor.java:1128)
at java.base/java.util.concurrent.ThreadPoolExecutor$Worker.run(ThreadPoolExecutor.java:628)
at java.base/java.lang.Thread.run(Thread.java:834)
... Removed 10 stack frames]]>
    </failure>
  </testcase> <!-- testCase1 -->
  <testcase classname="register.RegistrAppTest" name="testCase1" time="0.197">
    <failure type="register.InvalidInformationException" message="invalid information!">
      <![CDATA[register.InvalidInformationException: invalid information!
at register.RegistrApp.validation(RegistrApp.java:35)
at register.RegistrAppTest.generic(RegistrAppTest.java:31)
at register.RegistrAppTest.testCase1(RegistrAppTest.java:19)
at java.base/java.util.concurrent.FutureTask.run(FutureTask.java:264)
at java.base/java.util.concurrent.ThreadPoolExecutor.runWorker(ThreadPoolExecutor.java:1128)
at java.base/java.util.concurrent.ThreadPoolExecutor$Worker.run(ThreadPoolExecutor.java:628)
at java.base/java.lang.Thread.run(Thread.java:834)
... Removed 10 stack frames]]>
    </failure>
  </testcase> <!-- testCase1 -->
  <testcase classname="register.RegistrAppTest" name="testCase1" time="0.205">
    <failure type="register.InvalidInformationException" message="invalid information!">
      <![CDATA[register.InvalidInformationException: invalid information!
at register.RegistrApp.validation(RegistrApp.java:35)
at register.RegistrAppTest.generic(RegistrAppTest.java:31)
at register.RegistrAppTest.testCase1(RegistrAppTest.java:19)
at java.base/java.util.concurrent.FutureTask.run(FutureTask.java:264)
at java.base/java.util.concurrent.ThreadPoolExecutor.runWorker(ThreadPoolExecutor.java:1128)
at java.base/java.util.concurrent.ThreadPoolExecutor$Worker.run(ThreadPoolExecutor.java:628)
at java.base/java.lang.Thread.run(Thread.java:834)
... Removed 10 stack frames]]>
    </failure>
  </testcase> <!-- testCase1 -->
  <testcase classname="register.RegistrAppTest" name="testCase1" time="0.212">
    <failure type="register.InvalidInformationException" message="invalid information!">
      <![CDATA[register.InvalidInformationException: invalid information!
at register.RegistrApp.validation(RegistrApp.java:35)
at register.RegistrAppTest.generic(RegistrAppTest.java:31)
at register.RegistrAppTest.testCase1(RegistrAppTest.java:19)
at java.base/java.util.concurrent.FutureTask.run(FutureTask.java:264)
at java.base/java.util.concurrent.ThreadPoolExecutor.runWorker(ThreadPoolExecutor.java:1128)
at java.base/java.util.concurrent.ThreadPoolExecutor$Worker.run(ThreadPoolExecutor.java:628)
at java.base/java.lang.Thread.run(Thread.java:834)
... Removed 10 stack frames]]>
    </failure>
  </testcase> <!-- testCase1 -->
  <testcase classname="register.RegistrAppTest" name="testCase1" time="0.222">
    <failure type="register.InvalidInformationException" message="invalid information!">
      <![CDATA[register.InvalidInformationException: invalid information!
at register.RegistrApp.validation(RegistrApp.java:35)
at register.RegistrAppTest.generic(RegistrAppTest.java:31)
at register.RegistrAppTest.testCase1(RegistrAppTest.java:19)
at java.base/java.util.concurrent.FutureTask.run(FutureTask.java:264)
at java.base/java.util.concurrent.ThreadPoolExecutor.runWorker(ThreadPoolExecutor.java:1128)
at java.base/java.util.concurrent.ThreadPoolExecutor$Worker.run(ThreadPoolExecutor.java:628)
at java.base/java.lang.Thread.run(Thread.java:834)
... Removed 10 stack frames]]>
    </failure>
  </testcase> <!-- testCase1 -->
  <testcase classname="register.RegistrAppTest" name="testCase1" time="0.232">
    <failure type="register.InvalidInformationException" message="invalid information!">
      <![CDATA[register.InvalidInformationException: invalid information!
at register.RegistrApp.validation(RegistrApp.java:35)
at register.RegistrAppTest.generic(RegistrAppTest.java:31)
at register.RegistrAppTest.testCase1(RegistrAppTest.java:19)
at java.base/java.util.concurrent.FutureTask.run(FutureTask.java:264)
at java.base/java.util.concurrent.ThreadPoolExecutor.runWorker(ThreadPoolExecutor.java:1128)
at java.base/java.util.concurrent.ThreadPoolExecutor$Worker.run(ThreadPoolExecutor.java:628)
at java.base/java.lang.Thread.run(Thread.java:834)
... Removed 10 stack frames]]>
    </failure>
  </testcase> <!-- testCase1 -->
  <testcase classname="register.RegistrAppTest" name="testCase1" time="0.399">
    <failure type="register.InvalidInformationException" message="invalid information!">
      <![CDATA[register.InvalidInformationException: invalid information!
at register.RegistrApp.validation(RegistrApp.java:35)
at register.RegistrAppTest.generic(RegistrAppTest.java:31)
at register.RegistrAppTest.testCase1(RegistrAppTest.java:19)
at java.base/java.util.concurrent.FutureTask.run(FutureTask.java:264)
at java.base/java.util.concurrent.ThreadPoolExecutor.runWorker(ThreadPoolExecutor.java:1128)
at java.base/java.util.concurrent.ThreadPoolExecutor$Worker.run(ThreadPoolExecutor.java:628)
at java.base/java.lang.Thread.run(Thread.java:834)
... Removed 10 stack frames]]>
    </failure>
  </testcase> <!-- testCase1 -->
  <testcase classname="register.RegistrAppTest" name="testCase1" time="0.258">
    <failure type="register.InvalidInformationException" message="invalid information!">
      <![CDATA[register.InvalidInformationException: invalid information!
at register.RegistrApp.validation(RegistrApp.java:35)
at register.RegistrAppTest.generic(RegistrAppTest.java:31)
at register.RegistrAppTest.testCase1(RegistrAppTest.java:19)
at java.base/java.util.concurrent.FutureTask.run(FutureTask.java:264)
at java.base/java.util.concurrent.ThreadPoolExecutor.runWorker(ThreadPoolExecutor.java:1128)
at java.base/java.util.concurrent.ThreadPoolExecutor$Worker.run(ThreadPoolExecutor.java:628)
at java.base/java.lang.Thread.run(Thread.java:834)
... Removed 10 stack frames]]>
    </failure>
  </testcase> <!-- testCase1 -->
  <testcase classname="register.RegistrAppTest" name="testCase1" time="0.265">
    <failure type="register.InvalidInformationException" message="invalid information!">
      <![CDATA[register.InvalidInformationException: invalid information!
at register.RegistrApp.validation(RegistrApp.java:35)
at register.RegistrAppTest.generic(RegistrAppTest.java:31)
at register.RegistrAppTest.testCase1(RegistrAppTest.java:19)
at java.base/java.util.concurrent.FutureTask.run(FutureTask.java:264)
at java.base/java.util.concurrent.ThreadPoolExecutor.runWorker(ThreadPoolExecutor.java:1128)
at java.base/java.util.concurrent.ThreadPoolExecutor$Worker.run(ThreadPoolExecutor.java:628)
at java.base/java.lang.Thread.run(Thread.java:834)
... Removed 10 stack frames]]>
    </failure>
  </testcase> <!-- testCase1 -->
  <testcase classname="register.RegistrAppTest" name="testCase1" time="0.271">
    <failure type="register.InvalidInformationException" message="invalid information!">
      <![CDATA[register.InvalidInformationException: invalid information!
at register.RegistrApp.validation(RegistrApp.java:35)
at register.RegistrAppTest.generic(RegistrAppTest.java:31)
at register.RegistrAppTest.testCase1(RegistrAppTest.java:19)
at java.base/java.util.concurrent.FutureTask.run(FutureTask.java:264)
at java.base/java.util.concurrent.ThreadPoolExecutor.runWorker(ThreadPoolExecutor.java:1128)
at java.base/java.util.concurrent.ThreadPoolExecutor$Worker.run(ThreadPoolExecutor.java:628)
at java.base/java.lang.Thread.run(Thread.java:834)
... Removed 10 stack frames]]>
    </failure>
  </testcase> <!-- testCase1 -->
  <testcase classname="register.RegistrAppTest" name="testCase1" time="0.282">
    <failure type="register.InvalidInformationException" message="invalid information!">
      <![CDATA[register.InvalidInformationException: invalid information!
at register.RegistrApp.validation(RegistrApp.java:35)
at register.RegistrAppTest.generic(RegistrAppTest.java:31)
at register.RegistrAppTest.testCase1(RegistrAppTest.java:19)
at java.base/java.util.concurrent.FutureTask.run(FutureTask.java:264)
at java.base/java.util.concurrent.ThreadPoolExecutor.runWorker(ThreadPoolExecutor.java:1128)
at java.base/java.util.concurrent.ThreadPoolExecutor$Worker.run(ThreadPoolExecutor.java:628)
at java.base/java.lang.Thread.run(Thread.java:834)
... Removed 10 stack frames]]>
    </failure>
  </testcase> <!-- testCase1 -->
  <testcase classname="register.RegistrAppTest" name="testCase1" time="0.381">
    <failure type="register.InvalidInformationException" message="invalid information!">
      <![CDATA[register.InvalidInformationException: invalid information!
at register.RegistrApp.validation(RegistrApp.java:35)
at register.RegistrAppTest.generic(RegistrAppTest.java:31)
at register.RegistrAppTest.testCase1(RegistrAppTest.java:19)
at java.base/java.util.concurrent.FutureTask.run(FutureTask.java:264)
at java.base/java.util.concurrent.ThreadPoolExecutor.runWorker(ThreadPoolExecutor.java:1128)
at java.base/java.util.concurrent.ThreadPoolExecutor$Worker.run(ThreadPoolExecutor.java:628)
at java.base/java.lang.Thread.run(Thread.java:834)
... Removed 10 stack frames]]>
    </failure>
  </testcase> <!-- testCase1 -->
  <testcase classname="register.RegistrAppTest" name="testCase1" time="0.304">
    <failure type="register.InvalidInformationException" message="invalid information!">
      <![CDATA[register.InvalidInformationException: invalid information!
at register.RegistrApp.validation(RegistrApp.java:35)
at register.RegistrAppTest.generic(RegistrAppTest.java:31)
at register.RegistrAppTest.testCase1(RegistrAppTest.java:19)
at java.base/java.util.concurrent.FutureTask.run(FutureTask.java:264)
at java.base/java.util.concurrent.ThreadPoolExecutor.runWorker(ThreadPoolExecutor.java:1128)
at java.base/java.util.concurrent.ThreadPoolExecutor$Worker.run(ThreadPoolExecutor.java:628)
at java.base/java.lang.Thread.run(Thread.java:834)
... Removed 10 stack frames]]>
    </failure>
  </testcase> <!-- testCase1 -->
  <testcase classname="register.RegistrAppTest" name="testCase1" time="0.327">
    <failure type="register.InvalidInformationException" message="invalid information!">
      <![CDATA[register.InvalidInformationException: invalid information!
at register.RegistrApp.validation(RegistrApp.java:35)
at register.RegistrAppTest.generic(RegistrAppTest.java:31)
at register.RegistrAppTest.testCase1(RegistrAppTest.java:19)
at java.base/java.util.concurrent.FutureTask.run(FutureTask.java:264)
at java.base/java.util.concurrent.ThreadPoolExecutor.runWorker(ThreadPoolExecutor.java:1128)
at java.base/java.util.concurrent.ThreadPoolExecutor$Worker.run(ThreadPoolExecutor.java:628)
at java.base/java.lang.Thread.run(Thread.java:834)
... Removed 10 stack frames]]>
    </failure>
  </testcase> <!-- testCase1 -->
  <testcase classname="register.RegistrAppTest" name="testCase1" time="0.332">
    <failure type="register.InvalidInformationException" message="invalid information!">
      <![CDATA[register.InvalidInformationException: invalid information!
at register.RegistrApp.validation(RegistrApp.java:35)
at register.RegistrAppTest.generic(RegistrAppTest.java:31)
at register.RegistrAppTest.testCase1(RegistrAppTest.java:19)
at java.base/java.util.concurrent.FutureTask.run(FutureTask.java:264)
at java.base/java.util.concurrent.ThreadPoolExecutor.runWorker(ThreadPoolExecutor.java:1128)
at java.base/java.util.concurrent.ThreadPoolExecutor$Worker.run(ThreadPoolExecutor.java:628)
at java.base/java.lang.Thread.run(Thread.java:834)
... Removed 10 stack frames]]>
    </failure>
  </testcase> <!-- testCase1 -->
  <testcase classname="register.RegistrAppTest" name="testCase1" time="0.335">
    <failure type="register.InvalidInformationException" message="invalid information!">
      <![CDATA[register.InvalidInformationException: invalid information!
at register.RegistrApp.validation(RegistrApp.java:35)
at register.RegistrAppTest.generic(RegistrAppTest.java:31)
at register.RegistrAppTest.testCase1(RegistrAppTest.java:19)
at java.base/java.util.concurrent.FutureTask.run(FutureTask.java:264)
at java.base/java.util.concurrent.ThreadPoolExecutor.runWorker(ThreadPoolExecutor.java:1128)
at java.base/java.util.concurrent.ThreadPoolExecutor$Worker.run(ThreadPoolExecutor.java:628)
at java.base/java.lang.Thread.run(Thread.java:834)
... Removed 10 stack frames]]>
    </failure>
  </testcase> <!-- testCase1 -->
  <testcase classname="register.RegistrAppTest" name="testCase1" time="0.338">
    <failure type="register.InvalidInformationException" message="invalid information!">
      <![CDATA[register.InvalidInformationException: invalid information!
at register.RegistrApp.validation(RegistrApp.java:35)
at register.RegistrAppTest.generic(RegistrAppTest.java:31)
at register.RegistrAppTest.testCase1(RegistrAppTest.java:19)
at java.base/java.util.concurrent.FutureTask.run(FutureTask.java:264)
at java.base/java.util.concurrent.ThreadPoolExecutor.runWorker(ThreadPoolExecutor.java:1128)
at java.base/java.util.concurrent.ThreadPoolExecutor$Worker.run(ThreadPoolExecutor.java:628)
at java.base/java.lang.Thread.run(Thread.java:834)
... Removed 10 stack frames]]>
    </failure>
  </testcase> <!-- testCase1 -->
  <testcase classname="register.RegistrAppTest" name="testCase1" time="0.341">
    <failure type="register.InvalidInformationException" message="invalid information!">
      <![CDATA[register.InvalidInformationException: invalid information!
at register.RegistrApp.validation(RegistrApp.java:35)
at register.RegistrAppTest.generic(RegistrAppTest.java:31)
at register.RegistrAppTest.testCase1(RegistrAppTest.java:19)
at java.base/java.util.concurrent.FutureTask.run(FutureTask.java:264)
at java.base/java.util.concurrent.ThreadPoolExecutor.runWorker(ThreadPoolExecutor.java:1128)
at java.base/java.util.concurrent.ThreadPoolExecutor$Worker.run(ThreadPoolExecutor.java:628)
at java.base/java.lang.Thread.run(Thread.java:834)
... Removed 10 stack frames]]>
    </failure>
  </testcase> <!-- testCase1 -->
  <testcase classname="register.RegistrAppTest" name="testCase1" time="0.346">
    <failure type="register.InvalidInformationException" message="invalid information!">
      <![CDATA[register.InvalidInformationException: invalid information!
at register.RegistrApp.validation(RegistrApp.java:35)
at register.RegistrAppTest.generic(RegistrAppTest.java:31)
at register.RegistrAppTest.testCase1(RegistrAppTest.java:19)
at java.base/java.util.concurrent.FutureTask.run(FutureTask.java:264)
at java.base/java.util.concurrent.ThreadPoolExecutor.runWorker(ThreadPoolExecutor.java:1128)
at java.base/java.util.concurrent.ThreadPoolExecutor$Worker.run(ThreadPoolExecutor.java:628)
at java.base/java.lang.Thread.run(Thread.java:834)
... Removed 10 stack frames]]>
    </failure>
  </testcase> <!-- testCase1 -->
  <testcase classname="register.RegistrAppTest" name="testCase1" time="0.351">
    <failure type="register.InvalidInformationException" message="invalid information!">
      <![CDATA[register.InvalidInformationException: invalid information!
at register.RegistrApp.validation(RegistrApp.java:35)
at register.RegistrAppTest.generic(RegistrAppTest.java:31)
at register.RegistrAppTest.testCase1(RegistrAppTest.java:19)
at java.base/java.util.concurrent.FutureTask.run(FutureTask.java:264)
at java.base/java.util.concurrent.ThreadPoolExecutor.runWorker(ThreadPoolExecutor.java:1128)
at java.base/java.util.concurrent.ThreadPoolExecutor$Worker.run(ThreadPoolExecutor.java:628)
at java.base/java.lang.Thread.run(Thread.java:834)
... Removed 10 stack frames]]>
    </failure>
  </testcase> <!-- testCase1 -->
  <testcase classname="register.RegistrAppTest" name="testCase1" time="0.362">
    <failure type="register.InvalidInformationException" message="invalid information!">
      <![CDATA[register.InvalidInformationException: invalid information!
at register.RegistrApp.validation(RegistrApp.java:35)
at register.RegistrAppTest.generic(RegistrAppTest.java:31)
at register.RegistrAppTest.testCase1(RegistrAppTest.java:19)
at java.base/java.util.concurrent.FutureTask.run(FutureTask.java:264)
at java.base/java.util.concurrent.ThreadPoolExecutor.runWorker(ThreadPoolExecutor.java:1128)
at java.base/java.util.concurrent.ThreadPoolExecutor$Worker.run(ThreadPoolExecutor.java:628)
at java.base/java.lang.Thread.run(Thread.java:834)
... Removed 10 stack frames]]>
    </failure>
  </testcase> <!-- testCase1 -->
  <testcase classname="register.RegistrAppTest" name="testCase1" time="0.375">
    <failure type="register.InvalidInformationException" message="invalid information!">
      <![CDATA[register.InvalidInformationException: invalid information!
at register.RegistrApp.validation(RegistrApp.java:35)
at register.RegistrAppTest.generic(RegistrAppTest.java:31)
at register.RegistrAppTest.testCase1(RegistrAppTest.java:19)
at java.base/java.util.concurrent.FutureTask.run(FutureTask.java:264)
at java.base/java.util.concurrent.ThreadPoolExecutor.runWorker(ThreadPoolExecutor.java:1128)
at java.base/java.util.concurrent.ThreadPoolExecutor$Worker.run(ThreadPoolExecutor.java:628)
at java.base/java.lang.Thread.run(Thread.java:834)
... Removed 10 stack frames]]>
    </failure>
  </testcase> <!-- testCase1 -->
  <testcase classname="register.RegistrAppTest" name="testCase1" time="0.36">
    <failure type="register.InvalidInformationException" message="invalid information!">
      <![CDATA[register.InvalidInformationException: invalid information!
at register.RegistrApp.validation(RegistrApp.java:35)
at register.RegistrAppTest.generic(RegistrAppTest.java:31)
at register.RegistrAppTest.testCase1(RegistrAppTest.java:19)
at java.base/java.util.concurrent.FutureTask.run(FutureTask.java:264)
at java.base/java.util.concurrent.ThreadPoolExecutor.runWorker(ThreadPoolExecutor.java:1128)
at java.base/java.util.concurrent.ThreadPoolExecutor$Worker.run(ThreadPoolExecutor.java:628)
at java.base/java.lang.Thread.run(Thread.java:834)
... Removed 10 stack frames]]>
    </failure>
  </testcase> <!-- testCase1 -->
  <testcase classname="register.RegistrAppTest" name="testCase1" time="0.368">
    <failure type="register.InvalidInformationException" message="invalid information!">
      <![CDATA[register.InvalidInformationException: invalid information!
at register.RegistrApp.validation(RegistrApp.java:35)
at register.RegistrAppTest.generic(RegistrAppTest.java:31)
at register.RegistrAppTest.testCase1(RegistrAppTest.java:19)
at java.base/java.util.concurrent.FutureTask.run(FutureTask.java:264)
at java.base/java.util.concurrent.ThreadPoolExecutor.runWorker(ThreadPoolExecutor.java:1128)
at java.base/java.util.concurrent.ThreadPoolExecutor$Worker.run(ThreadPoolExecutor.java:628)
at java.base/java.lang.Thread.run(Thread.java:834)
... Removed 10 stack frames]]>
    </failure>
  </testcase> <!-- testCase1 -->
  <testcase classname="register.RegistrAppTest" name="testCase1" time="0.382">
    <failure type="register.InvalidInformationException" message="invalid information!">
      <![CDATA[register.InvalidInformationException: invalid information!
at register.RegistrApp.validation(RegistrApp.java:35)
at register.RegistrAppTest.generic(RegistrAppTest.java:31)
at register.RegistrAppTest.testCase1(RegistrAppTest.java:19)
at java.base/java.util.concurrent.FutureTask.run(FutureTask.java:264)
at java.base/java.util.concurrent.ThreadPoolExecutor.runWorker(ThreadPoolExecutor.java:1128)
at java.base/java.util.concurrent.ThreadPoolExecutor$Worker.run(ThreadPoolExecutor.java:628)
at java.base/java.lang.Thread.run(Thread.java:834)
... Removed 10 stack frames]]>
    </failure>
  </testcase> <!-- testCase1 -->
  <testcase classname="register.RegistrAppTest" name="testCase1" time="0.383">
    <failure type="register.InvalidInformationException" message="invalid information!">
      <![CDATA[register.InvalidInformationException: invalid information!
at register.RegistrApp.validation(RegistrApp.java:35)
at register.RegistrAppTest.generic(RegistrAppTest.java:31)
at register.RegistrAppTest.testCase1(RegistrAppTest.java:19)
at java.base/java.util.concurrent.FutureTask.run(FutureTask.java:264)
at java.base/java.util.concurrent.ThreadPoolExecutor.runWorker(ThreadPoolExecutor.java:1128)
at java.base/java.util.concurrent.ThreadPoolExecutor$Worker.run(ThreadPoolExecutor.java:628)
at java.base/java.lang.Thread.run(Thread.java:834)
... Removed 10 stack frames]]>
    </failure>
  </testcase> <!-- testCase1 -->
  <testcase classname="register.RegistrAppTest" name="testCase1" time="0.376">
    <failure type="register.InvalidInformationException" message="invalid information!">
      <![CDATA[register.InvalidInformationException: invalid information!
at register.RegistrApp.validation(RegistrApp.java:35)
at register.RegistrAppTest.generic(RegistrAppTest.java:31)
at register.RegistrAppTest.testCase1(RegistrAppTest.java:19)
at java.base/java.util.concurrent.FutureTask.run(FutureTask.java:264)
at java.base/java.util.concurrent.ThreadPoolExecutor.runWorker(ThreadPoolExecutor.java:1128)
at java.base/java.util.concurrent.ThreadPoolExecutor$Worker.run(ThreadPoolExecutor.java:628)
at java.base/java.lang.Thread.run(Thread.java:834)
... Removed 10 stack frames]]>
    </failure>
  </testcase> <!-- testCase1 -->
  <testcase classname="register.RegistrAppTest" name="testCase1" time="0.38">
    <failure type="register.InvalidInformationException" message="invalid information!">
      <![CDATA[register.InvalidInformationException: invalid information!
at register.RegistrApp.validation(RegistrApp.java:35)
at register.RegistrAppTest.generic(RegistrAppTest.java:31)
at register.RegistrAppTest.testCase1(RegistrAppTest.java:19)
at java.base/java.util.concurrent.FutureTask.run(FutureTask.java:264)
at java.base/java.util.concurrent.ThreadPoolExecutor.runWorker(ThreadPoolExecutor.java:1128)
at java.base/java.util.concurrent.ThreadPoolExecutor$Worker.run(ThreadPoolExecutor.java:628)
at java.base/java.lang.Thread.run(Thread.java:834)
... Removed 10 stack frames]]>
    </failure>
  </testcase> <!-- testCase1 -->
  <testcase classname="register.RegistrAppTest" name="testCase1" time="0.386">
    <failure type="register.InvalidInformationException" message="invalid information!">
      <![CDATA[register.InvalidInformationException: invalid information!
at register.RegistrApp.validation(RegistrApp.java:35)
at register.RegistrAppTest.generic(RegistrAppTest.java:31)
at register.RegistrAppTest.testCase1(RegistrAppTest.java:19)
at java.base/java.util.concurrent.FutureTask.run(FutureTask.java:264)
at java.base/java.util.concurrent.ThreadPoolExecutor.runWorker(ThreadPoolExecutor.java:1128)
at java.base/java.util.concurrent.ThreadPoolExecutor$Worker.run(ThreadPoolExecutor.java:628)
at java.base/java.lang.Thread.run(Thread.java:834)
... Removed 10 stack frames]]>
    </failure>
  </testcase> <!-- testCase1 -->
  <testcase classname="register.RegistrAppTest" name="testCase1" time="0.385">
    <failure type="register.InvalidInformationException" message="invalid information!">
      <![CDATA[register.InvalidInformationException: invalid information!
at register.RegistrApp.validation(RegistrApp.java:35)
at register.RegistrAppTest.generic(RegistrAppTest.java:31)
at register.RegistrAppTest.testCase1(RegistrAppTest.java:19)
at java.base/java.util.concurrent.FutureTask.run(FutureTask.java:264)
at java.base/java.util.concurrent.ThreadPoolExecutor.runWorker(ThreadPoolExecutor.java:1128)
at java.base/java.util.concurrent.ThreadPoolExecutor$Worker.run(ThreadPoolExecutor.java:628)
at java.base/java.lang.Thread.run(Thread.java:834)
... Removed 10 stack frames]]>
    </failure>
  </testcase> <!-- testCase1 -->
  <testcase classname="register.RegistrAppTest" name="testCase1" time="0.395">
    <failure type="register.InvalidInformationException" message="invalid information!">
      <![CDATA[register.InvalidInformationException: invalid information!
at register.RegistrApp.validation(RegistrApp.java:35)
at register.RegistrAppTest.generic(RegistrAppTest.java:31)
at register.RegistrAppTest.testCase1(RegistrAppTest.java:19)
at java.base/java.util.concurrent.FutureTask.run(FutureTask.java:264)
at java.base/java.util.concurrent.ThreadPoolExecutor.runWorker(ThreadPoolExecutor.java:1128)
at java.base/java.util.concurrent.ThreadPoolExecutor$Worker.run(ThreadPoolExecutor.java:628)
at java.base/java.lang.Thread.run(Thread.java:834)
... Removed 10 stack frames]]>
    </failure>
  </testcase> <!-- testCase1 -->
  <testcase classname="register.RegistrAppTest" name="testCase1" time="0.394">
    <failure type="register.InvalidInformationException" message="invalid information!">
      <![CDATA[register.InvalidInformationException: invalid information!
at register.RegistrApp.validation(RegistrApp.java:35)
at register.RegistrAppTest.generic(RegistrAppTest.java:31)
at register.RegistrAppTest.testCase1(RegistrAppTest.java:19)
at java.base/java.util.concurrent.FutureTask.run(FutureTask.java:264)
at java.base/java.util.concurrent.ThreadPoolExecutor.runWorker(ThreadPoolExecutor.java:1128)
at java.base/java.util.concurrent.ThreadPoolExecutor$Worker.run(ThreadPoolExecutor.java:628)
at java.base/java.lang.Thread.run(Thread.java:834)
... Removed 10 stack frames]]>
    </failure>
  </testcase> <!-- testCase1 -->
  <testcase classname="register.RegistrAppTest" name="testCase1" time="0.4">
    <failure type="register.InvalidInformationException" message="invalid information!">
      <![CDATA[register.InvalidInformationException: invalid information!
at register.RegistrApp.validation(RegistrApp.java:35)
at register.RegistrAppTest.generic(RegistrAppTest.java:31)
at register.RegistrAppTest.testCase1(RegistrAppTest.java:19)
at java.base/java.util.concurrent.FutureTask.run(FutureTask.java:264)
at java.base/java.util.concurrent.ThreadPoolExecutor.runWorker(ThreadPoolExecutor.java:1128)
at java.base/java.util.concurrent.ThreadPoolExecutor$Worker.run(ThreadPoolExecutor.java:628)
at java.base/java.lang.Thread.run(Thread.java:834)
... Removed 10 stack frames]]>
    </failure>
  </testcase> <!-- testCase1 -->
  <testcase classname="register.RegistrAppTest" name="testCase1" time="0.406">
    <failure type="register.InvalidInformationException" message="invalid information!">
      <![CDATA[register.InvalidInformationException: invalid information!
at register.RegistrApp.validation(RegistrApp.java:35)
at register.RegistrAppTest.generic(RegistrAppTest.java:31)
at register.RegistrAppTest.testCase1(RegistrAppTest.java:19)
at java.base/java.util.concurrent.FutureTask.run(FutureTask.java:264)
at java.base/java.util.concurrent.ThreadPoolExecutor.runWorker(ThreadPoolExecutor.java:1128)
at java.base/java.util.concurrent.ThreadPoolExecutor$Worker.run(ThreadPoolExecutor.java:628)
at java.base/java.lang.Thread.run(Thread.java:834)
... Removed 10 stack frames]]>
    </failure>
  </testcase> <!-- testCase1 -->
  <testcase classname="register.RegistrAppTest" name="testCase1" time="0.408">
    <failure type="register.InvalidInformationException" message="invalid information!">
      <![CDATA[register.InvalidInformationException: invalid information!
at register.RegistrApp.validation(RegistrApp.java:35)
at register.RegistrAppTest.generic(RegistrAppTest.java:31)
at register.RegistrAppTest.testCase1(RegistrAppTest.java:19)
at java.base/java.util.concurrent.FutureTask.run(FutureTask.java:264)
at java.base/java.util.concurrent.ThreadPoolExecutor.runWorker(ThreadPoolExecutor.java:1128)
at java.base/java.util.concurrent.ThreadPoolExecutor$Worker.run(ThreadPoolExecutor.java:628)
at java.base/java.lang.Thread.run(Thread.java:834)
... Removed 10 stack frames]]>
    </failure>
  </testcase> <!-- testCase1 -->
  <testcase classname="register.RegistrAppTest" name="testCase1" time="0.416">
    <failure type="register.InvalidInformationException" message="invalid information!">
      <![CDATA[register.InvalidInformationException: invalid information!
at register.RegistrApp.validation(RegistrApp.java:35)
at register.RegistrAppTest.generic(RegistrAppTest.java:31)
at register.RegistrAppTest.testCase1(RegistrAppTest.java:19)
at java.base/java.util.concurrent.FutureTask.run(FutureTask.java:264)
at java.base/java.util.concurrent.ThreadPoolExecutor.runWorker(ThreadPoolExecutor.java:1128)
at java.base/java.util.concurrent.ThreadPoolExecutor$Worker.run(ThreadPoolExecutor.java:628)
at java.base/java.lang.Thread.run(Thread.java:834)
... Removed 10 stack frames]]>
    </failure>
  </testcase> <!-- testCase1 -->
  <testcase classname="register.RegistrAppTest" name="testCase1" time="0.462">
    <failure type="register.InvalidInformationException" message="invalid information!">
      <![CDATA[register.InvalidInformationException: invalid information!
at register.RegistrApp.validation(RegistrApp.java:35)
at register.RegistrAppTest.generic(RegistrAppTest.java:31)
at register.RegistrAppTest.testCase1(RegistrAppTest.java:19)
at java.base/java.util.concurrent.FutureTask.run(FutureTask.java:264)
at java.base/java.util.concurrent.ThreadPoolExecutor.runWorker(ThreadPoolExecutor.java:1128)
at java.base/java.util.concurrent.ThreadPoolExecutor$Worker.run(ThreadPoolExecutor.java:628)
at java.base/java.lang.Thread.run(Thread.java:834)
... Removed 10 stack frames]]>
    </failure>
  </testcase> <!-- testCase1 -->
  <testcase classname="register.RegistrAppTest" name="testCase1" time="0.468">
    <failure type="register.InvalidInformationException" message="invalid information!">
      <![CDATA[register.InvalidInformationException: invalid information!
at register.RegistrApp.validation(RegistrApp.java:35)
at register.RegistrAppTest.generic(RegistrAppTest.java:31)
at register.RegistrAppTest.testCase1(RegistrAppTest.java:19)
at java.base/java.util.concurrent.FutureTask.run(FutureTask.java:264)
at java.base/java.util.concurrent.ThreadPoolExecutor.runWorker(ThreadPoolExecutor.java:1128)
at java.base/java.util.concurrent.ThreadPoolExecutor$Worker.run(ThreadPoolExecutor.java:628)
at java.base/java.lang.Thread.run(Thread.java:834)
... Removed 10 stack frames]]>
    </failure>
  </testcase> <!-- testCase1 -->
  <testcase classname="register.RegistrAppTest" name="testCase1" time="0.471">
    <failure type="register.InvalidInformationException" message="invalid information!">
      <![CDATA[register.InvalidInformationException: invalid information!
at register.RegistrApp.validation(RegistrApp.java:35)
at register.RegistrAppTest.generic(RegistrAppTest.java:31)
at register.RegistrAppTest.testCase1(RegistrAppTest.java:19)
at java.base/java.util.concurrent.FutureTask.run(FutureTask.java:264)
at java.base/java.util.concurrent.ThreadPoolExecutor.runWorker(ThreadPoolExecutor.java:1128)
at java.base/java.util.concurrent.ThreadPoolExecutor$Worker.run(ThreadPoolExecutor.java:628)
at java.base/java.lang.Thread.run(Thread.java:834)
... Removed 10 stack frames]]>
    </failure>
  </testcase> <!-- testCase1 -->
  <testcase classname="register.RegistrAppTest" name="testCase1" time="0.482">
    <failure type="register.InvalidInformationException" message="invalid information!">
      <![CDATA[register.InvalidInformationException: invalid information!
at register.RegistrApp.validation(RegistrApp.java:35)
at register.RegistrAppTest.generic(RegistrAppTest.java:31)
at register.RegistrAppTest.testCase1(RegistrAppTest.java:19)
at java.base/java.util.concurrent.FutureTask.run(FutureTask.java:264)
at java.base/java.util.concurrent.ThreadPoolExecutor.runWorker(ThreadPoolExecutor.java:1128)
at java.base/java.util.concurrent.ThreadPoolExecutor$Worker.run(ThreadPoolExecutor.java:628)
at java.base/java.lang.Thread.run(Thread.java:834)
... Removed 10 stack frames]]>
    </failure>
  </testcase> <!-- testCase1 -->
  <testcase classname="register.RegistrAppTest" name="testCase1" time="0.48">
    <failure type="register.InvalidInformationException" message="invalid information!">
      <![CDATA[register.InvalidInformationException: invalid information!
at register.RegistrApp.validation(RegistrApp.java:35)
at register.RegistrAppTest.generic(RegistrAppTest.java:31)
at register.RegistrAppTest.testCase1(RegistrAppTest.java:19)
at java.base/java.util.concurrent.FutureTask.run(FutureTask.java:264)
at java.base/java.util.concurrent.ThreadPoolExecutor.runWorker(ThreadPoolExecutor.java:1128)
at java.base/java.util.concurrent.ThreadPoolExecutor$Worker.run(ThreadPoolExecutor.java:628)
at java.base/java.lang.Thread.run(Thread.java:834)
... Removed 10 stack frames]]>
    </failure>
  </testcase> <!-- testCase1 -->
  <testcase classname="register.RegistrAppTest" name="testCase1" time="0.488">
    <failure type="register.InvalidInformationException" message="invalid information!">
      <![CDATA[register.InvalidInformationException: invalid information!
at register.RegistrApp.validation(RegistrApp.java:35)
at register.RegistrAppTest.generic(RegistrAppTest.java:31)
at register.RegistrAppTest.testCase1(RegistrAppTest.java:19)
at java.base/java.util.concurrent.FutureTask.run(FutureTask.java:264)
at java.base/java.util.concurrent.ThreadPoolExecutor.runWorker(ThreadPoolExecutor.java:1128)
at java.base/java.util.concurrent.ThreadPoolExecutor$Worker.run(ThreadPoolExecutor.java:628)
at java.base/java.lang.Thread.run(Thread.java:834)
... Removed 10 stack frames]]>
    </failure>
  </testcase> <!-- testCase1 -->
  <testcase classname="register.RegistrAppTest" name="testCase1" time="0.496">
    <failure type="register.InvalidInformationException" message="invalid information!">
      <![CDATA[register.InvalidInformationException: invalid information!
at register.RegistrApp.validation(RegistrApp.java:35)
at register.RegistrAppTest.generic(RegistrAppTest.java:31)
at register.RegistrAppTest.testCase1(RegistrAppTest.java:19)
at java.base/java.util.concurrent.FutureTask.run(FutureTask.java:264)
at java.base/java.util.concurrent.ThreadPoolExecutor.runWorker(ThreadPoolExecutor.java:1128)
at java.base/java.util.concurrent.ThreadPoolExecutor$Worker.run(ThreadPoolExecutor.java:628)
at java.base/java.lang.Thread.run(Thread.java:834)
... Removed 10 stack frames]]>
    </failure>
  </testcase> <!-- testCase1 -->
  <testcase classname="register.RegistrAppTest" name="testCase1" time="0.494">
    <failure type="register.InvalidInformationException" message="invalid information!">
      <![CDATA[register.InvalidInformationException: invalid information!
at register.RegistrApp.validation(RegistrApp.java:35)
at register.RegistrAppTest.generic(RegistrAppTest.java:31)
at register.RegistrAppTest.testCase1(RegistrAppTest.java:19)
at java.base/java.util.concurrent.FutureTask.run(FutureTask.java:264)
at java.base/java.util.concurrent.ThreadPoolExecutor.runWorker(ThreadPoolExecutor.java:1128)
at java.base/java.util.concurrent.ThreadPoolExecutor$Worker.run(ThreadPoolExecutor.java:628)
at java.base/java.lang.Thread.run(Thread.java:834)
... Removed 10 stack frames]]>
    </failure>
  </testcase> <!-- testCase1 -->
  <testcase classname="register.RegistrAppTest" name="testCase1" time="0.5">
    <failure type="register.InvalidInformationException" message="invalid information!">
      <![CDATA[register.InvalidInformationException: invalid information!
at register.RegistrApp.validation(RegistrApp.java:35)
at register.RegistrAppTest.generic(RegistrAppTest.java:31)
at register.RegistrAppTest.testCase1(RegistrAppTest.java:19)
at java.base/java.util.concurrent.FutureTask.run(FutureTask.java:264)
at java.base/java.util.concurrent.ThreadPoolExecutor.runWorker(ThreadPoolExecutor.java:1128)
at java.base/java.util.concurrent.ThreadPoolExecutor$Worker.run(ThreadPoolExecutor.java:628)
at java.base/java.lang.Thread.run(Thread.java:834)
... Removed 10 stack frames]]>
    </failure>
  </testcase> <!-- testCase1 -->
  <testcase classname="register.RegistrAppTest" name="testCase1" time="0.507">
    <failure type="register.InvalidInformationException" message="invalid information!">
      <![CDATA[register.InvalidInformationException: invalid information!
at register.RegistrApp.validation(RegistrApp.java:35)
at register.RegistrAppTest.generic(RegistrAppTest.java:31)
at register.RegistrAppTest.testCase1(RegistrAppTest.java:19)
at java.base/java.util.concurrent.FutureTask.run(FutureTask.java:264)
at java.base/java.util.concurrent.ThreadPoolExecutor.runWorker(ThreadPoolExecutor.java:1128)
at java.base/java.util.concurrent.ThreadPoolExecutor$Worker.run(ThreadPoolExecutor.java:628)
at java.base/java.lang.Thread.run(Thread.java:834)
... Removed 10 stack frames]]>
    </failure>
  </testcase> <!-- testCase1 -->
  <testcase classname="register.RegistrAppTest" name="testCase1" time="0.575">
    <failure type="register.InvalidInformationException" message="invalid information!">
      <![CDATA[register.InvalidInformationException: invalid information!
at register.RegistrApp.validation(RegistrApp.java:35)
at register.RegistrAppTest.generic(RegistrAppTest.java:31)
at register.RegistrAppTest.testCase1(RegistrAppTest.java:19)
at java.base/java.util.concurrent.FutureTask.run(FutureTask.java:264)
at java.base/java.util.concurrent.ThreadPoolExecutor.runWorker(ThreadPoolExecutor.java:1128)
at java.base/java.util.concurrent.ThreadPoolExecutor$Worker.run(ThreadPoolExecutor.java:628)
at java.base/java.lang.Thread.run(Thread.java:834)
... Removed 11 stack frames]]>
    </failure>
  </testcase> <!-- testCase1 -->
  <testcase classname="register.RegistrAppTest" name="testCase1" time="0.574">
    <failure type="register.InvalidInformationException" message="invalid information!">
      <![CDATA[register.InvalidInformationException: invalid information!
at register.RegistrApp.validation(RegistrApp.java:35)
at register.RegistrAppTest.generic(RegistrAppTest.java:31)
at register.RegistrAppTest.testCase1(RegistrAppTest.java:19)
at java.base/java.util.concurrent.FutureTask.run(FutureTask.java:264)
at java.base/java.util.concurrent.ThreadPoolExecutor.runWorker(ThreadPoolExecutor.java:1128)
at java.base/java.util.concurrent.ThreadPoolExecutor$Worker.run(ThreadPoolExecutor.java:628)
at java.base/java.lang.Thread.run(Thread.java:834)
... Removed 11 stack frames]]>
    </failure>
  </testcase> <!-- testCase1 -->
  <testcase classname="register.RegistrAppTest" name="testCase1" time="0.517">
    <failure type="register.InvalidInformationException" message="invalid information!">
      <![CDATA[register.InvalidInformationException: invalid information!
at register.RegistrApp.validation(RegistrApp.java:35)
at register.RegistrAppTest.generic(RegistrAppTest.java:31)
at register.RegistrAppTest.testCase1(RegistrAppTest.java:19)
at java.base/java.util.concurrent.FutureTask.run(FutureTask.java:264)
at java.base/java.util.concurrent.ThreadPoolExecutor.runWorker(ThreadPoolExecutor.java:1128)
at java.base/java.util.concurrent.ThreadPoolExecutor$Worker.run(ThreadPoolExecutor.java:628)
at java.base/java.lang.Thread.run(Thread.java:834)
... Removed 10 stack frames]]>
    </failure>
  </testcase> <!-- testCase1 -->
  <testcase classname="register.RegistrAppTest" name="testCase1" time="0.57">
    <failure type="register.InvalidInformationException" message="invalid information!">
      <![CDATA[register.InvalidInformationException: invalid information!
at register.RegistrApp.validation(RegistrApp.java:35)
at register.RegistrAppTest.generic(RegistrAppTest.java:31)
at register.RegistrAppTest.testCase1(RegistrAppTest.java:19)
at java.base/java.util.concurrent.FutureTask.run(FutureTask.java:264)
at java.base/java.util.concurrent.ThreadPoolExecutor.runWorker(ThreadPoolExecutor.java:1128)
at java.base/java.util.concurrent.ThreadPoolExecutor$Worker.run(ThreadPoolExecutor.java:628)
at java.base/java.lang.Thread.run(Thread.java:834)
... Removed 10 stack frames]]>
    </failure>
  </testcase> <!-- testCase1 -->
  <testcase classname="register.RegistrAppTest" name="testCase1" time="0.578">
    <failure type="register.InvalidInformationException" message="invalid information!">
      <![CDATA[register.InvalidInformationException: invalid information!
at register.RegistrApp.validation(RegistrApp.java:35)
at register.RegistrAppTest.generic(RegistrAppTest.java:31)
at register.RegistrAppTest.testCase1(RegistrAppTest.java:19)
at java.base/java.util.concurrent.FutureTask.run(FutureTask.java:264)
at java.base/java.util.concurrent.ThreadPoolExecutor.runWorker(ThreadPoolExecutor.java:1128)
at java.base/java.util.concurrent.ThreadPoolExecutor$Worker.run(ThreadPoolExecutor.java:628)
at java.base/java.lang.Thread.run(Thread.java:834)
... Removed 11 stack frames]]>
    </failure>
  </testcase> <!-- testCase1 -->
  <testcase classname="register.RegistrAppTest" name="testCase1" time="0.585">
    <failure type="register.InvalidInformationException" message="invalid information!">
      <![CDATA[register.InvalidInformationException: invalid information!
at register.RegistrApp.validation(RegistrApp.java:35)
at register.RegistrAppTest.generic(RegistrAppTest.java:31)
at register.RegistrAppTest.testCase1(RegistrAppTest.java:19)
at java.base/java.util.concurrent.FutureTask.run(FutureTask.java:264)
at java.base/java.util.concurrent.ThreadPoolExecutor.runWorker(ThreadPoolExecutor.java:1128)
at java.base/java.util.concurrent.ThreadPoolExecutor$Worker.run(ThreadPoolExecutor.java:628)
at java.base/java.lang.Thread.run(Thread.java:834)
... Removed 11 stack frames]]>
    </failure>
  </testcase> <!-- testCase1 -->
  <testcase classname="register.RegistrAppTest" name="testCase1" time="0.587">
    <failure type="register.InvalidInformationException" message="invalid information!">
      <![CDATA[register.InvalidInformationException: invalid information!
at register.RegistrApp.validation(RegistrApp.java:35)
at register.RegistrAppTest.generic(RegistrAppTest.java:31)
at register.RegistrAppTest.testCase1(RegistrAppTest.java:19)
at java.base/java.util.concurrent.FutureTask.run(FutureTask.java:264)
at java.base/java.util.concurrent.ThreadPoolExecutor.runWorker(ThreadPoolExecutor.java:1128)
at java.base/java.util.concurrent.ThreadPoolExecutor$Worker.run(ThreadPoolExecutor.java:628)
at java.base/java.lang.Thread.run(Thread.java:834)
... Removed 11 stack frames]]>
    </failure>
  </testcase> <!-- testCase1 -->
  <testcase classname="register.RegistrAppTest" name="testCase1" time="0.528">
    <failure type="register.InvalidInformationException" message="invalid information!">
      <![CDATA[register.InvalidInformationException: invalid information!
at register.RegistrApp.validation(RegistrApp.java:35)
at register.RegistrAppTest.generic(RegistrAppTest.java:31)
at register.RegistrAppTest.testCase1(RegistrAppTest.java:19)
at java.base/java.util.concurrent.FutureTask.run(FutureTask.java:264)
at java.base/java.util.concurrent.ThreadPoolExecutor.runWorker(ThreadPoolExecutor.java:1128)
at java.base/java.util.concurrent.ThreadPoolExecutor$Worker.run(ThreadPoolExecutor.java:628)
at java.base/java.lang.Thread.run(Thread.java:834)
... Removed 10 stack frames]]>
    </failure>
  </testcase> <!-- testCase1 -->
  <testcase classname="register.RegistrAppTest" name="testCase1" time="0.593">
    <failure type="register.InvalidInformationException" message="invalid information!">
      <![CDATA[register.InvalidInformationException: invalid information!
at register.RegistrApp.validation(RegistrApp.java:35)
at register.RegistrAppTest.generic(RegistrAppTest.java:31)
at register.RegistrAppTest.testCase1(RegistrAppTest.java:19)
at java.base/java.util.concurrent.FutureTask.run(FutureTask.java:264)
at java.base/java.util.concurrent.ThreadPoolExecutor.runWorker(ThreadPoolExecutor.java:1128)
at java.base/java.util.concurrent.ThreadPoolExecutor$Worker.run(ThreadPoolExecutor.java:628)
at java.base/java.lang.Thread.run(Thread.java:834)
... Removed 11 stack frames]]>
    </failure>
  </testcase> <!-- testCase1 -->
  <testcase classname="register.RegistrAppTest" name="testCase1" time="0.596">
    <failure type="register.InvalidInformationException" message="invalid information!">
      <![CDATA[register.InvalidInformationException: invalid information!
at register.RegistrApp.validation(RegistrApp.java:35)
at register.RegistrAppTest.generic(RegistrAppTest.java:31)
at register.RegistrAppTest.testCase1(RegistrAppTest.java:19)
at java.base/java.util.concurrent.FutureTask.run(FutureTask.java:264)
at java.base/java.util.concurrent.ThreadPoolExecutor.runWorker(ThreadPoolExecutor.java:1128)
at java.base/java.util.concurrent.ThreadPoolExecutor$Worker.run(ThreadPoolExecutor.java:628)
at java.base/java.lang.Thread.run(Thread.java:834)
... Removed 11 stack frames]]>
    </failure>
  </testcase> <!-- testCase1 -->
  <testcase classname="register.RegistrAppTest" name="testCase1" time="0.601">
    <failure type="register.InvalidInformationException" message="invalid information!">
      <![CDATA[register.InvalidInformationException: invalid information!
at register.RegistrApp.validation(RegistrApp.java:35)
at register.RegistrAppTest.generic(RegistrAppTest.java:31)
at register.RegistrAppTest.testCase1(RegistrAppTest.java:19)
at java.base/java.util.concurrent.FutureTask.run(FutureTask.java:264)
at java.base/java.util.concurrent.ThreadPoolExecutor.runWorker(ThreadPoolExecutor.java:1128)
at java.base/java.util.concurrent.ThreadPoolExecutor$Worker.run(ThreadPoolExecutor.java:628)
at java.base/java.lang.Thread.run(Thread.java:834)
... Removed 11 stack frames]]>
    </failure>
  </testcase> <!-- testCase1 -->
  <testcase classname="register.RegistrAppTest" name="testCase1" time="0.538">
    <failure type="register.InvalidInformationException" message="invalid information!">
      <![CDATA[register.InvalidInformationException: invalid information!
at register.RegistrApp.validation(RegistrApp.java:35)
at register.RegistrAppTest.generic(RegistrAppTest.java:31)
at register.RegistrAppTest.testCase1(RegistrAppTest.java:19)
at java.base/java.util.concurrent.FutureTask.run(FutureTask.java:264)
at java.base/java.util.concurrent.ThreadPoolExecutor.runWorker(ThreadPoolExecutor.java:1128)
at java.base/java.util.concurrent.ThreadPoolExecutor$Worker.run(ThreadPoolExecutor.java:628)
at java.base/java.lang.Thread.run(Thread.java:834)
... Removed 10 stack frames]]>
    </failure>
  </testcase> <!-- testCase1 -->
  <testcase classname="register.RegistrAppTest" name="testCase1" time="0.544">
    <failure type="register.InvalidInformationException" message="invalid information!">
      <![CDATA[register.InvalidInformationException: invalid information!
at register.RegistrApp.validation(RegistrApp.java:35)
at register.RegistrAppTest.generic(RegistrAppTest.java:31)
at register.RegistrAppTest.testCase1(RegistrAppTest.java:19)
at java.base/java.util.concurrent.FutureTask.run(FutureTask.java:264)
at java.base/java.util.concurrent.ThreadPoolExecutor.runWorker(ThreadPoolExecutor.java:1128)
at java.base/java.util.concurrent.ThreadPoolExecutor$Worker.run(ThreadPoolExecutor.java:628)
at java.base/java.lang.Thread.run(Thread.java:834)
... Removed 10 stack frames]]>
    </failure>
  </testcase> <!-- testCase1 -->
  <testcase classname="register.RegistrAppTest" name="testCase1" time="0.676">
    <failure type="register.InvalidInformationException" message="invalid information!">
      <![CDATA[register.InvalidInformationException: invalid information!
at register.RegistrApp.validation(RegistrApp.java:35)
at register.RegistrAppTest.generic(RegistrAppTest.java:31)
at register.RegistrAppTest.testCase1(RegistrAppTest.java:19)
at java.base/java.util.concurrent.FutureTask.run(FutureTask.java:264)
at java.base/java.util.concurrent.ThreadPoolExecutor.runWorker(ThreadPoolExecutor.java:1128)
at java.base/java.util.concurrent.ThreadPoolExecutor$Worker.run(ThreadPoolExecutor.java:628)
at java.base/java.lang.Thread.run(Thread.java:834)
... Removed 11 stack frames]]>
    </failure>
  </testcase> <!-- testCase1 -->
  <testcase classname="register.RegistrAppTest" name="testCase1" time="0.608">
    <failure type="register.InvalidInformationException" message="invalid information!">
      <![CDATA[register.InvalidInformationException: invalid information!
at register.RegistrApp.validation(RegistrApp.java:35)
at register.RegistrAppTest.generic(RegistrAppTest.java:31)
at register.RegistrAppTest.testCase1(RegistrAppTest.java:19)
at java.base/java.util.concurrent.FutureTask.run(FutureTask.java:264)
at java.base/java.util.concurrent.ThreadPoolExecutor.runWorker(ThreadPoolExecutor.java:1128)
at java.base/java.util.concurrent.ThreadPoolExecutor$Worker.run(ThreadPoolExecutor.java:628)
at java.base/java.lang.Thread.run(Thread.java:834)
... Removed 11 stack frames]]>
    </failure>
  </testcase> <!-- testCase1 -->
  <testcase classname="register.RegistrAppTest" name="testCase1" time="0.677">
    <failure type="register.InvalidInformationException" message="invalid information!">
      <![CDATA[register.InvalidInformationException: invalid information!
at register.RegistrApp.validation(RegistrApp.java:35)
at register.RegistrAppTest.generic(RegistrAppTest.java:31)
at register.RegistrAppTest.testCase1(RegistrAppTest.java:19)
at java.base/java.util.concurrent.FutureTask.run(FutureTask.java:264)
at java.base/java.util.concurrent.ThreadPoolExecutor.runWorker(ThreadPoolExecutor.java:1128)
at java.base/java.util.concurrent.ThreadPoolExecutor$Worker.run(ThreadPoolExecutor.java:628)
at java.base/java.lang.Thread.run(Thread.java:834)
... Removed 11 stack frames]]>
    </failure>
  </testcase> <!-- testCase1 -->
  <testcase classname="register.RegistrAppTest" name="testCase1" time="0.684">
    <failure type="register.InvalidInformationException" message="invalid information!">
      <![CDATA[register.InvalidInformationException: invalid information!
at register.RegistrApp.validation(RegistrApp.java:35)
at register.RegistrAppTest.generic(RegistrAppTest.java:31)
at register.RegistrAppTest.testCase1(RegistrAppTest.java:19)
at java.base/java.util.concurrent.FutureTask.run(FutureTask.java:264)
at java.base/java.util.concurrent.ThreadPoolExecutor.runWorker(ThreadPoolExecutor.java:1128)
at java.base/java.util.concurrent.ThreadPoolExecutor$Worker.run(ThreadPoolExecutor.java:628)
at java.base/java.lang.Thread.run(Thread.java:834)
... Removed 11 stack frames]]>
    </failure>
  </testcase> <!-- testCase1 -->
  <testcase classname="register.RegistrAppTest" name="testCase1" time="0.556">
    <failure type="register.InvalidInformationException" message="invalid information!">
      <![CDATA[register.InvalidInformationException: invalid information!
at register.RegistrApp.validation(RegistrApp.java:35)
at register.RegistrAppTest.generic(RegistrAppTest.java:31)
at register.RegistrAppTest.testCase1(RegistrAppTest.java:19)
at java.base/java.util.concurrent.FutureTask.run(FutureTask.java:264)
at java.base/java.util.concurrent.ThreadPoolExecutor.runWorker(ThreadPoolExecutor.java:1128)
at java.base/java.util.concurrent.ThreadPoolExecutor$Worker.run(ThreadPoolExecutor.java:628)
at java.base/java.lang.Thread.run(Thread.java:834)
... Removed 10 stack frames]]>
    </failure>
  </testcase> <!-- testCase1 -->
  <testcase classname="register.RegistrAppTest" name="testCase1" time="0.69">
    <failure type="register.InvalidInformationException" message="invalid information!">
      <![CDATA[register.InvalidInformationException: invalid information!
at register.RegistrApp.validation(RegistrApp.java:35)
at register.RegistrAppTest.generic(RegistrAppTest.java:31)
at register.RegistrAppTest.testCase1(RegistrAppTest.java:19)
at java.base/java.util.concurrent.FutureTask.run(FutureTask.java:264)
at java.base/java.util.concurrent.ThreadPoolExecutor.runWorker(ThreadPoolExecutor.java:1128)
at java.base/java.util.concurrent.ThreadPoolExecutor$Worker.run(ThreadPoolExecutor.java:628)
at java.base/java.lang.Thread.run(Thread.java:834)
... Removed 11 stack frames]]>
    </failure>
  </testcase> <!-- testCase1 -->
  <testcase classname="register.RegistrAppTest" name="testCase1" time="0.693">
    <failure type="register.InvalidInformationException" message="invalid information!">
      <![CDATA[register.InvalidInformationException: invalid information!
at register.RegistrApp.validation(RegistrApp.java:35)
at register.RegistrAppTest.generic(RegistrAppTest.java:31)
at register.RegistrAppTest.testCase1(RegistrAppTest.java:19)
at java.base/java.util.concurrent.FutureTask.run(FutureTask.java:264)
at java.base/java.util.concurrent.ThreadPoolExecutor.runWorker(ThreadPoolExecutor.java:1128)
at java.base/java.util.concurrent.ThreadPoolExecutor$Worker.run(ThreadPoolExecutor.java:628)
at java.base/java.lang.Thread.run(Thread.java:834)
... Removed 11 stack frames]]>
    </failure>
  </testcase> <!-- testCase1 -->
  <testcase classname="register.RegistrAppTest" name="testCase1" time="0.619">
    <failure type="register.InvalidInformationException" message="invalid information!">
      <![CDATA[register.InvalidInformationException: invalid information!
at register.RegistrApp.validation(RegistrApp.java:35)
at register.RegistrAppTest.generic(RegistrAppTest.java:31)
at register.RegistrAppTest.testCase1(RegistrAppTest.java:19)
at java.base/java.util.concurrent.FutureTask.run(FutureTask.java:264)
at java.base/java.util.concurrent.ThreadPoolExecutor.runWorker(ThreadPoolExecutor.java:1128)
at java.base/java.util.concurrent.ThreadPoolExecutor$Worker.run(ThreadPoolExecutor.java:628)
at java.base/java.lang.Thread.run(Thread.java:834)
... Removed 11 stack frames]]>
    </failure>
  </testcase> <!-- testCase1 -->
  <testcase classname="register.RegistrAppTest" name="testCase1" time="0.699">
    <failure type="register.InvalidInformationException" message="invalid information!">
      <![CDATA[register.InvalidInformationException: invalid information!
at register.RegistrApp.validation(RegistrApp.java:35)
at register.RegistrAppTest.generic(RegistrAppTest.java:31)
at register.RegistrAppTest.testCase1(RegistrAppTest.java:19)
at java.base/java.util.concurrent.FutureTask.run(FutureTask.java:264)
at java.base/java.util.concurrent.ThreadPoolExecutor.runWorker(ThreadPoolExecutor.java:1128)
at java.base/java.util.concurrent.ThreadPoolExecutor$Worker.run(ThreadPoolExecutor.java:628)
at java.base/java.lang.Thread.run(Thread.java:834)
... Removed 11 stack frames]]>
    </failure>
  </testcase> <!-- testCase1 -->
  <testcase classname="register.RegistrAppTest" name="testCase1" time="0.566">
    <failure type="register.InvalidInformationException" message="invalid information!">
      <![CDATA[register.InvalidInformationException: invalid information!
at register.RegistrApp.validation(RegistrApp.java:35)
at register.RegistrAppTest.generic(RegistrAppTest.java:31)
at register.RegistrAppTest.testCase1(RegistrAppTest.java:19)
at java.base/java.util.concurrent.FutureTask.run(FutureTask.java:264)
at java.base/java.util.concurrent.ThreadPoolExecutor.runWorker(ThreadPoolExecutor.java:1128)
at java.base/java.util.concurrent.ThreadPoolExecutor$Worker.run(ThreadPoolExecutor.java:628)
at java.base/java.lang.Thread.run(Thread.java:834)
... Removed 10 stack frames]]>
    </failure>
  </testcase> <!-- testCase1 -->
  <testcase classname="register.RegistrAppTest" name="testCase1" time="0.709">
    <failure type="register.InvalidInformationException" message="invalid information!">
      <![CDATA[register.InvalidInformationException: invalid information!
at register.RegistrApp.validation(RegistrApp.java:35)
at register.RegistrAppTest.generic(RegistrAppTest.java:31)
at register.RegistrAppTest.testCase1(RegistrAppTest.java:19)
at java.base/java.util.concurrent.FutureTask.run(FutureTask.java:264)
at java.base/java.util.concurrent.ThreadPoolExecutor.runWorker(ThreadPoolExecutor.java:1128)
at java.base/java.util.concurrent.ThreadPoolExecutor$Worker.run(ThreadPoolExecutor.java:628)
at java.base/java.lang.Thread.run(Thread.java:834)
... Removed 11 stack frames]]>
    </failure>
  </testcase> <!-- testCase1 -->
  <testcase classname="register.RegistrAppTest" name="testCase1" time="0.571">
    <failure type="register.InvalidInformationException" message="invalid information!">
      <![CDATA[register.InvalidInformationException: invalid information!
at register.RegistrApp.validation(RegistrApp.java:35)
at register.RegistrAppTest.generic(RegistrAppTest.java:31)
at register.RegistrAppTest.testCase1(RegistrAppTest.java:19)
at java.base/java.util.concurrent.FutureTask.run(FutureTask.java:264)
at java.base/java.util.concurrent.ThreadPoolExecutor.runWorker(ThreadPoolExecutor.java:1128)
at java.base/java.util.concurrent.ThreadPoolExecutor$Worker.run(ThreadPoolExecutor.java:628)
at java.base/java.lang.Thread.run(Thread.java:834)
... Removed 10 stack frames]]>
    </failure>
  </testcase> <!-- testCase1 -->
  <testcase classname="register.RegistrAppTest" name="testCase1" time="0.2">
    <failure type="register.InvalidInformationException" message="invalid information!">
      <![CDATA[register.InvalidInformationException: invalid information!
at register.RegistrApp.validation(RegistrApp.java:35)
at register.RegistrAppTest.generic(RegistrAppTest.java:31)
at register.RegistrAppTest.testCase1(RegistrAppTest.java:19)
at java.base/java.util.concurrent.FutureTask.run(FutureTask.java:264)
at java.base/java.util.concurrent.ThreadPoolExecutor.runWorker(ThreadPoolExecutor.java:1128)
at java.base/java.util.concurrent.ThreadPoolExecutor$Worker.run(ThreadPoolExecutor.java:628)
at java.base/java.lang.Thread.run(Thread.java:834)
... Removed 10 stack frames]]>
    </failure>
  </testcase> <!-- testCase1 -->
  <testcase classname="register.RegistrAppTest" name="testCase2" time="0.007">
    <failure type="org.testng.TestException" message="
Expected exception of type class register.InvalidInformationException but got java.lang.IndexOutOfBoundsException: Index 0 out of bounds for length 0">
      <![CDATA[org.testng.TestException: 
Expected exception of type class register.InvalidInformationException but got java.lang.IndexOutOfBoundsException: Index 0 out of bounds for length 0
Caused by: java.lang.IndexOutOfBoundsException: Index 0 out of bounds for length 0
at java.base/jdk.internal.util.Preconditions.outOfBounds(Preconditions.java:64)
at java.base/jdk.internal.util.Preconditions.outOfBoundsCheckIndex(Preconditions.java:70)
at java.base/jdk.internal.util.Preconditions.checkIndex(Preconditions.java:248)
at java.base/java.util.Objects.checkIndex(Objects.java:372)
at java.base/java.util.ArrayList.get(ArrayList.java:459)
at register.RegistrAppTest.readOutput(RegistrAppTest.java:42)
at register.RegistrAppTest.generic(RegistrAppTest.java:29)
at register.RegistrAppTest.testCase2(RegistrAppTest.java:24)
... 24 more
... Removed 33 stack frames]]>
    </failure>
  </testcase> <!-- testCase2 -->
</testsuite> <!-- Surefire test -->
