<?xml version="1.0" encoding="UTF-8"?>
<testsuite xmlns:xsi="http://www.w3.org/2001/XMLSchema-instance" xsi:noNamespaceSchemaLocation="https://maven.apache.org/surefire/maven-surefire-plugin/xsd/surefire-test-report.xsd" name="register.RegistrAppTest" time="3.594" tests="102" errors="0" skipped="0" failures="102">
  <properties>
[...]
</properties>
  <testcase name="testCase0" classname="register.RegistrAppTest" time="0.228">
    <failure message="invalid information!" type="register.InvalidInformationException">register.InvalidInformationException: invalid information!
	at register.RegistrAppTest.generic(RegistrAppTest.java:31)
	at register.RegistrAppTest.testCase0(RegistrAppTest.java:14)
</failure>
    <system-err><![CDATA[Oct 08, 2020 10:08:01 AM register.RegistrApp <init>
INFO: Starting regist...
]]></system-err>
  </testcase>
  <testcase name="testCase1" classname="register.RegistrAppTest" time="0.149">
    <failure message="invalid information!" type="register.InvalidInformationException">register.InvalidInformationException: invalid information!
	at register.RegistrAppTest.generic(RegistrAppTest.java:31)
	at register.RegistrAppTest.testCase1(RegistrAppTest.java:19)
</failure>
    <system-err><![CDATA[Oct 08, 2020 10:08:01 AM register.RegistrApp <init>
INFO: Starting regist...
Oct 08, 2020 10:08:02 AM register.RegistrApp <init>
INFO: Starting regist...
Oct 08, 2020 10:08:02 AM register.RegistrApp <init>
INFO: Starting regist...
]]></system-err>
  </testcase>
  <testcase name="testCase1" classname="register.RegistrAppTest" time="0.149">
    <failure message="invalid information!" type="register.InvalidInformationException">register.InvalidInformationException: invalid information!
	at register.RegistrAppTest.generic(RegistrAppTest.java:31)
	at register.RegistrAppTest.testCase1(RegistrAppTest.java:19)
</failure>
  </testcase>
  <testcase name="testCase1" classname="register.RegistrAppTest" time="0.219">
    <failure message="invalid information!" type="register.InvalidInformationException">register.InvalidInformationException: invalid information!
	at register.RegistrAppTest.generic(RegistrAppTest.java:31)
	at register.RegistrAppTest.testCase1(RegistrAppTest.java:19)
</failure>
    <system-err><![CDATA[Oct 08, 2020 10:08:02 AM register.RegistrApp <init>
INFO: Starting regist...
]]></system-err>
  </testcase>
  <testcase name="testCase1" classname="register.RegistrAppTest" time="0.22">
    <failure message="invalid information!" type="register.InvalidInformationException">register.InvalidInformationException: invalid information!
	at register.RegistrAppTest.generic(RegistrAppTest.java:31)
	at register.RegistrAppTest.testCase1(RegistrAppTest.java:19)
</failure>
  </testcase>
  <testcase name="testCase1" classname="register.RegistrAppTest" time="0.245">
    <failure message="invalid information!" type="register.InvalidInformationException">register.InvalidInformationException: invalid information!
	at register.RegistrAppTest.generic(RegistrAppTest.java:31)
	at register.RegistrAppTest.testCase1(RegistrAppTest.java:19)
</failure>
    <system-err><![CDATA[Oct 08, 2020 10:08:02 AM register.RegistrApp <init>
INFO: Starting regist...
]]></system-err>
  </testcase>
  <testcase name="testCase1" classname="register.RegistrAppTest" time="0.254">
    <failure message="invalid information!" type="register.InvalidInformationException">register.InvalidInformationException: invalid information!
	at register.RegistrAppTest.generic(RegistrAppTest.java:31)
	at register.RegistrAppTest.testCase1(RegistrAppTest.java:19)
</failure>
    <system-err><![CDATA[Oct 08, 2020 10:08:02 AM register.RegistrApp <init>
INFO: Starting regist...
]]></system-err>
  </testcase>
  <testcase name="testCase1" classname="register.RegistrAppTest" time="0.265">
    <failure message="invalid information!" type="register.InvalidInformationException">register.InvalidInformationException: invalid information!
	at register.RegistrAppTest.generic(RegistrAppTest.java:31)
	at register.RegistrAppTest.testCase1(RegistrAppTest.java:19)
</failure>
    <system-err><![CDATA[Oct 08, 2020 10:08:02 AM register.RegistrApp <init>
INFO: Starting regist...
]]></system-err>
  </testcase>
  <testcase name="testCase1" classname="register.RegistrAppTest" time="0.284">
    <failure message="invalid information!" type="register.InvalidInformationException">register.InvalidInformationException: invalid information!
	at register.RegistrAppTest.generic(RegistrAppTest.java:31)
	at register.RegistrAppTest.testCase1(RegistrAppTest.java:19)
</failure>
    <system-err><![CDATA[Oct 08, 2020 10:08:02 AM register.RegistrApp <init>
INFO: Starting regist...
]]></system-err>
  </testcase>
  <testcase name="testCase1" classname="register.RegistrAppTest" time="0.298">
    <failure message="invalid information!" type="register.InvalidInformationException">register.InvalidInformationException: invalid information!
	at register.RegistrAppTest.generic(RegistrAppTest.java:31)
	at register.RegistrAppTest.testCase1(RegistrAppTest.java:19)
</failure>
    <system-err><![CDATA[Oct 08, 2020 10:08:02 AM register.RegistrApp <init>
INFO: Starting regist...
]]></system-err>
  </testcase>
  <testcase name="testCase1" classname="register.RegistrAppTest" time="0.308">
    <failure message="invalid information!" type="register.InvalidInformationException">register.InvalidInformationException: invalid information!
	at register.RegistrAppTest.generic(RegistrAppTest.java:31)
	at register.RegistrAppTest.testCase1(RegistrAppTest.java:19)
</failure>
    <system-err><![CDATA[Oct 08, 2020 10:08:02 AM register.RegistrApp <init>
INFO: Starting regist...
]]></system-err>
  </testcase>
  <testcase name="testCase1" classname="register.RegistrAppTest" time="0.32">
    <failure message="invalid information!" type="register.InvalidInformationException">register.InvalidInformationException: invalid information!
	at register.RegistrAppTest.generic(RegistrAppTest.java:31)
	at register.RegistrAppTest.testCase1(RegistrAppTest.java:19)
</failure>
    <system-err><![CDATA[Oct 08, 2020 10:08:02 AM register.RegistrApp <init>
INFO: Starting regist...
]]></system-err>
  </testcase>
  <testcase name="testCase1" classname="register.RegistrAppTest" time="0.33">
    <failure message="invalid information!" type="register.InvalidInformationException">register.InvalidInformationException: invalid information!
	at register.RegistrAppTest.generic(RegistrAppTest.java:31)
	at register.RegistrAppTest.testCase1(RegistrAppTest.java:19)
</failure>
    <system-err><![CDATA[Oct 08, 2020 10:08:02 AM register.RegistrApp <init>
INFO: Starting regist...
]]></system-err>
  </testcase>
  <testcase name="testCase1" classname="register.RegistrAppTest" time="0.338">
    <failure message="invalid information!" type="register.InvalidInformationException">register.InvalidInformationException: invalid information!
	at register.RegistrAppTest.generic(RegistrAppTest.java:31)
	at register.RegistrAppTest.testCase1(RegistrAppTest.java:19)
</failure>
    <system-err><![CDATA[Oct 08, 2020 10:08:02 AM register.RegistrApp <init>
INFO: Starting regist...
]]></system-err>
  </testcase>
  <testcase name="testCase1" classname="register.RegistrAppTest" time="0.346">
    <failure message="invalid information!" type="register.InvalidInformationException">register.InvalidInformationException: invalid information!
	at register.RegistrAppTest.generic(RegistrAppTest.java:31)
	at register.RegistrAppTest.testCase1(RegistrAppTest.java:19)
</failure>
    <system-err><![CDATA[Oct 08, 2020 10:08:02 AM register.RegistrApp <init>
INFO: Starting regist...
]]></system-err>
  </testcase>
  <testcase name="testCase1" classname="register.RegistrAppTest" time="0.37">
    <failure message="invalid information!" type="register.InvalidInformationException">register.InvalidInformationException: invalid information!
	at register.RegistrAppTest.generic(RegistrAppTest.java:31)
	at register.RegistrAppTest.testCase1(RegistrAppTest.java:19)
</failure>
    <system-err><![CDATA[Oct 08, 2020 10:08:02 AM register.RegistrApp <init>
INFO: Starting regist...
]]></system-err>
  </testcase>
  <testcase name="testCase1" classname="register.RegistrAppTest" time="0.434">
    <failure message="invalid information!" type="register.InvalidInformationException">register.InvalidInformationException: invalid information!
	at register.RegistrAppTest.generic(RegistrAppTest.java:31)
	at register.RegistrAppTest.testCase1(RegistrAppTest.java:19)
</failure>
    <system-err><![CDATA[Oct 08, 2020 10:08:02 AM register.RegistrApp <init>
INFO: Starting regist...
]]></system-err>
  </testcase>
  <testcase name="testCase1" classname="register.RegistrAppTest" time="0.488">
    <failure message="invalid information!" type="register.InvalidInformationException">register.InvalidInformationException: invalid information!
	at register.RegistrAppTest.generic(RegistrAppTest.java:31)
	at register.RegistrAppTest.testCase1(RegistrAppTest.java:19)
</failure>
    <system-err><![CDATA[Oct 08, 2020 10:08:02 AM register.RegistrApp <init>
INFO: Starting regist...
Oct 08, 2020 10:08:02 AM register.RegistrApp <init>
INFO: Starting regist...
]]></system-err>
  </testcase>
  <testcase name="testCase1" classname="register.RegistrAppTest" time="0.488">
    <failure message="invalid information!" type="register.InvalidInformationException">register.InvalidInformationException: invalid information!
	at register.RegistrAppTest.generic(RegistrAppTest.java:31)
	at register.RegistrAppTest.testCase1(RegistrAppTest.java:19)
</failure>
  </testcase>
  <testcase name="testCase1" classname="register.RegistrAppTest" time="0.5">
    <failure message="invalid information!" type="register.InvalidInformationException">register.InvalidInformationException: invalid information!
	at register.RegistrAppTest.generic(RegistrAppTest.java:31)
	at register.RegistrAppTest.testCase1(RegistrAppTest.java:19)
</failure>
    <system-err><![CDATA[Oct 08, 2020 10:08:02 AM register.RegistrApp <init>
INFO: Starting regist...
]]></system-err>
  </testcase>
  <testcase name="testCase1" classname="register.RegistrAppTest" time="0.514">
    <failure message="invalid information!" type="register.InvalidInformationException">register.InvalidInformationException: invalid information!
	at register.RegistrAppTest.generic(RegistrAppTest.java:31)
	at register.RegistrAppTest.testCase1(RegistrAppTest.java:19)
</failure>
    <system-err><![CDATA[Oct 08, 2020 10:08:02 AM register.RegistrApp <init>
INFO: Starting regist...
]]></system-err>
  </testcase>
  <testcase name="testCase1" classname="register.RegistrAppTest" time="0.542">
    <failure message="invalid information!" type="register.InvalidInformationException">register.InvalidInformationException: invalid information!
	at register.RegistrAppTest.generic(RegistrAppTest.java:31)
	at register.RegistrAppTest.testCase1(RegistrAppTest.java:19)
</failure>
    <system-err><![CDATA[Oct 08, 2020 10:08:02 AM register.RegistrApp <init>
INFO: Starting regist...
Oct 08, 2020 10:08:02 AM register.RegistrApp <init>
INFO: Starting regist...
]]></system-err>
  </testcase>
  <testcase name="testCase1" classname="register.RegistrAppTest" time="0.542">
    <failure message="invalid information!" type="register.InvalidInformationException">register.InvalidInformationException: invalid information!
	at register.RegistrAppTest.generic(RegistrAppTest.java:31)
	at register.RegistrAppTest.testCase1(RegistrAppTest.java:19)
</failure>
  </testcase>
  <testcase name="testCase1" classname="register.RegistrAppTest" time="0.548">
    <failure message="invalid information!" type="register.InvalidInformationException">register.InvalidInformationException: invalid information!
	at register.RegistrAppTest.generic(RegistrAppTest.java:31)
	at register.RegistrAppTest.testCase1(RegistrAppTest.java:19)
</failure>
    <system-err><![CDATA[Oct 08, 2020 10:08:02 AM register.RegistrApp <init>
INFO: Starting regist...
]]></system-err>
  </testcase>
  <testcase name="testCase1" classname="register.RegistrAppTest" time="0.556">
    <failure message="invalid information!" type="register.InvalidInformationException">register.InvalidInformationException: invalid information!
	at register.RegistrAppTest.generic(RegistrAppTest.java:31)
	at register.RegistrAppTest.testCase1(RegistrAppTest.java:19)
</failure>
    <system-err><![CDATA[Oct 08, 2020 10:08:02 AM register.RegistrApp <init>
INFO: Starting regist...
]]></system-err>
  </testcase>
  <testcase name="testCase1" classname="register.RegistrAppTest" time="0.61">
    <failure message="invalid information!" type="register.InvalidInformationException">register.InvalidInformationException: invalid information!
	at register.RegistrAppTest.generic(RegistrAppTest.java:31)
	at register.RegistrAppTest.testCase1(RegistrAppTest.java:19)
</failure>
    <system-err><![CDATA[Oct 08, 2020 10:08:02 AM register.RegistrApp <init>
INFO: Starting regist...
]]></system-err>
  </testcase>
  <testcase name="testCase1" classname="register.RegistrAppTest" time="0.69">
    <failure message="invalid information!" type="register.InvalidInformationException">register.InvalidInformationException: invalid information!
	at register.RegistrAppTest.generic(RegistrAppTest.java:31)
	at register.RegistrAppTest.testCase1(RegistrAppTest.java:19)
</failure>
    <system-err><![CDATA[Oct 08, 2020 10:08:02 AM register.RegistrApp <init>
INFO: Starting regist...
Oct 08, 2020 10:08:02 AM register.RegistrApp <init>
INFO: Starting regist...
]]></system-err>
  </testcase>
  <testcase name="testCase1" classname="register.RegistrAppTest" time="0.69">
    <failure message="invalid information!" type="register.InvalidInformationException">register.InvalidInformationException: invalid information!
	at register.RegistrAppTest.generic(RegistrAppTest.java:31)
	at register.RegistrAppTest.testCase1(RegistrAppTest.java:19)
</failure>
  </testcase>
  <testcase name="testCase1" classname="register.RegistrAppTest" time="0.704">
    <failure message="invalid information!" type="register.InvalidInformationException">register.InvalidInformationException: invalid information!
	at register.RegistrAppTest.generic(RegistrAppTest.java:31)
	at register.RegistrAppTest.testCase1(RegistrAppTest.java:19)
</failure>
    <system-err><![CDATA[Oct 08, 2020 10:08:02 AM register.RegistrApp <init>
INFO: Starting regist...
]]></system-err>
  </testcase>
  <testcase name="testCase1" classname="register.RegistrAppTest" time="0.796">
    <failure message="invalid information!" type="register.InvalidInformationException">register.InvalidInformationException: invalid information!
	at register.RegistrAppTest.generic(RegistrAppTest.java:31)
	at register.RegistrAppTest.testCase1(RegistrAppTest.java:19)
</failure>
    <system-err><![CDATA[Oct 08, 2020 10:08:02 AM register.RegistrApp <init>
INFO: Starting regist...
]]></system-err>
  </testcase>
  <testcase name="testCase1" classname="register.RegistrAppTest" time="0.897">
    <failure message="invalid information!" type="register.InvalidInformationException">register.InvalidInformationException: invalid information!
	at register.RegistrAppTest.generic(RegistrAppTest.java:31)
	at register.RegistrAppTest.testCase1(RegistrAppTest.java:19)
</failure>
    <system-err><![CDATA[Oct 08, 2020 10:08:02 AM register.RegistrApp <init>
INFO: Starting regist...
]]></system-err>
  </testcase>
  <testcase name="testCase1" classname="register.RegistrAppTest" time="0.905">
    <failure message="invalid information!" type="register.InvalidInformationException">register.InvalidInformationException: invalid information!
	at register.RegistrAppTest.generic(RegistrAppTest.java:31)
	at register.RegistrAppTest.testCase1(RegistrAppTest.java:19)
</failure>
    <system-err><![CDATA[Oct 08, 2020 10:08:02 AM register.RegistrApp <init>
INFO: Starting regist...
]]></system-err>
  </testcase>
  <testcase name="testCase1" classname="register.RegistrAppTest" time="0.914">
    <failure message="invalid information!" type="register.InvalidInformationException">register.InvalidInformationException: invalid information!
	at register.RegistrAppTest.generic(RegistrAppTest.java:31)
	at register.RegistrAppTest.testCase1(RegistrAppTest.java:19)
</failure>
    <system-err><![CDATA[Oct 08, 2020 10:08:02 AM register.RegistrApp <init>
INFO: Starting regist...
]]></system-err>
  </testcase>
  <testcase name="testCase1" classname="register.RegistrAppTest" time="0.922">
    <failure message="invalid information!" type="register.InvalidInformationException">register.InvalidInformationException: invalid information!
	at register.RegistrAppTest.generic(RegistrAppTest.java:31)
	at register.RegistrAppTest.testCase1(RegistrAppTest.java:19)
</failure>
    <system-err><![CDATA[Oct 08, 2020 10:08:01 AM register.RegistrApp <init>
INFO: Starting regist...
]]></system-err>
  </testcase>
  <testcase name="testCase1" classname="register.RegistrAppTest" time="0.932">
    <failure message="invalid information!" type="register.InvalidInformationException">register.InvalidInformationException: invalid information!
	at register.RegistrAppTest.generic(RegistrAppTest.java:31)
	at register.RegistrAppTest.testCase1(RegistrAppTest.java:19)
</failure>
    <system-err><![CDATA[Oct 08, 2020 10:08:01 AM register.RegistrApp <init>
INFO: Starting regist...
]]></system-err>
  </testcase>
  <testcase name="testCase1" classname="register.RegistrAppTest" time="0.965">
    <failure message="invalid information!" type="register.InvalidInformationException">register.InvalidInformationException: invalid information!
	at register.RegistrAppTest.generic(RegistrAppTest.java:31)
	at register.RegistrAppTest.testCase1(RegistrAppTest.java:19)
</failure>
    <system-err><![CDATA[Oct 08, 2020 10:08:01 AM register.RegistrApp <init>
INFO: Starting regist...
]]></system-err>
  </testcase>
  <testcase name="testCase1" classname="register.RegistrAppTest" time="0.97">
    <failure message="invalid information!" type="register.InvalidInformationException">register.InvalidInformationException: invalid information!
	at register.RegistrAppTest.generic(RegistrAppTest.java:31)
	at register.RegistrAppTest.testCase1(RegistrAppTest.java:19)
</failure>
    <system-err><![CDATA[Oct 08, 2020 10:08:01 AM register.RegistrApp <init>
INFO: Starting regist...
]]></system-err>
  </testcase>
  <testcase name="testCase1" classname="register.RegistrAppTest" time="0.978">
    <failure message="invalid information!" type="register.InvalidInformationException">register.InvalidInformationException: invalid information!
	at register.RegistrAppTest.generic(RegistrAppTest.java:31)
	at register.RegistrAppTest.testCase1(RegistrAppTest.java:19)
</failure>
    <system-err><![CDATA[Oct 08, 2020 10:08:01 AM register.RegistrApp <init>
INFO: Starting regist...
]]></system-err>
  </testcase>
  <testcase name="testCase1" classname="register.RegistrAppTest" time="1.106">
    <failure message="invalid information!" type="register.InvalidInformationException">register.InvalidInformationException: invalid information!
	at register.RegistrAppTest.generic(RegistrAppTest.java:31)
	at register.RegistrAppTest.testCase1(RegistrAppTest.java:19)
</failure>
    <system-err><![CDATA[Oct 08, 2020 10:08:01 AM register.RegistrApp <init>
INFO: Starting regist...
]]></system-err>
  </testcase>
  <testcase name="testCase1" classname="register.RegistrAppTest" time="1.122">
    <failure message="invalid information!" type="register.InvalidInformationException">register.InvalidInformationException: invalid information!
	at register.RegistrAppTest.generic(RegistrAppTest.java:31)
	at register.RegistrAppTest.testCase1(RegistrAppTest.java:19)
</failure>
    <system-err><![CDATA[Oct 08, 2020 10:08:01 AM register.RegistrApp <init>
INFO: Starting regist...
]]></system-err>
  </testcase>
  <testcase name="testCase1" classname="register.RegistrAppTest" time="1.131">
    <failure message="invalid information!" type="register.InvalidInformationException">register.InvalidInformationException: invalid information!
	at register.RegistrAppTest.generic(RegistrAppTest.java:31)
	at register.RegistrAppTest.testCase1(RegistrAppTest.java:19)
</failure>
    <system-err><![CDATA[Oct 08, 2020 10:08:01 AM register.RegistrApp <init>
INFO: Starting regist...
]]></system-err>
  </testcase>
  <testcase name="testCase1" classname="register.RegistrAppTest" time="1.138">
    <failure message="invalid information!" type="register.InvalidInformationException">register.InvalidInformationException: invalid information!
	at register.RegistrAppTest.generic(RegistrAppTest.java:31)
	at register.RegistrAppTest.testCase1(RegistrAppTest.java:19)
</failure>
    <system-err><![CDATA[Oct 08, 2020 10:08:01 AM register.RegistrApp <init>
INFO: Starting regist...
]]></system-err>
  </testcase>
  <testcase name="testCase1" classname="register.RegistrAppTest" time="1.145">
    <failure message="invalid information!" type="register.InvalidInformationException">register.InvalidInformationException: invalid information!
	at register.RegistrAppTest.generic(RegistrAppTest.java:31)
	at register.RegistrAppTest.testCase1(RegistrAppTest.java:19)
</failure>
    <system-err><![CDATA[Oct 08, 2020 10:08:01 AM register.RegistrApp <init>
INFO: Starting regist...
]]></system-err>
  </testcase>
  <testcase name="testCase1" classname="register.RegistrAppTest" time="1.151">
    <failure message="invalid information!" type="register.InvalidInformationException">register.InvalidInformationException: invalid information!
	at register.RegistrAppTest.generic(RegistrAppTest.java:31)
	at register.RegistrAppTest.testCase1(RegistrAppTest.java:19)
</failure>
    <system-err><![CDATA[Oct 08, 2020 10:08:01 AM register.RegistrApp <init>
INFO: Starting regist...
]]></system-err>
  </testcase>
  <testcase name="testCase1" classname="register.RegistrAppTest" time="1.157">
    <failure message="invalid information!" type="register.InvalidInformationException">register.InvalidInformationException: invalid information!
	at register.RegistrAppTest.generic(RegistrAppTest.java:31)
	at register.RegistrAppTest.testCase1(RegistrAppTest.java:19)
</failure>
    <system-err><![CDATA[Oct 08, 2020 10:08:01 AM register.RegistrApp <init>
INFO: Starting regist...
]]></system-err>
  </testcase>
  <testcase name="testCase1" classname="register.RegistrAppTest" time="1.163">
    <failure message="invalid information!" type="register.InvalidInformationException">register.InvalidInformationException: invalid information!
	at register.RegistrAppTest.generic(RegistrAppTest.java:31)
	at register.RegistrAppTest.testCase1(RegistrAppTest.java:19)
</failure>
    <system-err><![CDATA[Oct 08, 2020 10:08:01 AM register.RegistrApp <init>
INFO: Starting regist...
]]></system-err>
  </testcase>
  <testcase name="testCase1" classname="register.RegistrAppTest" time="1.169">
    <failure message="invalid information!" type="register.InvalidInformationException">register.InvalidInformationException: invalid information!
	at register.RegistrAppTest.generic(RegistrAppTest.java:31)
	at register.RegistrAppTest.testCase1(RegistrAppTest.java:19)
</failure>
    <system-err><![CDATA[Oct 08, 2020 10:08:01 AM register.RegistrApp <init>
INFO: Starting regist...
]]></system-err>
  </testcase>
  <testcase name="testCase1" classname="register.RegistrAppTest" time="1.175">
    <failure message="invalid information!" type="register.InvalidInformationException">register.InvalidInformationException: invalid information!
	at register.RegistrAppTest.generic(RegistrAppTest.java:31)
	at register.RegistrAppTest.testCase1(RegistrAppTest.java:19)
</failure>
    <system-err><![CDATA[Oct 08, 2020 10:08:01 AM register.RegistrApp <init>
INFO: Starting regist...
]]></system-err>
  </testcase>
  <testcase name="testCase1" classname="register.RegistrAppTest" time="1.183">
    <failure message="invalid information!" type="register.InvalidInformationException">register.InvalidInformationException: invalid information!
	at register.RegistrAppTest.generic(RegistrAppTest.java:31)
	at register.RegistrAppTest.testCase1(RegistrAppTest.java:19)
</failure>
    <system-err><![CDATA[Oct 08, 2020 10:08:01 AM register.RegistrApp <init>
INFO: Starting regist...
]]></system-err>
  </testcase>
  <testcase name="testCase1" classname="register.RegistrAppTest" time="1.192">
    <failure message="invalid information!" type="register.InvalidInformationException">register.InvalidInformationException: invalid information!
	at register.RegistrAppTest.generic(RegistrAppTest.java:31)
	at register.RegistrAppTest.testCase1(RegistrAppTest.java:19)
</failure>
    <system-err><![CDATA[Oct 08, 2020 10:08:01 AM register.RegistrApp <init>
INFO: Starting regist...
]]></system-err>
  </testcase>
  <testcase name="testCase1" classname="register.RegistrAppTest" time="1.201">
    <failure message="invalid information!" type="register.InvalidInformationException">register.InvalidInformationException: invalid information!
	at register.RegistrAppTest.generic(RegistrAppTest.java:31)
	at register.RegistrAppTest.testCase1(RegistrAppTest.java:19)
</failure>
    <system-err><![CDATA[Oct 08, 2020 10:08:01 AM register.RegistrApp <init>
INFO: Starting regist...
]]></system-err>
  </testcase>
  <testcase name="testCase1" classname="register.RegistrAppTest" time="1.232">
    <failure message="invalid information!" type="register.InvalidInformationException">register.InvalidInformationException: invalid information!
	at register.RegistrAppTest.generic(RegistrAppTest.java:31)
	at register.RegistrAppTest.testCase1(RegistrAppTest.java:19)
</failure>
    <system-err><![CDATA[Oct 08, 2020 10:08:01 AM register.RegistrApp <init>
INFO: Starting regist...
]]></system-err>
  </testcase>
  <testcase name="testCase1" classname="register.RegistrAppTest" time="1.27">
    <failure message="invalid information!" type="register.InvalidInformationException">register.InvalidInformationException: invalid information!
	at register.RegistrAppTest.generic(RegistrAppTest.java:31)
	at register.RegistrAppTest.testCase1(RegistrAppTest.java:19)
</failure>
    <system-err><![CDATA[Oct 08, 2020 10:08:01 AM register.RegistrApp <init>
INFO: Starting regist...
]]></system-err>
  </testcase>
  <testcase name="testCase1" classname="register.RegistrAppTest" time="1.282">
    <failure message="invalid information!" type="register.InvalidInformationException">register.InvalidInformationException: invalid information!
	at register.RegistrAppTest.generic(RegistrAppTest.java:31)
	at register.RegistrAppTest.testCase1(RegistrAppTest.java:19)
</failure>
    <system-err><![CDATA[Oct 08, 2020 10:08:01 AM register.RegistrApp <init>
INFO: Starting regist...
]]></system-err>
  </testcase>
  <testcase name="testCase1" classname="register.RegistrAppTest" time="1.303">
    <failure message="invalid information!" type="register.InvalidInformationException">register.InvalidInformationException: invalid information!
	at register.RegistrAppTest.generic(RegistrAppTest.java:31)
	at register.RegistrAppTest.testCase1(RegistrAppTest.java:19)
</failure>
    <system-err><![CDATA[Oct 08, 2020 10:08:01 AM register.RegistrApp <init>
INFO: Starting regist...
]]></system-err>
  </testcase>
  <testcase name="testCase1" classname="register.RegistrAppTest" time="1.315">
    <failure message="invalid information!" type="register.InvalidInformationException">register.InvalidInformationException: invalid information!
	at register.RegistrAppTest.generic(RegistrAppTest.java:31)
	at register.RegistrAppTest.testCase1(RegistrAppTest.java:19)
</failure>
    <system-err><![CDATA[Oct 08, 2020 10:08:01 AM register.RegistrApp <init>
INFO: Starting regist...
]]></system-err>
  </testcase>
  <testcase name="testCase1" classname="register.RegistrAppTest" time="1.347">
    <failure message="invalid information!" type="register.InvalidInformationException">register.InvalidInformationException: invalid information!
	at register.RegistrAppTest.generic(RegistrAppTest.java:31)
	at register.RegistrAppTest.testCase1(RegistrAppTest.java:19)
</failure>
    <system-err><![CDATA[Oct 08, 2020 10:08:01 AM register.RegistrApp <init>
INFO: Starting regist...
]]></system-err>
  </testcase>
  <testcase name="testCase1" classname="register.RegistrAppTest" time="1.354">
    <failure message="invalid information!" type="register.InvalidInformationException">register.InvalidInformationException: invalid information!
	at register.RegistrAppTest.generic(RegistrAppTest.java:31)
	at register.RegistrAppTest.testCase1(RegistrAppTest.java:19)
</failure>
    <system-err><![CDATA[Oct 08, 2020 10:08:01 AM register.RegistrApp <init>
INFO: Starting regist...
]]></system-err>
  </testcase>
  <testcase name="testCase1" classname="register.RegistrAppTest" time="1.364">
    <failure message="invalid information!" type="register.InvalidInformationException">register.InvalidInformationException: invalid information!
	at register.RegistrAppTest.generic(RegistrAppTest.java:31)
	at register.RegistrAppTest.testCase1(RegistrAppTest.java:19)
</failure>
    <system-err><![CDATA[Oct 08, 2020 10:08:01 AM register.RegistrApp <init>
INFO: Starting regist...
]]></system-err>
  </testcase>
  <testcase name="testCase1" classname="register.RegistrAppTest" time="1.373">
    <failure message="invalid information!" type="register.InvalidInformationException">register.InvalidInformationException: invalid information!
	at register.RegistrAppTest.generic(RegistrAppTest.java:31)
	at register.RegistrAppTest.testCase1(RegistrAppTest.java:19)
</failure>
    <system-err><![CDATA[Oct 08, 2020 10:08:01 AM register.RegistrApp <init>
INFO: Starting regist...
]]></system-err>
  </testcase>
  <testcase name="testCase1" classname="register.RegistrAppTest" time="1.385">
    <failure message="invalid information!" type="register.InvalidInformationException">register.InvalidInformationException: invalid information!
	at register.RegistrAppTest.generic(RegistrAppTest.java:31)
	at register.RegistrAppTest.testCase1(RegistrAppTest.java:19)
</failure>
    <system-err><![CDATA[Oct 08, 2020 10:08:01 AM register.RegistrApp <init>
INFO: Starting regist...
]]></system-err>
  </testcase>
  <testcase name="testCase1" classname="register.RegistrAppTest" time="1.408">
    <failure message="invalid information!" type="register.InvalidInformationException">register.InvalidInformationException: invalid information!
	at register.RegistrAppTest.generic(RegistrAppTest.java:31)
	at register.RegistrAppTest.testCase1(RegistrAppTest.java:19)
</failure>
    <system-err><![CDATA[Oct 08, 2020 10:08:01 AM register.RegistrApp <init>
INFO: Starting regist...
Oct 08, 2020 10:08:01 AM register.RegistrApp <init>
INFO: Starting regist...
]]></system-err>
  </testcase>
  <testcase name="testCase1" classname="register.RegistrAppTest" time="1.408">
    <failure message="invalid information!" type="register.InvalidInformationException">register.InvalidInformationException: invalid information!
	at register.RegistrAppTest.generic(RegistrAppTest.java:31)
	at register.RegistrAppTest.testCase1(RegistrAppTest.java:19)
</failure>
  </testcase>
  <testcase name="testCase1" classname="register.RegistrAppTest" time="1.417">
    <failure message="invalid information!" type="register.InvalidInformationException">register.InvalidInformationException: invalid information!
	at register.RegistrAppTest.generic(RegistrAppTest.java:31)
	at register.RegistrAppTest.testCase1(RegistrAppTest.java:19)
</failure>
    <system-err><![CDATA[Oct 08, 2020 10:08:01 AM register.RegistrApp <init>
INFO: Starting regist...
]]></system-err>
  </testcase>
  <testcase name="testCase1" classname="register.RegistrAppTest" time="1.428">
    <failure message="invalid information!" type="register.InvalidInformationException">register.InvalidInformationException: invalid information!
	at register.RegistrAppTest.generic(RegistrAppTest.java:31)
	at register.RegistrAppTest.testCase1(RegistrAppTest.java:19)
</failure>
    <system-err><![CDATA[Oct 08, 2020 10:08:01 AM register.RegistrApp <init>
INFO: Starting regist...
]]></system-err>
  </testcase>
  <testcase name="testCase1" classname="register.RegistrAppTest" time="1.485">
    <failure message="invalid information!" type="register.InvalidInformationException">register.InvalidInformationException: invalid information!
	at register.RegistrAppTest.generic(RegistrAppTest.java:31)
	at register.RegistrAppTest.testCase1(RegistrAppTest.java:19)
</failure>
    <system-err><![CDATA[Oct 08, 2020 10:08:01 AM register.RegistrApp <init>
INFO: Starting regist...
]]></system-err>
  </testcase>
  <testcase name="testCase1" classname="register.RegistrAppTest" time="1.495">
    <failure message="invalid information!" type="register.InvalidInformationException">register.InvalidInformationException: invalid information!
	at register.RegistrAppTest.generic(RegistrAppTest.java:31)
	at register.RegistrAppTest.testCase1(RegistrAppTest.java:19)
</failure>
    <system-err><![CDATA[Oct 08, 2020 10:08:01 AM register.RegistrApp <init>
INFO: Starting regist...
]]></system-err>
  </testcase>
  <testcase name="testCase1" classname="register.RegistrAppTest" time="1.513">
    <failure message="invalid information!" type="register.InvalidInformationException">register.InvalidInformationException: invalid information!
	at register.RegistrAppTest.generic(RegistrAppTest.java:31)
	at register.RegistrAppTest.testCase1(RegistrAppTest.java:19)
</failure>
    <system-err><![CDATA[Oct 08, 2020 10:08:01 AM register.RegistrApp <init>
INFO: Starting regist...
]]></system-err>
  </testcase>
  <testcase name="testCase1" classname="register.RegistrAppTest" time="1.529">
    <failure message="invalid information!" type="register.InvalidInformationException">register.InvalidInformationException: invalid information!
	at register.RegistrAppTest.generic(RegistrAppTest.java:31)
	at register.RegistrAppTest.testCase1(RegistrAppTest.java:19)
</failure>
    <system-err><![CDATA[Oct 08, 2020 10:08:01 AM register.RegistrApp <init>
INFO: Starting regist...
]]></system-err>
  </testcase>
  <testcase name="testCase1" classname="register.RegistrAppTest" time="1.536">
    <failure message="invalid information!" type="register.InvalidInformationException">register.InvalidInformationException: invalid information!
	at register.RegistrAppTest.generic(RegistrAppTest.java:31)
	at register.RegistrAppTest.testCase1(RegistrAppTest.java:19)
</failure>
    <system-err><![CDATA[Oct 08, 2020 10:08:01 AM register.RegistrApp <init>
INFO: Starting regist...
]]></system-err>
  </testcase>
  <testcase name="testCase1" classname="register.RegistrAppTest" time="1.543">
    <failure message="invalid information!" type="register.InvalidInformationException">register.InvalidInformationException: invalid information!
	at register.RegistrAppTest.generic(RegistrAppTest.java:31)
	at register.RegistrAppTest.testCase1(RegistrAppTest.java:19)
</failure>
    <system-err><![CDATA[Oct 08, 2020 10:08:01 AM register.RegistrApp <init>
INFO: Starting regist...
]]></system-err>
  </testcase>
  <testcase name="testCase1" classname="register.RegistrAppTest" time="1.552">
    <failure message="invalid information!" type="register.InvalidInformationException">register.InvalidInformationException: invalid information!
	at register.RegistrAppTest.generic(RegistrAppTest.java:31)
	at register.RegistrAppTest.testCase1(RegistrAppTest.java:19)
</failure>
    <system-err><![CDATA[Oct 08, 2020 10:08:01 AM register.RegistrApp <init>
INFO: Starting regist...
]]></system-err>
  </testcase>
  <testcase name="testCase1" classname="register.RegistrAppTest" time="1.559">
    <failure message="invalid information!" type="register.InvalidInformationException">register.InvalidInformationException: invalid information!
	at register.RegistrAppTest.generic(RegistrAppTest.java:31)
	at register.RegistrAppTest.testCase1(RegistrAppTest.java:19)
</failure>
    <system-err><![CDATA[Oct 08, 2020 10:08:01 AM register.RegistrApp <init>
INFO: Starting regist...
]]></system-err>
  </testcase>
  <testcase name="testCase1" classname="register.RegistrAppTest" time="1.566">
    <failure message="invalid information!" type="register.InvalidInformationException">register.InvalidInformationException: invalid information!
	at register.RegistrAppTest.generic(RegistrAppTest.java:31)
	at register.RegistrAppTest.testCase1(RegistrAppTest.java:19)
</failure>
    <system-err><![CDATA[Oct 08, 2020 10:08:01 AM register.RegistrApp <init>
INFO: Starting regist...
]]></system-err>
  </testcase>
  <testcase name="testCase1" classname="register.RegistrAppTest" time="1.573">
    <failure message="invalid information!" type="register.InvalidInformationException">register.InvalidInformationException: invalid information!
	at register.RegistrAppTest.generic(RegistrAppTest.java:31)
	at register.RegistrAppTest.testCase1(RegistrAppTest.java:19)
</failure>
    <system-err><![CDATA[Oct 08, 2020 10:08:01 AM register.RegistrApp <init>
INFO: Starting regist...
]]></system-err>
  </testcase>
  <testcase name="testCase1" classname="register.RegistrAppTest" time="1.588">
    <failure message="invalid information!" type="register.InvalidInformationException">register.InvalidInformationException: invalid information!
	at register.RegistrAppTest.generic(RegistrAppTest.java:31)
	at register.RegistrAppTest.testCase1(RegistrAppTest.java:19)
</failure>
    <system-err><![CDATA[Oct 08, 2020 10:08:01 AM register.RegistrApp <init>
INFO: Starting regist...
Oct 08, 2020 10:08:01 AM register.RegistrApp <init>
INFO: Starting regist...
]]></system-err>
  </testcase>
  <testcase name="testCase1" classname="register.RegistrAppTest" time="1.588">
    <failure message="invalid information!" type="register.InvalidInformationException">register.InvalidInformationException: invalid information!
	at register.RegistrAppTest.generic(RegistrAppTest.java:31)
	at register.RegistrAppTest.testCase1(RegistrAppTest.java:19)
</failure>
  </testcase>
  <testcase name="testCase1" classname="register.RegistrAppTest" time="1.595">
    <failure message="invalid information!" type="register.InvalidInformationException">register.InvalidInformationException: invalid information!
	at register.RegistrAppTest.generic(RegistrAppTest.java:31)
	at register.RegistrAppTest.testCase1(RegistrAppTest.java:19)
</failure>
    <system-err><![CDATA[Oct 08, 2020 10:08:01 AM register.RegistrApp <init>
INFO: Starting regist...
]]></system-err>
  </testcase>
  <testcase name="testCase1" classname="register.RegistrAppTest" time="1.602">
    <failure message="invalid information!" type="register.InvalidInformationException">register.InvalidInformationException: invalid information!
	at register.RegistrAppTest.generic(RegistrAppTest.java:31)
	at register.RegistrAppTest.testCase1(RegistrAppTest.java:19)
</failure>
    <system-err><![CDATA[Oct 08, 2020 10:08:01 AM register.RegistrApp <init>
INFO: Starting regist...
]]></system-err>
  </testcase>
  <testcase name="testCase1" classname="register.RegistrAppTest" time="1.608">
    <failure message="invalid information!" type="register.InvalidInformationException">register.InvalidInformationException: invalid information!
	at register.RegistrAppTest.generic(RegistrAppTest.java:31)
	at register.RegistrAppTest.testCase1(RegistrAppTest.java:19)
</failure>
    <system-err><![CDATA[Oct 08, 2020 10:08:01 AM register.RegistrApp <init>
INFO: Starting regist...
]]></system-err>
  </testcase>
  <testcase name="testCase1" classname="register.RegistrAppTest" time="1.615">
    <failure message="invalid information!" type="register.InvalidInformationException">register.InvalidInformationException: invalid information!
	at register.RegistrAppTest.generic(RegistrAppTest.java:31)
	at register.RegistrAppTest.testCase1(RegistrAppTest.java:19)
</failure>
    <system-err><![CDATA[Oct 08, 2020 10:08:01 AM register.RegistrApp <init>
INFO: Starting regist...
]]></system-err>
  </testcase>
  <testcase name="testCase1" classname="register.RegistrAppTest" time="1.622">
    <failure message="invalid information!" type="register.InvalidInformationException">register.InvalidInformationException: invalid information!
	at register.RegistrAppTest.generic(RegistrAppTest.java:31)
	at register.RegistrAppTest.testCase1(RegistrAppTest.java:19)
</failure>
    <system-err><![CDATA[Oct 08, 2020 10:08:01 AM register.RegistrApp <init>
INFO: Starting regist...
]]></system-err>
  </testcase>
  <testcase name="testCase1" classname="register.RegistrAppTest" time="1.628">
    <failure message="invalid information!" type="register.InvalidInformationException">register.InvalidInformationException: invalid information!
	at register.RegistrAppTest.generic(RegistrAppTest.java:31)
	at register.RegistrAppTest.testCase1(RegistrAppTest.java:19)
</failure>
    <system-err><![CDATA[Oct 08, 2020 10:08:01 AM register.RegistrApp <init>
INFO: Starting regist...
]]></system-err>
  </testcase>
  <testcase name="testCase1" classname="register.RegistrAppTest" time="1.634">
    <failure message="invalid information!" type="register.InvalidInformationException">register.InvalidInformationException: invalid information!
	at register.RegistrAppTest.generic(RegistrAppTest.java:31)
	at register.RegistrAppTest.testCase1(RegistrAppTest.java:19)
</failure>
    <system-err><![CDATA[Oct 08, 2020 10:08:01 AM register.RegistrApp <init>
INFO: Starting regist...
]]></system-err>
  </testcase>
  <testcase name="testCase1" classname="register.RegistrAppTest" time="1.639">
    <failure message="invalid information!" type="register.InvalidInformationException">register.InvalidInformationException: invalid information!
	at register.RegistrAppTest.generic(RegistrAppTest.java:31)
	at register.RegistrAppTest.testCase1(RegistrAppTest.java:19)
</failure>
    <system-err><![CDATA[Oct 08, 2020 10:08:01 AM register.RegistrApp <init>
INFO: Starting regist...
]]></system-err>
  </testcase>
  <testcase name="testCase1" classname="register.RegistrAppTest" time="1.645">
    <failure message="invalid information!" type="register.InvalidInformationException">register.InvalidInformationException: invalid information!
	at register.RegistrAppTest.generic(RegistrAppTest.java:31)
	at register.RegistrAppTest.testCase1(RegistrAppTest.java:19)
</failure>
    <system-err><![CDATA[Oct 08, 2020 10:08:01 AM register.RegistrApp <init>
INFO: Starting regist...
]]></system-err>
  </testcase>
  <testcase name="testCase1" classname="register.RegistrAppTest" time="1.655">
    <failure message="invalid information!" type="register.InvalidInformationException">register.InvalidInformationException: invalid information!
	at register.RegistrAppTest.generic(RegistrAppTest.java:31)
	at register.RegistrAppTest.testCase1(RegistrAppTest.java:19)
</failure>
    <system-err><![CDATA[Oct 08, 2020 10:08:01 AM register.RegistrApp <init>
INFO: Starting regist...
Oct 08, 2020 10:08:01 AM register.RegistrApp <init>
INFO: Starting regist...
]]></system-err>
  </testcase>
  <testcase name="testCase1" classname="register.RegistrAppTest" time="1.656">
    <failure message="invalid information!" type="register.InvalidInformationException">register.InvalidInformationException: invalid information!
	at register.RegistrAppTest.generic(RegistrAppTest.java:31)
	at register.RegistrAppTest.testCase1(RegistrAppTest.java:19)
</failure>
  </testcase>
  <testcase name="testCase1" classname="register.RegistrAppTest" time="1.662">
    <failure message="invalid information!" type="register.InvalidInformationException">register.InvalidInformationException: invalid information!
	at register.RegistrAppTest.generic(RegistrAppTest.java:31)
	at register.RegistrAppTest.testCase1(RegistrAppTest.java:19)
</failure>
    <system-err><![CDATA[Oct 08, 2020 10:08:01 AM register.RegistrApp <init>
INFO: Starting regist...
]]></system-err>
  </testcase>
  <testcase name="testCase1" classname="register.RegistrAppTest" time="1.668">
    <failure message="invalid information!" type="register.InvalidInformationException">register.InvalidInformationException: invalid information!
	at register.RegistrAppTest.generic(RegistrAppTest.java:31)
	at register.RegistrAppTest.testCase1(RegistrAppTest.java:19)
</failure>
    <system-err><![CDATA[Oct 08, 2020 10:08:01 AM register.RegistrApp <init>
INFO: Starting regist...
]]></system-err>
  </testcase>
  <testcase name="testCase1" classname="register.RegistrAppTest" time="1.673">
    <failure message="invalid information!" type="register.InvalidInformationException">register.InvalidInformationException: invalid information!
	at register.RegistrAppTest.generic(RegistrAppTest.java:31)
	at register.RegistrAppTest.testCase1(RegistrAppTest.java:19)
</failure>
    <system-err><![CDATA[Oct 08, 2020 10:08:01 AM register.RegistrApp <init>
INFO: Starting regist...
]]></system-err>
  </testcase>
  <testcase name="testCase1" classname="register.RegistrAppTest" time="1.681">
    <failure message="invalid information!" type="register.InvalidInformationException">register.InvalidInformationException: invalid information!
	at register.RegistrAppTest.generic(RegistrAppTest.java:31)
	at register.RegistrAppTest.testCase1(RegistrAppTest.java:19)
</failure>
    <system-err><![CDATA[Oct 08, 2020 10:08:01 AM register.RegistrApp <init>
INFO: Starting regist...
]]></system-err>
  </testcase>
  <testcase name="testCase1" classname="register.RegistrAppTest" time="1.687">
    <failure message="invalid information!" type="register.InvalidInformationException">register.InvalidInformationException: invalid information!
	at register.RegistrAppTest.generic(RegistrAppTest.java:31)
	at register.RegistrAppTest.testCase1(RegistrAppTest.java:19)
</failure>
    <system-err><![CDATA[Oct 08, 2020 10:08:01 AM register.RegistrApp <init>
INFO: Starting regist...
]]></system-err>
  </testcase>
  <testcase name="testCase1" classname="register.RegistrAppTest" time="1.695">
    <failure message="invalid information!" type="register.InvalidInformationException">register.InvalidInformationException: invalid information!
	at register.RegistrAppTest.generic(RegistrAppTest.java:31)
	at register.RegistrAppTest.testCase1(RegistrAppTest.java:19)
</failure>
    <system-err><![CDATA[Oct 08, 2020 10:08:01 AM register.RegistrApp <init>
INFO: Starting regist...
]]></system-err>
  </testcase>
  <testcase name="testCase1" classname="register.RegistrAppTest" time="1.709">
    <failure message="invalid information!" type="register.InvalidInformationException">register.InvalidInformationException: invalid information!
	at register.RegistrAppTest.generic(RegistrAppTest.java:31)
	at register.RegistrAppTest.testCase1(RegistrAppTest.java:19)
</failure>
    <system-err><![CDATA[Oct 08, 2020 10:08:01 AM register.RegistrApp <init>
INFO: Starting regist...
Oct 08, 2020 10:08:01 AM register.RegistrApp <init>
INFO: Starting regist...
]]></system-err>
  </testcase>
  <testcase name="testCase1" classname="register.RegistrAppTest" time="1.716">
    <failure message="invalid information!" type="register.InvalidInformationException">register.InvalidInformationException: invalid information!
	at register.RegistrAppTest.generic(RegistrAppTest.java:31)
	at register.RegistrAppTest.testCase1(RegistrAppTest.java:19)
</failure>
    <system-err><![CDATA[Oct 08, 2020 10:08:01 AM register.RegistrApp <init>
INFO: Starting regist...
]]></system-err>
  </testcase>
  <testcase name="testCase1" classname="register.RegistrAppTest" time="1.716">
    <failure message="invalid information!" type="register.InvalidInformationException">register.InvalidInformationException: invalid information!
	at register.RegistrAppTest.generic(RegistrAppTest.java:31)
	at register.RegistrAppTest.testCase1(RegistrAppTest.java:19)
</failure>
  </testcase>
  <testcase name="testCase1" classname="register.RegistrAppTest" time="1.724">
    <failure message="invalid information!" type="register.InvalidInformationException">register.InvalidInformationException: invalid information!
	at register.RegistrAppTest.generic(RegistrAppTest.java:31)
	at register.RegistrAppTest.testCase1(RegistrAppTest.java:19)
</failure>
    <system-err><![CDATA[Oct 08, 2020 10:08:01 AM register.RegistrApp <init>
INFO: Starting regist...
]]></system-err>
  </testcase>
  <testcase name="testCase1" classname="register.RegistrAppTest" time="1.733">
    <failure message="invalid information!" type="register.InvalidInformationException">register.InvalidInformationException: invalid information!
	at register.RegistrAppTest.generic(RegistrAppTest.java:31)
	at register.RegistrAppTest.testCase1(RegistrAppTest.java:19)
</failure>
    <system-err><![CDATA[Oct 08, 2020 10:08:01 AM register.RegistrApp <init>
INFO: Starting regist...
]]></system-err>
  </testcase>
  <testcase name="testCase1" classname="register.RegistrAppTest" time="1.74">
    <failure message="invalid information!" type="register.InvalidInformationException">register.InvalidInformationException: invalid information!
	at register.RegistrAppTest.generic(RegistrAppTest.java:31)
	at register.RegistrAppTest.testCase1(RegistrAppTest.java:19)
</failure>
    <system-err><![CDATA[Oct 08, 2020 10:08:01 AM register.RegistrApp <init>
INFO: Starting regist...
]]></system-err>
  </testcase>
  <testcase name="testCase1" classname="register.RegistrAppTest" time="1.747">
    <failure message="invalid information!" type="register.InvalidInformationException">register.InvalidInformationException: invalid information!
	at register.RegistrAppTest.generic(RegistrAppTest.java:31)
	at register.RegistrAppTest.testCase1(RegistrAppTest.java:19)
</failure>
    <system-err><![CDATA[Oct 08, 2020 10:08:02 AM register.RegistrApp <init>
INFO: Starting regist...
]]></system-err>
  </testcase>
  <testcase name="testCase2" classname="register.RegistrAppTest" time="0">
    <failure message="&#10;Expected exception of type class register.InvalidInformationException but got java.lang.IndexOutOfBoundsException: Index 0 out of bounds for length 0" type="org.testng.TestException">org.testng.TestException: 

Expected exception of type class register.InvalidInformationException but got java.lang.IndexOutOfBoundsException: Index 0 out of bounds for length 0
	at register.RegistrAppTest.readOutput(RegistrAppTest.java:42)
	at register.RegistrAppTest.generic(RegistrAppTest.java:29)
	at register.RegistrAppTest.testCase2(RegistrAppTest.java:24)
</failure>
  </testcase>
</testsuite>