<?xml version="1.0" encoding="UTF-8"?>
<testng-results ignored="0" total="102" passed="0" failed="102" skipped="0">
  <reporter-output>
  </reporter-output>
  <suite started-at="2020-10-08T10:08:01 COT" name="Surefire suite" finished-at="2020-10-08T10:08:02 COT" duration-ms="1161">
    <groups>
    </groups>
    <test started-at="2020-10-08T10:08:01 COT" name="Surefire test" finished-at="2020-10-08T10:08:02 COT" duration-ms="1161">
      <class name="register.RegistrAppTest">
        <test-method signature="testCase0()[pri:0, instance:register.RegistrAppTest@7a8136b3]" started-at="2020-10-08T10:08:01 COT" name="testCase0" finished-at="2020-10-08T10:08:01 COT" duration-ms="197" status="FAIL">
          <exception class="register.InvalidInformationException">
            <message>
              <![CDATA[invalid information!]]>
            </message>
            <full-stacktrace>
              <![CDATA[register.InvalidInformationException: invalid information!
at register.RegistrApp.validation(RegistrApp.java:35)
at register.RegistrAppTest.generic(RegistrAppTest.java:31)
at register.RegistrAppTest.testCase0(RegistrAppTest.java:14)
at java.base/jdk.internal.reflect.NativeMethodAccessorImpl.invoke0(Native Method)
at java.base/jdk.internal.reflect.NativeMethodAccessorImpl.invoke(NativeMethodAccessorImpl.java:62)
at java.base/jdk.internal.reflect.DelegatingMethodAccessorImpl.invoke(DelegatingMethodAccessorImpl.java:43)
at java.base/java.lang.reflect.Method.invoke(Method.java:566)
at org.testng.internal.MethodInvocationHelper.invokeMethod(MethodInvocationHelper.java:131)
at org.testng.internal.Invoker.invokeMethod(Invoker.java:658)
at org.testng.internal.Invoker.invokeTestMethod(Invoker.java:792)
at org.testng.internal.Invoker.invokeTestMethods(Invoker.java:1103)
at org.testng.internal.TestMethodWorker.invokeTestMethods(TestMethodWorker.java:140)
at org.testng.internal.TestMethodWorker.run(TestMethodWorker.java:122)
at org.testng.TestRunner.privateRun(TestRunner.java:739)
at org.testng.TestRunner.run(TestRunner.java:589)
at org.testng.SuiteRunner.runTest(SuiteRunner.java:398)
at org.testng.SuiteRunner.runSequentially(SuiteRunner.java:392)
at org.testng.SuiteRunner.privateRun(SuiteRunner.java:354)
at org.testng.SuiteRunner.run(SuiteRunner.java:302)
at org.testng.SuiteRunnerWorker.runSuite(SuiteRunnerWorker.java:53)
at org.testng.SuiteRunnerWorker.run(SuiteRunnerWorker.java:96)
at org.testng.TestNG.runSuitesSequentially(TestNG.java:1145)
at org.testng.TestNG.runSuitesLocally(TestNG.java:1067)
at org.testng.TestNG.runSuites(TestNG.java:997)
at org.testng.TestNG.run(TestNG.java:965)
at org.apache.maven.surefire.testng.TestNGExecutor.run(TestNGExecutor.java:135)
at org.apache.maven.surefire.testng.TestNGDirectoryTestSuite.executeSingleClass(TestNGDirectoryTestSuite.java:112)
at org.apache.maven.surefire.testng.TestNGDirectoryTestSuite.execute(TestNGDirectoryTestSuite.java:99)
at org.apache.maven.surefire.testng.TestNGProvider.invoke(TestNGProvider.java:146)
at org.apache.maven.surefire.booter.ForkedBooter.invokeProviderInSameClassLoader(ForkedBooter.java:384)
at org.apache.maven.surefire.booter.ForkedBooter.runSuitesInProcess(ForkedBooter.java:345)
at org.apache.maven.surefire.booter.ForkedBooter.execute(ForkedBooter.java:126)
at org.apache.maven.surefire.booter.ForkedBooter.main(ForkedBooter.java:418)
]]>
            </full-stacktrace>
          </exception> <!-- register.InvalidInformationException -->
          <reporter-output>
          </reporter-output>
        </test-method> <!-- testCase0 -->
        <test-method signature="testCase1()[pri:0, instance:register.RegistrAppTest@7a8136b3]" started-at="2020-10-08T10:08:01 COT" name="testCase1" finished-at="2020-10-08T10:08:02 COT" duration-ms="709" status="FAIL">
          <exception class="register.InvalidInformationException">
            <message>
              <![CDATA[invalid information!]]>
            </message>
            <full-stacktrace>
              <![CDATA[register.InvalidInformationException: invalid information!
at register.RegistrApp.validation(RegistrApp.java:35)
at register.RegistrAppTest.generic(RegistrAppTest.java:31)
at register.RegistrAppTest.testCase1(RegistrAppTest.java:19)
at java.base/jdk.internal.reflect.NativeMethodAccessorImpl.invoke0(Native Method)
at java.base/jdk.internal.reflect.NativeMethodAccessorImpl.invoke(NativeMethodAccessorImpl.java:62)
at java.base/jdk.internal.reflect.DelegatingMethodAccessorImpl.invoke(DelegatingMethodAccessorImpl.java:43)
at java.base/java.lang.reflect.Method.invoke(Method.java:566)
at org.testng.internal.MethodInvocationHelper.invokeMethod(MethodInvocationHelper.java:131)
at org.testng.internal.Invoker.invokeMethod(Invoker.java:658)
at org.testng.internal.Invoker.invokeTestMethod(Invoker.java:792)
at org.testng.internal.Invoker.invokeTestMethods(Invoker.java:1103)
at org.testng.internal.TestMethodWorker.invokeTestMethods(TestMethodWorker.java:140)
at org.testng.internal.TestMethodWorker.run(TestMethodWorker.java:122)
at org.testng.internal.thread.ThreadUtil$1.call(ThreadUtil.java:70)
at java.base/java.util.concurrent.FutureTask.run(FutureTask.java:264)
at java.base/java.util.concurrent.ThreadPoolExecutor.runWorker(ThreadPoolExecutor.java:1128)
at java.base/java.util.concurrent.ThreadPoolExecutor$Worker.run(ThreadPoolExecutor.java:628)
at java.base/java.lang.Thread.run(Thread.java:834)
]]>
            </full-stacktrace>
          </exception> <!-- register.InvalidInformationException -->
          <reporter-output>
          </reporter-output>
        </test-method> <!-- testCase1 -->
        <test-method signature="testCase1()[pri:0, instance:register.RegistrAppTest@7a8136b3]" started-at="2020-10-08T10:08:01 COT" name="testCase1" finished-at="2020-10-08T10:08:02 COT" duration-ms="511" status="FAIL">
          <exception class="register.InvalidInformationException">
            <message>
              <![CDATA[invalid information!]]>
            </message>
            <full-stacktrace>
              <![CDATA[register.InvalidInformationException: invalid information!
at register.RegistrApp.validation(RegistrApp.java:35)
at register.RegistrAppTest.generic(RegistrAppTest.java:31)
at register.RegistrAppTest.testCase1(RegistrAppTest.java:19)
at java.base/jdk.internal.reflect.NativeMethodAccessorImpl.invoke0(Native Method)
at java.base/jdk.internal.reflect.NativeMethodAccessorImpl.invoke(NativeMethodAccessorImpl.java:62)
at java.base/jdk.internal.reflect.DelegatingMethodAccessorImpl.invoke(DelegatingMethodAccessorImpl.java:43)
at java.base/java.lang.reflect.Method.invoke(Method.java:566)
at org.testng.internal.MethodInvocationHelper.invokeMethod(MethodInvocationHelper.java:131)
at org.testng.internal.Invoker.invokeMethod(Invoker.java:658)
at org.testng.internal.Invoker.invokeTestMethod(Invoker.java:792)
at org.testng.internal.Invoker.invokeTestMethods(Invoker.java:1103)
at org.testng.internal.TestMethodWorker.invokeTestMethods(TestMethodWorker.java:140)
at org.testng.internal.TestMethodWorker.run(TestMethodWorker.java:122)
at org.testng.internal.thread.ThreadUtil$1.call(ThreadUtil.java:70)
at java.base/java.util.concurrent.FutureTask.run(FutureTask.java:264)
at java.base/java.util.concurrent.ThreadPoolExecutor.runWorker(ThreadPoolExecutor.java:1128)
at java.base/java.util.concurrent.ThreadPoolExecutor$Worker.run(ThreadPoolExecutor.java:628)
at java.base/java.lang.Thread.run(Thread.java:834)
]]>
            </full-stacktrace>
          </exception> <!-- register.InvalidInformationException -->
          <reporter-output>
          </reporter-output>
        </test-method> <!-- testCase1 -->
        <test-method signature="testCase1()[pri:0, instance:register.RegistrAppTest@7a8136b3]" started-at="2020-10-08T10:08:01 COT" name="testCase1" finished-at="2020-10-08T10:08:02 COT" duration-ms="699" status="FAIL">
          <exception class="register.InvalidInformationException">
            <message>
              <![CDATA[invalid information!]]>
            </message>
            <full-stacktrace>
              <![CDATA[register.InvalidInformationException: invalid information!
at register.RegistrApp.validation(RegistrApp.java:35)
at register.RegistrAppTest.generic(RegistrAppTest.java:31)
at register.RegistrAppTest.testCase1(RegistrAppTest.java:19)
at java.base/jdk.internal.reflect.NativeMethodAccessorImpl.invoke0(Native Method)
at java.base/jdk.internal.reflect.NativeMethodAccessorImpl.invoke(NativeMethodAccessorImpl.java:62)
at java.base/jdk.internal.reflect.DelegatingMethodAccessorImpl.invoke(DelegatingMethodAccessorImpl.java:43)
at java.base/java.lang.reflect.Method.invoke(Method.java:566)
at org.testng.internal.MethodInvocationHelper.invokeMethod(MethodInvocationHelper.java:131)
at org.testng.internal.Invoker.invokeMethod(Invoker.java:658)
at org.testng.internal.Invoker.invokeTestMethod(Invoker.java:792)
at org.testng.internal.Invoker.invokeTestMethods(Invoker.java:1103)
at org.testng.internal.TestMethodWorker.invokeTestMethods(TestMethodWorker.java:140)
at org.testng.internal.TestMethodWorker.run(TestMethodWorker.java:122)
at org.testng.internal.thread.ThreadUtil$1.call(ThreadUtil.java:70)
at java.base/java.util.concurrent.FutureTask.run(FutureTask.java:264)
at java.base/java.util.concurrent.ThreadPoolExecutor.runWorker(ThreadPoolExecutor.java:1128)
at java.base/java.util.concurrent.ThreadPoolExecutor$Worker.run(ThreadPoolExecutor.java:628)
at java.base/java.lang.Thread.run(Thread.java:834)
]]>
            </full-stacktrace>
          </exception> <!-- register.InvalidInformationException -->
          <reporter-output>
          </reporter-output>
        </test-method> <!-- testCase1 -->
        <test-method signature="testCase1()[pri:0, instance:register.RegistrAppTest@7a8136b3]" started-at="2020-10-08T10:08:01 COT" name="testCase1" finished-at="2020-10-08T10:08:02 COT" duration-ms="693" status="FAIL">
          <exception class="register.InvalidInformationException">
            <message>
              <![CDATA[invalid information!]]>
            </message>
            <full-stacktrace>
              <![CDATA[register.InvalidInformationException: invalid information!
at register.RegistrApp.validation(RegistrApp.java:35)
at register.RegistrAppTest.generic(RegistrAppTest.java:31)
at register.RegistrAppTest.testCase1(RegistrAppTest.java:19)
at java.base/jdk.internal.reflect.NativeMethodAccessorImpl.invoke0(Native Method)
at java.base/jdk.internal.reflect.NativeMethodAccessorImpl.invoke(NativeMethodAccessorImpl.java:62)
at java.base/jdk.internal.reflect.DelegatingMethodAccessorImpl.invoke(DelegatingMethodAccessorImpl.java:43)
at java.base/java.lang.reflect.Method.invoke(Method.java:566)
at org.testng.internal.MethodInvocationHelper.invokeMethod(MethodInvocationHelper.java:131)
at org.testng.internal.Invoker.invokeMethod(Invoker.java:658)
at org.testng.internal.Invoker.invokeTestMethod(Invoker.java:792)
at org.testng.internal.Invoker.invokeTestMethods(Invoker.java:1103)
at org.testng.internal.TestMethodWorker.invokeTestMethods(TestMethodWorker.java:140)
at org.testng.internal.TestMethodWorker.run(TestMethodWorker.java:122)
at org.testng.internal.thread.ThreadUtil$1.call(ThreadUtil.java:70)
at java.base/java.util.concurrent.FutureTask.run(FutureTask.java:264)
at java.base/java.util.concurrent.ThreadPoolExecutor.runWorker(ThreadPoolExecutor.java:1128)
at java.base/java.util.concurrent.ThreadPoolExecutor$Worker.run(ThreadPoolExecutor.java:628)
at java.base/java.lang.Thread.run(Thread.java:834)
]]>
            </full-stacktrace>
          </exception> <!-- register.InvalidInformationException -->
          <reporter-output>
          </reporter-output>
        </test-method> <!-- testCase1 -->
        <test-method signature="testCase1()[pri:0, instance:register.RegistrAppTest@7a8136b3]" started-at="2020-10-08T10:08:01 COT" name="testCase1" finished-at="2020-10-08T10:08:02 COT" duration-ms="690" status="FAIL">
          <exception class="register.InvalidInformationException">
            <message>
              <![CDATA[invalid information!]]>
            </message>
            <full-stacktrace>
              <![CDATA[register.InvalidInformationException: invalid information!
at register.RegistrApp.validation(RegistrApp.java:35)
at register.RegistrAppTest.generic(RegistrAppTest.java:31)
at register.RegistrAppTest.testCase1(RegistrAppTest.java:19)
at java.base/jdk.internal.reflect.NativeMethodAccessorImpl.invoke0(Native Method)
at java.base/jdk.internal.reflect.NativeMethodAccessorImpl.invoke(NativeMethodAccessorImpl.java:62)
at java.base/jdk.internal.reflect.DelegatingMethodAccessorImpl.invoke(DelegatingMethodAccessorImpl.java:43)
at java.base/java.lang.reflect.Method.invoke(Method.java:566)
at org.testng.internal.MethodInvocationHelper.invokeMethod(MethodInvocationHelper.java:131)
at org.testng.internal.Invoker.invokeMethod(Invoker.java:658)
at org.testng.internal.Invoker.invokeTestMethod(Invoker.java:792)
at org.testng.internal.Invoker.invokeTestMethods(Invoker.java:1103)
at org.testng.internal.TestMethodWorker.invokeTestMethods(TestMethodWorker.java:140)
at org.testng.internal.TestMethodWorker.run(TestMethodWorker.java:122)
at org.testng.internal.thread.ThreadUtil$1.call(ThreadUtil.java:70)
at java.base/java.util.concurrent.FutureTask.run(FutureTask.java:264)
at java.base/java.util.concurrent.ThreadPoolExecutor.runWorker(ThreadPoolExecutor.java:1128)
at java.base/java.util.concurrent.ThreadPoolExecutor$Worker.run(ThreadPoolExecutor.java:628)
at java.base/java.lang.Thread.run(Thread.java:834)
]]>
            </full-stacktrace>
          </exception> <!-- register.InvalidInformationException -->
          <reporter-output>
          </reporter-output>
        </test-method> <!-- testCase1 -->
        <test-method signature="testCase1()[pri:0, instance:register.RegistrAppTest@7a8136b3]" started-at="2020-10-08T10:08:01 COT" name="testCase1" finished-at="2020-10-08T10:08:02 COT" duration-ms="684" status="FAIL">
          <exception class="register.InvalidInformationException">
            <message>
              <![CDATA[invalid information!]]>
            </message>
            <full-stacktrace>
              <![CDATA[register.InvalidInformationException: invalid information!
at register.RegistrApp.validation(RegistrApp.java:35)
at register.RegistrAppTest.generic(RegistrAppTest.java:31)
at register.RegistrAppTest.testCase1(RegistrAppTest.java:19)
at java.base/jdk.internal.reflect.NativeMethodAccessorImpl.invoke0(Native Method)
at java.base/jdk.internal.reflect.NativeMethodAccessorImpl.invoke(NativeMethodAccessorImpl.java:62)
at java.base/jdk.internal.reflect.DelegatingMethodAccessorImpl.invoke(DelegatingMethodAccessorImpl.java:43)
at java.base/java.lang.reflect.Method.invoke(Method.java:566)
at org.testng.internal.MethodInvocationHelper.invokeMethod(MethodInvocationHelper.java:131)
at org.testng.internal.Invoker.invokeMethod(Invoker.java:658)
at org.testng.internal.Invoker.invokeTestMethod(Invoker.java:792)
at org.testng.internal.Invoker.invokeTestMethods(Invoker.java:1103)
at org.testng.internal.TestMethodWorker.invokeTestMethods(TestMethodWorker.java:140)
at org.testng.internal.TestMethodWorker.run(TestMethodWorker.java:122)
at org.testng.internal.thread.ThreadUtil$1.call(ThreadUtil.java:70)
at java.base/java.util.concurrent.FutureTask.run(FutureTask.java:264)
at java.base/java.util.concurrent.ThreadPoolExecutor.runWorker(ThreadPoolExecutor.java:1128)
at java.base/java.util.concurrent.ThreadPoolExecutor$Worker.run(ThreadPoolExecutor.java:628)
at java.base/java.lang.Thread.run(Thread.java:834)
]]>
            </full-stacktrace>
          </exception> <!-- register.InvalidInformationException -->
          <reporter-output>
          </reporter-output>
        </test-method> <!-- testCase1 -->
        <test-method signature="testCase1()[pri:0, instance:register.RegistrAppTest@7a8136b3]" started-at="2020-10-08T10:08:01 COT" name="testCase1" finished-at="2020-10-08T10:08:02 COT" duration-ms="676" status="FAIL">
          <exception class="register.InvalidInformationException">
            <message>
              <![CDATA[invalid information!]]>
            </message>
            <full-stacktrace>
              <![CDATA[register.InvalidInformationException: invalid information!
at register.RegistrApp.validation(RegistrApp.java:35)
at register.RegistrAppTest.generic(RegistrAppTest.java:31)
at register.RegistrAppTest.testCase1(RegistrAppTest.java:19)
at java.base/jdk.internal.reflect.NativeMethodAccessorImpl.invoke0(Native Method)
at java.base/jdk.internal.reflect.NativeMethodAccessorImpl.invoke(NativeMethodAccessorImpl.java:62)
at java.base/jdk.internal.reflect.DelegatingMethodAccessorImpl.invoke(DelegatingMethodAccessorImpl.java:43)
at java.base/java.lang.reflect.Method.invoke(Method.java:566)
at org.testng.internal.MethodInvocationHelper.invokeMethod(MethodInvocationHelper.java:131)
at org.testng.internal.Invoker.invokeMethod(Invoker.java:658)
at org.testng.internal.Invoker.invokeTestMethod(Invoker.java:792)
at org.testng.internal.Invoker.invokeTestMethods(Invoker.java:1103)
at org.testng.internal.TestMethodWorker.invokeTestMethods(TestMethodWorker.java:140)
at org.testng.internal.TestMethodWorker.run(TestMethodWorker.java:122)
at org.testng.internal.thread.ThreadUtil$1.call(ThreadUtil.java:70)
at java.base/java.util.concurrent.FutureTask.run(FutureTask.java:264)
at java.base/java.util.concurrent.ThreadPoolExecutor.runWorker(ThreadPoolExecutor.java:1128)
at java.base/java.util.concurrent.ThreadPoolExecutor$Worker.run(ThreadPoolExecutor.java:628)
at java.base/java.lang.Thread.run(Thread.java:834)
]]>
            </full-stacktrace>
          </exception> <!-- register.InvalidInformationException -->
          <reporter-output>
          </reporter-output>
        </test-method> <!-- testCase1 -->
        <test-method signature="testCase1()[pri:0, instance:register.RegistrAppTest@7a8136b3]" started-at="2020-10-08T10:08:01 COT" name="testCase1" finished-at="2020-10-08T10:08:02 COT" duration-ms="677" status="FAIL">
          <exception class="register.InvalidInformationException">
            <message>
              <![CDATA[invalid information!]]>
            </message>
            <full-stacktrace>
              <![CDATA[register.InvalidInformationException: invalid information!
at register.RegistrApp.validation(RegistrApp.java:35)
at register.RegistrAppTest.generic(RegistrAppTest.java:31)
at register.RegistrAppTest.testCase1(RegistrAppTest.java:19)
at java.base/jdk.internal.reflect.NativeMethodAccessorImpl.invoke0(Native Method)
at java.base/jdk.internal.reflect.NativeMethodAccessorImpl.invoke(NativeMethodAccessorImpl.java:62)
at java.base/jdk.internal.reflect.DelegatingMethodAccessorImpl.invoke(DelegatingMethodAccessorImpl.java:43)
at java.base/java.lang.reflect.Method.invoke(Method.java:566)
at org.testng.internal.MethodInvocationHelper.invokeMethod(MethodInvocationHelper.java:131)
at org.testng.internal.Invoker.invokeMethod(Invoker.java:658)
at org.testng.internal.Invoker.invokeTestMethod(Invoker.java:792)
at org.testng.internal.Invoker.invokeTestMethods(Invoker.java:1103)
at org.testng.internal.TestMethodWorker.invokeTestMethods(TestMethodWorker.java:140)
at org.testng.internal.TestMethodWorker.run(TestMethodWorker.java:122)
at org.testng.internal.thread.ThreadUtil$1.call(ThreadUtil.java:70)
at java.base/java.util.concurrent.FutureTask.run(FutureTask.java:264)
at java.base/java.util.concurrent.ThreadPoolExecutor.runWorker(ThreadPoolExecutor.java:1128)
at java.base/java.util.concurrent.ThreadPoolExecutor$Worker.run(ThreadPoolExecutor.java:628)
at java.base/java.lang.Thread.run(Thread.java:834)
]]>
            </full-stacktrace>
          </exception> <!-- register.InvalidInformationException -->
          <reporter-output>
          </reporter-output>
        </test-method> <!-- testCase1 -->
        <test-method signature="testCase1()[pri:0, instance:register.RegistrAppTest@7a8136b3]" started-at="2020-10-08T10:08:01 COT" name="testCase1" finished-at="2020-10-08T10:08:02 COT" duration-ms="619" status="FAIL">
          <exception class="register.InvalidInformationException">
            <message>
              <![CDATA[invalid information!]]>
            </message>
            <full-stacktrace>
              <![CDATA[register.InvalidInformationException: invalid information!
at register.RegistrApp.validation(RegistrApp.java:35)
at register.RegistrAppTest.generic(RegistrAppTest.java:31)
at register.RegistrAppTest.testCase1(RegistrAppTest.java:19)
at java.base/jdk.internal.reflect.NativeMethodAccessorImpl.invoke0(Native Method)
at java.base/jdk.internal.reflect.NativeMethodAccessorImpl.invoke(NativeMethodAccessorImpl.java:62)
at java.base/jdk.internal.reflect.DelegatingMethodAccessorImpl.invoke(DelegatingMethodAccessorImpl.java:43)
at java.base/java.lang.reflect.Method.invoke(Method.java:566)
at org.testng.internal.MethodInvocationHelper.invokeMethod(MethodInvocationHelper.java:131)
at org.testng.internal.Invoker.invokeMethod(Invoker.java:658)
at org.testng.internal.Invoker.invokeTestMethod(Invoker.java:792)
at org.testng.internal.Invoker.invokeTestMethods(Invoker.java:1103)
at org.testng.internal.TestMethodWorker.invokeTestMethods(TestMethodWorker.java:140)
at org.testng.internal.TestMethodWorker.run(TestMethodWorker.java:122)
at org.testng.internal.thread.ThreadUtil$1.call(ThreadUtil.java:70)
at java.base/java.util.concurrent.FutureTask.run(FutureTask.java:264)
at java.base/java.util.concurrent.ThreadPoolExecutor.runWorker(ThreadPoolExecutor.java:1128)
at java.base/java.util.concurrent.ThreadPoolExecutor$Worker.run(ThreadPoolExecutor.java:628)
at java.base/java.lang.Thread.run(Thread.java:834)
]]>
            </full-stacktrace>
          </exception> <!-- register.InvalidInformationException -->
          <reporter-output>
          </reporter-output>
        </test-method> <!-- testCase1 -->
        <test-method signature="testCase1()[pri:0, instance:register.RegistrAppTest@7a8136b3]" started-at="2020-10-08T10:08:01 COT" name="testCase1" finished-at="2020-10-08T10:08:02 COT" duration-ms="608" status="FAIL">
          <exception class="register.InvalidInformationException">
            <message>
              <![CDATA[invalid information!]]>
            </message>
            <full-stacktrace>
              <![CDATA[register.InvalidInformationException: invalid information!
at register.RegistrApp.validation(RegistrApp.java:35)
at register.RegistrAppTest.generic(RegistrAppTest.java:31)
at register.RegistrAppTest.testCase1(RegistrAppTest.java:19)
at java.base/jdk.internal.reflect.NativeMethodAccessorImpl.invoke0(Native Method)
at java.base/jdk.internal.reflect.NativeMethodAccessorImpl.invoke(NativeMethodAccessorImpl.java:62)
at java.base/jdk.internal.reflect.DelegatingMethodAccessorImpl.invoke(DelegatingMethodAccessorImpl.java:43)
at java.base/java.lang.reflect.Method.invoke(Method.java:566)
at org.testng.internal.MethodInvocationHelper.invokeMethod(MethodInvocationHelper.java:131)
at org.testng.internal.Invoker.invokeMethod(Invoker.java:658)
at org.testng.internal.Invoker.invokeTestMethod(Invoker.java:792)
at org.testng.internal.Invoker.invokeTestMethods(Invoker.java:1103)
at org.testng.internal.TestMethodWorker.invokeTestMethods(TestMethodWorker.java:140)
at org.testng.internal.TestMethodWorker.run(TestMethodWorker.java:122)
at org.testng.internal.thread.ThreadUtil$1.call(ThreadUtil.java:70)
at java.base/java.util.concurrent.FutureTask.run(FutureTask.java:264)
at java.base/java.util.concurrent.ThreadPoolExecutor.runWorker(ThreadPoolExecutor.java:1128)
at java.base/java.util.concurrent.ThreadPoolExecutor$Worker.run(ThreadPoolExecutor.java:628)
at java.base/java.lang.Thread.run(Thread.java:834)
]]>
            </full-stacktrace>
          </exception> <!-- register.InvalidInformationException -->
          <reporter-output>
          </reporter-output>
        </test-method> <!-- testCase1 -->
        <test-method signature="testCase1()[pri:0, instance:register.RegistrAppTest@7a8136b3]" started-at="2020-10-08T10:08:01 COT" name="testCase1" finished-at="2020-10-08T10:08:02 COT" duration-ms="601" status="FAIL">
          <exception class="register.InvalidInformationException">
            <message>
              <![CDATA[invalid information!]]>
            </message>
            <full-stacktrace>
              <![CDATA[register.InvalidInformationException: invalid information!
at register.RegistrApp.validation(RegistrApp.java:35)
at register.RegistrAppTest.generic(RegistrAppTest.java:31)
at register.RegistrAppTest.testCase1(RegistrAppTest.java:19)
at java.base/jdk.internal.reflect.NativeMethodAccessorImpl.invoke0(Native Method)
at java.base/jdk.internal.reflect.NativeMethodAccessorImpl.invoke(NativeMethodAccessorImpl.java:62)
at java.base/jdk.internal.reflect.DelegatingMethodAccessorImpl.invoke(DelegatingMethodAccessorImpl.java:43)
at java.base/java.lang.reflect.Method.invoke(Method.java:566)
at org.testng.internal.MethodInvocationHelper.invokeMethod(MethodInvocationHelper.java:131)
at org.testng.internal.Invoker.invokeMethod(Invoker.java:658)
at org.testng.internal.Invoker.invokeTestMethod(Invoker.java:792)
at org.testng.internal.Invoker.invokeTestMethods(Invoker.java:1103)
at org.testng.internal.TestMethodWorker.invokeTestMethods(TestMethodWorker.java:140)
at org.testng.internal.TestMethodWorker.run(TestMethodWorker.java:122)
at org.testng.internal.thread.ThreadUtil$1.call(ThreadUtil.java:70)
at java.base/java.util.concurrent.FutureTask.run(FutureTask.java:264)
at java.base/java.util.concurrent.ThreadPoolExecutor.runWorker(ThreadPoolExecutor.java:1128)
at java.base/java.util.concurrent.ThreadPoolExecutor$Worker.run(ThreadPoolExecutor.java:628)
at java.base/java.lang.Thread.run(Thread.java:834)
]]>
            </full-stacktrace>
          </exception> <!-- register.InvalidInformationException -->
          <reporter-output>
          </reporter-output>
        </test-method> <!-- testCase1 -->
        <test-method signature="testCase1()[pri:0, instance:register.RegistrAppTest@7a8136b3]" started-at="2020-10-08T10:08:01 COT" name="testCase1" finished-at="2020-10-08T10:08:02 COT" duration-ms="596" status="FAIL">
          <exception class="register.InvalidInformationException">
            <message>
              <![CDATA[invalid information!]]>
            </message>
            <full-stacktrace>
              <![CDATA[register.InvalidInformationException: invalid information!
at register.RegistrApp.validation(RegistrApp.java:35)
at register.RegistrAppTest.generic(RegistrAppTest.java:31)
at register.RegistrAppTest.testCase1(RegistrAppTest.java:19)
at java.base/jdk.internal.reflect.NativeMethodAccessorImpl.invoke0(Native Method)
at java.base/jdk.internal.reflect.NativeMethodAccessorImpl.invoke(NativeMethodAccessorImpl.java:62)
at java.base/jdk.internal.reflect.DelegatingMethodAccessorImpl.invoke(DelegatingMethodAccessorImpl.java:43)
at java.base/java.lang.reflect.Method.invoke(Method.java:566)
at org.testng.internal.MethodInvocationHelper.invokeMethod(MethodInvocationHelper.java:131)
at org.testng.internal.Invoker.invokeMethod(Invoker.java:658)
at org.testng.internal.Invoker.invokeTestMethod(Invoker.java:792)
at org.testng.internal.Invoker.invokeTestMethods(Invoker.java:1103)
at org.testng.internal.TestMethodWorker.invokeTestMethods(TestMethodWorker.java:140)
at org.testng.internal.TestMethodWorker.run(TestMethodWorker.java:122)
at org.testng.internal.thread.ThreadUtil$1.call(ThreadUtil.java:70)
at java.base/java.util.concurrent.FutureTask.run(FutureTask.java:264)
at java.base/java.util.concurrent.ThreadPoolExecutor.runWorker(ThreadPoolExecutor.java:1128)
at java.base/java.util.concurrent.ThreadPoolExecutor$Worker.run(ThreadPoolExecutor.java:628)
at java.base/java.lang.Thread.run(Thread.java:834)
]]>
            </full-stacktrace>
          </exception> <!-- register.InvalidInformationException -->
          <reporter-output>
          </reporter-output>
        </test-method> <!-- testCase1 -->
        <test-method signature="testCase1()[pri:0, instance:register.RegistrAppTest@7a8136b3]" started-at="2020-10-08T10:08:01 COT" name="testCase1" finished-at="2020-10-08T10:08:02 COT" duration-ms="593" status="FAIL">
          <exception class="register.InvalidInformationException">
            <message>
              <![CDATA[invalid information!]]>
            </message>
            <full-stacktrace>
              <![CDATA[register.InvalidInformationException: invalid information!
at register.RegistrApp.validation(RegistrApp.java:35)
at register.RegistrAppTest.generic(RegistrAppTest.java:31)
at register.RegistrAppTest.testCase1(RegistrAppTest.java:19)
at java.base/jdk.internal.reflect.NativeMethodAccessorImpl.invoke0(Native Method)
at java.base/jdk.internal.reflect.NativeMethodAccessorImpl.invoke(NativeMethodAccessorImpl.java:62)
at java.base/jdk.internal.reflect.DelegatingMethodAccessorImpl.invoke(DelegatingMethodAccessorImpl.java:43)
at java.base/java.lang.reflect.Method.invoke(Method.java:566)
at org.testng.internal.MethodInvocationHelper.invokeMethod(MethodInvocationHelper.java:131)
at org.testng.internal.Invoker.invokeMethod(Invoker.java:658)
at org.testng.internal.Invoker.invokeTestMethod(Invoker.java:792)
at org.testng.internal.Invoker.invokeTestMethods(Invoker.java:1103)
at org.testng.internal.TestMethodWorker.invokeTestMethods(TestMethodWorker.java:140)
at org.testng.internal.TestMethodWorker.run(TestMethodWorker.java:122)
at org.testng.internal.thread.ThreadUtil$1.call(ThreadUtil.java:70)
at java.base/java.util.concurrent.FutureTask.run(FutureTask.java:264)
at java.base/java.util.concurrent.ThreadPoolExecutor.runWorker(ThreadPoolExecutor.java:1128)
at java.base/java.util.concurrent.ThreadPoolExecutor$Worker.run(ThreadPoolExecutor.java:628)
at java.base/java.lang.Thread.run(Thread.java:834)
]]>
            </full-stacktrace>
          </exception> <!-- register.InvalidInformationException -->
          <reporter-output>
          </reporter-output>
        </test-method> <!-- testCase1 -->
        <test-method signature="testCase1()[pri:0, instance:register.RegistrAppTest@7a8136b3]" started-at="2020-10-08T10:08:01 COT" name="testCase1" finished-at="2020-10-08T10:08:02 COT" duration-ms="587" status="FAIL">
          <exception class="register.InvalidInformationException">
            <message>
              <![CDATA[invalid information!]]>
            </message>
            <full-stacktrace>
              <![CDATA[register.InvalidInformationException: invalid information!
at register.RegistrApp.validation(RegistrApp.java:35)
at register.RegistrAppTest.generic(RegistrAppTest.java:31)
at register.RegistrAppTest.testCase1(RegistrAppTest.java:19)
at java.base/jdk.internal.reflect.NativeMethodAccessorImpl.invoke0(Native Method)
at java.base/jdk.internal.reflect.NativeMethodAccessorImpl.invoke(NativeMethodAccessorImpl.java:62)
at java.base/jdk.internal.reflect.DelegatingMethodAccessorImpl.invoke(DelegatingMethodAccessorImpl.java:43)
at java.base/java.lang.reflect.Method.invoke(Method.java:566)
at org.testng.internal.MethodInvocationHelper.invokeMethod(MethodInvocationHelper.java:131)
at org.testng.internal.Invoker.invokeMethod(Invoker.java:658)
at org.testng.internal.Invoker.invokeTestMethod(Invoker.java:792)
at org.testng.internal.Invoker.invokeTestMethods(Invoker.java:1103)
at org.testng.internal.TestMethodWorker.invokeTestMethods(TestMethodWorker.java:140)
at org.testng.internal.TestMethodWorker.run(TestMethodWorker.java:122)
at org.testng.internal.thread.ThreadUtil$1.call(ThreadUtil.java:70)
at java.base/java.util.concurrent.FutureTask.run(FutureTask.java:264)
at java.base/java.util.concurrent.ThreadPoolExecutor.runWorker(ThreadPoolExecutor.java:1128)
at java.base/java.util.concurrent.ThreadPoolExecutor$Worker.run(ThreadPoolExecutor.java:628)
at java.base/java.lang.Thread.run(Thread.java:834)
]]>
            </full-stacktrace>
          </exception> <!-- register.InvalidInformationException -->
          <reporter-output>
          </reporter-output>
        </test-method> <!-- testCase1 -->
        <test-method signature="testCase1()[pri:0, instance:register.RegistrAppTest@7a8136b3]" started-at="2020-10-08T10:08:01 COT" name="testCase1" finished-at="2020-10-08T10:08:02 COT" duration-ms="585" status="FAIL">
          <exception class="register.InvalidInformationException">
            <message>
              <![CDATA[invalid information!]]>
            </message>
            <full-stacktrace>
              <![CDATA[register.InvalidInformationException: invalid information!
at register.RegistrApp.validation(RegistrApp.java:35)
at register.RegistrAppTest.generic(RegistrAppTest.java:31)
at register.RegistrAppTest.testCase1(RegistrAppTest.java:19)
at java.base/jdk.internal.reflect.NativeMethodAccessorImpl.invoke0(Native Method)
at java.base/jdk.internal.reflect.NativeMethodAccessorImpl.invoke(NativeMethodAccessorImpl.java:62)
at java.base/jdk.internal.reflect.DelegatingMethodAccessorImpl.invoke(DelegatingMethodAccessorImpl.java:43)
at java.base/java.lang.reflect.Method.invoke(Method.java:566)
at org.testng.internal.MethodInvocationHelper.invokeMethod(MethodInvocationHelper.java:131)
at org.testng.internal.Invoker.invokeMethod(Invoker.java:658)
at org.testng.internal.Invoker.invokeTestMethod(Invoker.java:792)
at org.testng.internal.Invoker.invokeTestMethods(Invoker.java:1103)
at org.testng.internal.TestMethodWorker.invokeTestMethods(TestMethodWorker.java:140)
at org.testng.internal.TestMethodWorker.run(TestMethodWorker.java:122)
at org.testng.internal.thread.ThreadUtil$1.call(ThreadUtil.java:70)
at java.base/java.util.concurrent.FutureTask.run(FutureTask.java:264)
at java.base/java.util.concurrent.ThreadPoolExecutor.runWorker(ThreadPoolExecutor.java:1128)
at java.base/java.util.concurrent.ThreadPoolExecutor$Worker.run(ThreadPoolExecutor.java:628)
at java.base/java.lang.Thread.run(Thread.java:834)
]]>
            </full-stacktrace>
          </exception> <!-- register.InvalidInformationException -->
          <reporter-output>
          </reporter-output>
        </test-method> <!-- testCase1 -->
        <test-method signature="testCase1()[pri:0, instance:register.RegistrAppTest@7a8136b3]" started-at="2020-10-08T10:08:01 COT" name="testCase1" finished-at="2020-10-08T10:08:02 COT" duration-ms="575" status="FAIL">
          <exception class="register.InvalidInformationException">
            <message>
              <![CDATA[invalid information!]]>
            </message>
            <full-stacktrace>
              <![CDATA[register.InvalidInformationException: invalid information!
at register.RegistrApp.validation(RegistrApp.java:35)
at register.RegistrAppTest.generic(RegistrAppTest.java:31)
at register.RegistrAppTest.testCase1(RegistrAppTest.java:19)
at java.base/jdk.internal.reflect.NativeMethodAccessorImpl.invoke0(Native Method)
at java.base/jdk.internal.reflect.NativeMethodAccessorImpl.invoke(NativeMethodAccessorImpl.java:62)
at java.base/jdk.internal.reflect.DelegatingMethodAccessorImpl.invoke(DelegatingMethodAccessorImpl.java:43)
at java.base/java.lang.reflect.Method.invoke(Method.java:566)
at org.testng.internal.MethodInvocationHelper.invokeMethod(MethodInvocationHelper.java:131)
at org.testng.internal.Invoker.invokeMethod(Invoker.java:658)
at org.testng.internal.Invoker.invokeTestMethod(Invoker.java:792)
at org.testng.internal.Invoker.invokeTestMethods(Invoker.java:1103)
at org.testng.internal.TestMethodWorker.invokeTestMethods(TestMethodWorker.java:140)
at org.testng.internal.TestMethodWorker.run(TestMethodWorker.java:122)
at org.testng.internal.thread.ThreadUtil$1.call(ThreadUtil.java:70)
at java.base/java.util.concurrent.FutureTask.run(FutureTask.java:264)
at java.base/java.util.concurrent.ThreadPoolExecutor.runWorker(ThreadPoolExecutor.java:1128)
at java.base/java.util.concurrent.ThreadPoolExecutor$Worker.run(ThreadPoolExecutor.java:628)
at java.base/java.lang.Thread.run(Thread.java:834)
]]>
            </full-stacktrace>
          </exception> <!-- register.InvalidInformationException -->
          <reporter-output>
          </reporter-output>
        </test-method> <!-- testCase1 -->
        <test-method signature="testCase1()[pri:0, instance:register.RegistrAppTest@7a8136b3]" started-at="2020-10-08T10:08:01 COT" name="testCase1" finished-at="2020-10-08T10:08:02 COT" duration-ms="574" status="FAIL">
          <exception class="register.InvalidInformationException">
            <message>
              <![CDATA[invalid information!]]>
            </message>
            <full-stacktrace>
              <![CDATA[register.InvalidInformationException: invalid information!
at register.RegistrApp.validation(RegistrApp.java:35)
at register.RegistrAppTest.generic(RegistrAppTest.java:31)
at register.RegistrAppTest.testCase1(RegistrAppTest.java:19)
at java.base/jdk.internal.reflect.NativeMethodAccessorImpl.invoke0(Native Method)
at java.base/jdk.internal.reflect.NativeMethodAccessorImpl.invoke(NativeMethodAccessorImpl.java:62)
at java.base/jdk.internal.reflect.DelegatingMethodAccessorImpl.invoke(DelegatingMethodAccessorImpl.java:43)
at java.base/java.lang.reflect.Method.invoke(Method.java:566)
at org.testng.internal.MethodInvocationHelper.invokeMethod(MethodInvocationHelper.java:131)
at org.testng.internal.Invoker.invokeMethod(Invoker.java:658)
at org.testng.internal.Invoker.invokeTestMethod(Invoker.java:792)
at org.testng.internal.Invoker.invokeTestMethods(Invoker.java:1103)
at org.testng.internal.TestMethodWorker.invokeTestMethods(TestMethodWorker.java:140)
at org.testng.internal.TestMethodWorker.run(TestMethodWorker.java:122)
at org.testng.internal.thread.ThreadUtil$1.call(ThreadUtil.java:70)
at java.base/java.util.concurrent.FutureTask.run(FutureTask.java:264)
at java.base/java.util.concurrent.ThreadPoolExecutor.runWorker(ThreadPoolExecutor.java:1128)
at java.base/java.util.concurrent.ThreadPoolExecutor$Worker.run(ThreadPoolExecutor.java:628)
at java.base/java.lang.Thread.run(Thread.java:834)
]]>
            </full-stacktrace>
          </exception> <!-- register.InvalidInformationException -->
          <reporter-output>
          </reporter-output>
        </test-method> <!-- testCase1 -->
        <test-method signature="testCase1()[pri:0, instance:register.RegistrAppTest@7a8136b3]" started-at="2020-10-08T10:08:01 COT" name="testCase1" finished-at="2020-10-08T10:08:02 COT" duration-ms="578" status="FAIL">
          <exception class="register.InvalidInformationException">
            <message>
              <![CDATA[invalid information!]]>
            </message>
            <full-stacktrace>
              <![CDATA[register.InvalidInformationException: invalid information!
at register.RegistrApp.validation(RegistrApp.java:35)
at register.RegistrAppTest.generic(RegistrAppTest.java:31)
at register.RegistrAppTest.testCase1(RegistrAppTest.java:19)
at java.base/jdk.internal.reflect.NativeMethodAccessorImpl.invoke0(Native Method)
at java.base/jdk.internal.reflect.NativeMethodAccessorImpl.invoke(NativeMethodAccessorImpl.java:62)
at java.base/jdk.internal.reflect.DelegatingMethodAccessorImpl.invoke(DelegatingMethodAccessorImpl.java:43)
at java.base/java.lang.reflect.Method.invoke(Method.java:566)
at org.testng.internal.MethodInvocationHelper.invokeMethod(MethodInvocationHelper.java:131)
at org.testng.internal.Invoker.invokeMethod(Invoker.java:658)
at org.testng.internal.Invoker.invokeTestMethod(Invoker.java:792)
at org.testng.internal.Invoker.invokeTestMethods(Invoker.java:1103)
at org.testng.internal.TestMethodWorker.invokeTestMethods(TestMethodWorker.java:140)
at org.testng.internal.TestMethodWorker.run(TestMethodWorker.java:122)
at org.testng.internal.thread.ThreadUtil$1.call(ThreadUtil.java:70)
at java.base/java.util.concurrent.FutureTask.run(FutureTask.java:264)
at java.base/java.util.concurrent.ThreadPoolExecutor.runWorker(ThreadPoolExecutor.java:1128)
at java.base/java.util.concurrent.ThreadPoolExecutor$Worker.run(ThreadPoolExecutor.java:628)
at java.base/java.lang.Thread.run(Thread.java:834)
]]>
            </full-stacktrace>
          </exception> <!-- register.InvalidInformationException -->
          <reporter-output>
          </reporter-output>
        </test-method> <!-- testCase1 -->
        <test-method signature="testCase1()[pri:0, instance:register.RegistrAppTest@7a8136b3]" started-at="2020-10-08T10:08:01 COT" name="testCase1" finished-at="2020-10-08T10:08:02 COT" duration-ms="570" status="FAIL">
          <exception class="register.InvalidInformationException">
            <message>
              <![CDATA[invalid information!]]>
            </message>
            <full-stacktrace>
              <![CDATA[register.InvalidInformationException: invalid information!
at register.RegistrApp.validation(RegistrApp.java:35)
at register.RegistrAppTest.generic(RegistrAppTest.java:31)
at register.RegistrAppTest.testCase1(RegistrAppTest.java:19)
at jdk.internal.reflect.GeneratedMethodAccessor3.invoke(Unknown Source)
at java.base/jdk.internal.reflect.DelegatingMethodAccessorImpl.invoke(DelegatingMethodAccessorImpl.java:43)
at java.base/java.lang.reflect.Method.invoke(Method.java:566)
at org.testng.internal.MethodInvocationHelper.invokeMethod(MethodInvocationHelper.java:131)
at org.testng.internal.Invoker.invokeMethod(Invoker.java:658)
at org.testng.internal.Invoker.invokeTestMethod(Invoker.java:792)
at org.testng.internal.Invoker.invokeTestMethods(Invoker.java:1103)
at org.testng.internal.TestMethodWorker.invokeTestMethods(TestMethodWorker.java:140)
at org.testng.internal.TestMethodWorker.run(TestMethodWorker.java:122)
at org.testng.internal.thread.ThreadUtil$1.call(ThreadUtil.java:70)
at java.base/java.util.concurrent.FutureTask.run(FutureTask.java:264)
at java.base/java.util.concurrent.ThreadPoolExecutor.runWorker(ThreadPoolExecutor.java:1128)
at java.base/java.util.concurrent.ThreadPoolExecutor$Worker.run(ThreadPoolExecutor.java:628)
at java.base/java.lang.Thread.run(Thread.java:834)
]]>
            </full-stacktrace>
          </exception> <!-- register.InvalidInformationException -->
          <reporter-output>
          </reporter-output>
        </test-method> <!-- testCase1 -->
        <test-method signature="testCase1()[pri:0, instance:register.RegistrAppTest@7a8136b3]" started-at="2020-10-08T10:08:01 COT" name="testCase1" finished-at="2020-10-08T10:08:02 COT" duration-ms="571" status="FAIL">
          <exception class="register.InvalidInformationException">
            <message>
              <![CDATA[invalid information!]]>
            </message>
            <full-stacktrace>
              <![CDATA[register.InvalidInformationException: invalid information!
at register.RegistrApp.validation(RegistrApp.java:35)
at register.RegistrAppTest.generic(RegistrAppTest.java:31)
at register.RegistrAppTest.testCase1(RegistrAppTest.java:19)
at jdk.internal.reflect.GeneratedMethodAccessor1.invoke(Unknown Source)
at java.base/jdk.internal.reflect.DelegatingMethodAccessorImpl.invoke(DelegatingMethodAccessorImpl.java:43)
at java.base/java.lang.reflect.Method.invoke(Method.java:566)
at org.testng.internal.MethodInvocationHelper.invokeMethod(MethodInvocationHelper.java:131)
at org.testng.internal.Invoker.invokeMethod(Invoker.java:658)
at org.testng.internal.Invoker.invokeTestMethod(Invoker.java:792)
at org.testng.internal.Invoker.invokeTestMethods(Invoker.java:1103)
at org.testng.internal.TestMethodWorker.invokeTestMethods(TestMethodWorker.java:140)
at org.testng.internal.TestMethodWorker.run(TestMethodWorker.java:122)
at org.testng.internal.thread.ThreadUtil$1.call(ThreadUtil.java:70)
at java.base/java.util.concurrent.FutureTask.run(FutureTask.java:264)
at java.base/java.util.concurrent.ThreadPoolExecutor.runWorker(ThreadPoolExecutor.java:1128)
at java.base/java.util.concurrent.ThreadPoolExecutor$Worker.run(ThreadPoolExecutor.java:628)
at java.base/java.lang.Thread.run(Thread.java:834)
]]>
            </full-stacktrace>
          </exception> <!-- register.InvalidInformationException -->
          <reporter-output>
          </reporter-output>
        </test-method> <!-- testCase1 -->
        <test-method signature="testCase1()[pri:0, instance:register.RegistrAppTest@7a8136b3]" started-at="2020-10-08T10:08:01 COT" name="testCase1" finished-at="2020-10-08T10:08:02 COT" duration-ms="566" status="FAIL">
          <exception class="register.InvalidInformationException">
            <message>
              <![CDATA[invalid information!]]>
            </message>
            <full-stacktrace>
              <![CDATA[register.InvalidInformationException: invalid information!
at register.RegistrApp.validation(RegistrApp.java:35)
at register.RegistrAppTest.generic(RegistrAppTest.java:31)
at register.RegistrAppTest.testCase1(RegistrAppTest.java:19)
at jdk.internal.reflect.GeneratedMethodAccessor1.invoke(Unknown Source)
at java.base/jdk.internal.reflect.DelegatingMethodAccessorImpl.invoke(DelegatingMethodAccessorImpl.java:43)
at java.base/java.lang.reflect.Method.invoke(Method.java:566)
at org.testng.internal.MethodInvocationHelper.invokeMethod(MethodInvocationHelper.java:131)
at org.testng.internal.Invoker.invokeMethod(Invoker.java:658)
at org.testng.internal.Invoker.invokeTestMethod(Invoker.java:792)
at org.testng.internal.Invoker.invokeTestMethods(Invoker.java:1103)
at org.testng.internal.TestMethodWorker.invokeTestMethods(TestMethodWorker.java:140)
at org.testng.internal.TestMethodWorker.run(TestMethodWorker.java:122)
at org.testng.internal.thread.ThreadUtil$1.call(ThreadUtil.java:70)
at java.base/java.util.concurrent.FutureTask.run(FutureTask.java:264)
at java.base/java.util.concurrent.ThreadPoolExecutor.runWorker(ThreadPoolExecutor.java:1128)
at java.base/java.util.concurrent.ThreadPoolExecutor$Worker.run(ThreadPoolExecutor.java:628)
at java.base/java.lang.Thread.run(Thread.java:834)
]]>
            </full-stacktrace>
          </exception> <!-- register.InvalidInformationException -->
          <reporter-output>
          </reporter-output>
        </test-method> <!-- testCase1 -->
        <test-method signature="testCase1()[pri:0, instance:register.RegistrAppTest@7a8136b3]" started-at="2020-10-08T10:08:01 COT" name="testCase1" finished-at="2020-10-08T10:08:02 COT" duration-ms="556" status="FAIL">
          <exception class="register.InvalidInformationException">
            <message>
              <![CDATA[invalid information!]]>
            </message>
            <full-stacktrace>
              <![CDATA[register.InvalidInformationException: invalid information!
at register.RegistrApp.validation(RegistrApp.java:35)
at register.RegistrAppTest.generic(RegistrAppTest.java:31)
at register.RegistrAppTest.testCase1(RegistrAppTest.java:19)
at jdk.internal.reflect.GeneratedMethodAccessor1.invoke(Unknown Source)
at java.base/jdk.internal.reflect.DelegatingMethodAccessorImpl.invoke(DelegatingMethodAccessorImpl.java:43)
at java.base/java.lang.reflect.Method.invoke(Method.java:566)
at org.testng.internal.MethodInvocationHelper.invokeMethod(MethodInvocationHelper.java:131)
at org.testng.internal.Invoker.invokeMethod(Invoker.java:658)
at org.testng.internal.Invoker.invokeTestMethod(Invoker.java:792)
at org.testng.internal.Invoker.invokeTestMethods(Invoker.java:1103)
at org.testng.internal.TestMethodWorker.invokeTestMethods(TestMethodWorker.java:140)
at org.testng.internal.TestMethodWorker.run(TestMethodWorker.java:122)
at org.testng.internal.thread.ThreadUtil$1.call(ThreadUtil.java:70)
at java.base/java.util.concurrent.FutureTask.run(FutureTask.java:264)
at java.base/java.util.concurrent.ThreadPoolExecutor.runWorker(ThreadPoolExecutor.java:1128)
at java.base/java.util.concurrent.ThreadPoolExecutor$Worker.run(ThreadPoolExecutor.java:628)
at java.base/java.lang.Thread.run(Thread.java:834)
]]>
            </full-stacktrace>
          </exception> <!-- register.InvalidInformationException -->
          <reporter-output>
          </reporter-output>
        </test-method> <!-- testCase1 -->
        <test-method signature="testCase1()[pri:0, instance:register.RegistrAppTest@7a8136b3]" started-at="2020-10-08T10:08:01 COT" name="testCase1" finished-at="2020-10-08T10:08:02 COT" duration-ms="544" status="FAIL">
          <exception class="register.InvalidInformationException">
            <message>
              <![CDATA[invalid information!]]>
            </message>
            <full-stacktrace>
              <![CDATA[register.InvalidInformationException: invalid information!
at register.RegistrApp.validation(RegistrApp.java:35)
at register.RegistrAppTest.generic(RegistrAppTest.java:31)
at register.RegistrAppTest.testCase1(RegistrAppTest.java:19)
at jdk.internal.reflect.GeneratedMethodAccessor1.invoke(Unknown Source)
at java.base/jdk.internal.reflect.DelegatingMethodAccessorImpl.invoke(DelegatingMethodAccessorImpl.java:43)
at java.base/java.lang.reflect.Method.invoke(Method.java:566)
at org.testng.internal.MethodInvocationHelper.invokeMethod(MethodInvocationHelper.java:131)
at org.testng.internal.Invoker.invokeMethod(Invoker.java:658)
at org.testng.internal.Invoker.invokeTestMethod(Invoker.java:792)
at org.testng.internal.Invoker.invokeTestMethods(Invoker.java:1103)
at org.testng.internal.TestMethodWorker.invokeTestMethods(TestMethodWorker.java:140)
at org.testng.internal.TestMethodWorker.run(TestMethodWorker.java:122)
at org.testng.internal.thread.ThreadUtil$1.call(ThreadUtil.java:70)
at java.base/java.util.concurrent.FutureTask.run(FutureTask.java:264)
at java.base/java.util.concurrent.ThreadPoolExecutor.runWorker(ThreadPoolExecutor.java:1128)
at java.base/java.util.concurrent.ThreadPoolExecutor$Worker.run(ThreadPoolExecutor.java:628)
at java.base/java.lang.Thread.run(Thread.java:834)
]]>
            </full-stacktrace>
          </exception> <!-- register.InvalidInformationException -->
          <reporter-output>
          </reporter-output>
        </test-method> <!-- testCase1 -->
        <test-method signature="testCase1()[pri:0, instance:register.RegistrAppTest@7a8136b3]" started-at="2020-10-08T10:08:01 COT" name="testCase1" finished-at="2020-10-08T10:08:02 COT" duration-ms="538" status="FAIL">
          <exception class="register.InvalidInformationException">
            <message>
              <![CDATA[invalid information!]]>
            </message>
            <full-stacktrace>
              <![CDATA[register.InvalidInformationException: invalid information!
at register.RegistrApp.validation(RegistrApp.java:35)
at register.RegistrAppTest.generic(RegistrAppTest.java:31)
at register.RegistrAppTest.testCase1(RegistrAppTest.java:19)
at jdk.internal.reflect.GeneratedMethodAccessor1.invoke(Unknown Source)
at java.base/jdk.internal.reflect.DelegatingMethodAccessorImpl.invoke(DelegatingMethodAccessorImpl.java:43)
at java.base/java.lang.reflect.Method.invoke(Method.java:566)
at org.testng.internal.MethodInvocationHelper.invokeMethod(MethodInvocationHelper.java:131)
at org.testng.internal.Invoker.invokeMethod(Invoker.java:658)
at org.testng.internal.Invoker.invokeTestMethod(Invoker.java:792)
at org.testng.internal.Invoker.invokeTestMethods(Invoker.java:1103)
at org.testng.internal.TestMethodWorker.invokeTestMethods(TestMethodWorker.java:140)
at org.testng.internal.TestMethodWorker.run(TestMethodWorker.java:122)
at org.testng.internal.thread.ThreadUtil$1.call(ThreadUtil.java:70)
at java.base/java.util.concurrent.FutureTask.run(FutureTask.java:264)
at java.base/java.util.concurrent.ThreadPoolExecutor.runWorker(ThreadPoolExecutor.java:1128)
at java.base/java.util.concurrent.ThreadPoolExecutor$Worker.run(ThreadPoolExecutor.java:628)
at java.base/java.lang.Thread.run(Thread.java:834)
]]>
            </full-stacktrace>
          </exception> <!-- register.InvalidInformationException -->
          <reporter-output>
          </reporter-output>
        </test-method> <!-- testCase1 -->
        <test-method signature="testCase1()[pri:0, instance:register.RegistrAppTest@7a8136b3]" started-at="2020-10-08T10:08:01 COT" name="testCase1" finished-at="2020-10-08T10:08:02 COT" duration-ms="528" status="FAIL">
          <exception class="register.InvalidInformationException">
            <message>
              <![CDATA[invalid information!]]>
            </message>
            <full-stacktrace>
              <![CDATA[register.InvalidInformationException: invalid information!
at register.RegistrApp.validation(RegistrApp.java:35)
at register.RegistrAppTest.generic(RegistrAppTest.java:31)
at register.RegistrAppTest.testCase1(RegistrAppTest.java:19)
at jdk.internal.reflect.GeneratedMethodAccessor1.invoke(Unknown Source)
at java.base/jdk.internal.reflect.DelegatingMethodAccessorImpl.invoke(DelegatingMethodAccessorImpl.java:43)
at java.base/java.lang.reflect.Method.invoke(Method.java:566)
at org.testng.internal.MethodInvocationHelper.invokeMethod(MethodInvocationHelper.java:131)
at org.testng.internal.Invoker.invokeMethod(Invoker.java:658)
at org.testng.internal.Invoker.invokeTestMethod(Invoker.java:792)
at org.testng.internal.Invoker.invokeTestMethods(Invoker.java:1103)
at org.testng.internal.TestMethodWorker.invokeTestMethods(TestMethodWorker.java:140)
at org.testng.internal.TestMethodWorker.run(TestMethodWorker.java:122)
at org.testng.internal.thread.ThreadUtil$1.call(ThreadUtil.java:70)
at java.base/java.util.concurrent.FutureTask.run(FutureTask.java:264)
at java.base/java.util.concurrent.ThreadPoolExecutor.runWorker(ThreadPoolExecutor.java:1128)
at java.base/java.util.concurrent.ThreadPoolExecutor$Worker.run(ThreadPoolExecutor.java:628)
at java.base/java.lang.Thread.run(Thread.java:834)
]]>
            </full-stacktrace>
          </exception> <!-- register.InvalidInformationException -->
          <reporter-output>
          </reporter-output>
        </test-method> <!-- testCase1 -->
        <test-method signature="testCase1()[pri:0, instance:register.RegistrAppTest@7a8136b3]" started-at="2020-10-08T10:08:01 COT" name="testCase1" finished-at="2020-10-08T10:08:02 COT" duration-ms="517" status="FAIL">
          <exception class="register.InvalidInformationException">
            <message>
              <![CDATA[invalid information!]]>
            </message>
            <full-stacktrace>
              <![CDATA[register.InvalidInformationException: invalid information!
at register.RegistrApp.validation(RegistrApp.java:35)
at register.RegistrAppTest.generic(RegistrAppTest.java:31)
at register.RegistrAppTest.testCase1(RegistrAppTest.java:19)
at jdk.internal.reflect.GeneratedMethodAccessor1.invoke(Unknown Source)
at java.base/jdk.internal.reflect.DelegatingMethodAccessorImpl.invoke(DelegatingMethodAccessorImpl.java:43)
at java.base/java.lang.reflect.Method.invoke(Method.java:566)
at org.testng.internal.MethodInvocationHelper.invokeMethod(MethodInvocationHelper.java:131)
at org.testng.internal.Invoker.invokeMethod(Invoker.java:658)
at org.testng.internal.Invoker.invokeTestMethod(Invoker.java:792)
at org.testng.internal.Invoker.invokeTestMethods(Invoker.java:1103)
at org.testng.internal.TestMethodWorker.invokeTestMethods(TestMethodWorker.java:140)
at org.testng.internal.TestMethodWorker.run(TestMethodWorker.java:122)
at org.testng.internal.thread.ThreadUtil$1.call(ThreadUtil.java:70)
at java.base/java.util.concurrent.FutureTask.run(FutureTask.java:264)
at java.base/java.util.concurrent.ThreadPoolExecutor.runWorker(ThreadPoolExecutor.java:1128)
at java.base/java.util.concurrent.ThreadPoolExecutor$Worker.run(ThreadPoolExecutor.java:628)
at java.base/java.lang.Thread.run(Thread.java:834)
]]>
            </full-stacktrace>
          </exception> <!-- register.InvalidInformationException -->
          <reporter-output>
          </reporter-output>
        </test-method> <!-- testCase1 -->
        <test-method signature="testCase1()[pri:0, instance:register.RegistrAppTest@7a8136b3]" started-at="2020-10-08T10:08:01 COT" name="testCase1" finished-at="2020-10-08T10:08:02 COT" duration-ms="507" status="FAIL">
          <exception class="register.InvalidInformationException">
            <message>
              <![CDATA[invalid information!]]>
            </message>
            <full-stacktrace>
              <![CDATA[register.InvalidInformationException: invalid information!
at register.RegistrApp.validation(RegistrApp.java:35)
at register.RegistrAppTest.generic(RegistrAppTest.java:31)
at register.RegistrAppTest.testCase1(RegistrAppTest.java:19)
at jdk.internal.reflect.GeneratedMethodAccessor1.invoke(Unknown Source)
at java.base/jdk.internal.reflect.DelegatingMethodAccessorImpl.invoke(DelegatingMethodAccessorImpl.java:43)
at java.base/java.lang.reflect.Method.invoke(Method.java:566)
at org.testng.internal.MethodInvocationHelper.invokeMethod(MethodInvocationHelper.java:131)
at org.testng.internal.Invoker.invokeMethod(Invoker.java:658)
at org.testng.internal.Invoker.invokeTestMethod(Invoker.java:792)
at org.testng.internal.Invoker.invokeTestMethods(Invoker.java:1103)
at org.testng.internal.TestMethodWorker.invokeTestMethods(TestMethodWorker.java:140)
at org.testng.internal.TestMethodWorker.run(TestMethodWorker.java:122)
at org.testng.internal.thread.ThreadUtil$1.call(ThreadUtil.java:70)
at java.base/java.util.concurrent.FutureTask.run(FutureTask.java:264)
at java.base/java.util.concurrent.ThreadPoolExecutor.runWorker(ThreadPoolExecutor.java:1128)
at java.base/java.util.concurrent.ThreadPoolExecutor$Worker.run(ThreadPoolExecutor.java:628)
at java.base/java.lang.Thread.run(Thread.java:834)
]]>
            </full-stacktrace>
          </exception> <!-- register.InvalidInformationException -->
          <reporter-output>
          </reporter-output>
        </test-method> <!-- testCase1 -->
        <test-method signature="testCase1()[pri:0, instance:register.RegistrAppTest@7a8136b3]" started-at="2020-10-08T10:08:01 COT" name="testCase1" finished-at="2020-10-08T10:08:02 COT" duration-ms="500" status="FAIL">
          <exception class="register.InvalidInformationException">
            <message>
              <![CDATA[invalid information!]]>
            </message>
            <full-stacktrace>
              <![CDATA[register.InvalidInformationException: invalid information!
at register.RegistrApp.validation(RegistrApp.java:35)
at register.RegistrAppTest.generic(RegistrAppTest.java:31)
at register.RegistrAppTest.testCase1(RegistrAppTest.java:19)
at jdk.internal.reflect.GeneratedMethodAccessor1.invoke(Unknown Source)
at java.base/jdk.internal.reflect.DelegatingMethodAccessorImpl.invoke(DelegatingMethodAccessorImpl.java:43)
at java.base/java.lang.reflect.Method.invoke(Method.java:566)
at org.testng.internal.MethodInvocationHelper.invokeMethod(MethodInvocationHelper.java:131)
at org.testng.internal.Invoker.invokeMethod(Invoker.java:658)
at org.testng.internal.Invoker.invokeTestMethod(Invoker.java:792)
at org.testng.internal.Invoker.invokeTestMethods(Invoker.java:1103)
at org.testng.internal.TestMethodWorker.invokeTestMethods(TestMethodWorker.java:140)
at org.testng.internal.TestMethodWorker.run(TestMethodWorker.java:122)
at org.testng.internal.thread.ThreadUtil$1.call(ThreadUtil.java:70)
at java.base/java.util.concurrent.FutureTask.run(FutureTask.java:264)
at java.base/java.util.concurrent.ThreadPoolExecutor.runWorker(ThreadPoolExecutor.java:1128)
at java.base/java.util.concurrent.ThreadPoolExecutor$Worker.run(ThreadPoolExecutor.java:628)
at java.base/java.lang.Thread.run(Thread.java:834)
]]>
            </full-stacktrace>
          </exception> <!-- register.InvalidInformationException -->
          <reporter-output>
          </reporter-output>
        </test-method> <!-- testCase1 -->
        <test-method signature="testCase1()[pri:0, instance:register.RegistrAppTest@7a8136b3]" started-at="2020-10-08T10:08:01 COT" name="testCase1" finished-at="2020-10-08T10:08:02 COT" duration-ms="496" status="FAIL">
          <exception class="register.InvalidInformationException">
            <message>
              <![CDATA[invalid information!]]>
            </message>
            <full-stacktrace>
              <![CDATA[register.InvalidInformationException: invalid information!
at register.RegistrApp.validation(RegistrApp.java:35)
at register.RegistrAppTest.generic(RegistrAppTest.java:31)
at register.RegistrAppTest.testCase1(RegistrAppTest.java:19)
at jdk.internal.reflect.GeneratedMethodAccessor1.invoke(Unknown Source)
at java.base/jdk.internal.reflect.DelegatingMethodAccessorImpl.invoke(DelegatingMethodAccessorImpl.java:43)
at java.base/java.lang.reflect.Method.invoke(Method.java:566)
at org.testng.internal.MethodInvocationHelper.invokeMethod(MethodInvocationHelper.java:131)
at org.testng.internal.Invoker.invokeMethod(Invoker.java:658)
at org.testng.internal.Invoker.invokeTestMethod(Invoker.java:792)
at org.testng.internal.Invoker.invokeTestMethods(Invoker.java:1103)
at org.testng.internal.TestMethodWorker.invokeTestMethods(TestMethodWorker.java:140)
at org.testng.internal.TestMethodWorker.run(TestMethodWorker.java:122)
at org.testng.internal.thread.ThreadUtil$1.call(ThreadUtil.java:70)
at java.base/java.util.concurrent.FutureTask.run(FutureTask.java:264)
at java.base/java.util.concurrent.ThreadPoolExecutor.runWorker(ThreadPoolExecutor.java:1128)
at java.base/java.util.concurrent.ThreadPoolExecutor$Worker.run(ThreadPoolExecutor.java:628)
at java.base/java.lang.Thread.run(Thread.java:834)
]]>
            </full-stacktrace>
          </exception> <!-- register.InvalidInformationException -->
          <reporter-output>
          </reporter-output>
        </test-method> <!-- testCase1 -->
        <test-method signature="testCase1()[pri:0, instance:register.RegistrAppTest@7a8136b3]" started-at="2020-10-08T10:08:01 COT" name="testCase1" finished-at="2020-10-08T10:08:02 COT" duration-ms="494" status="FAIL">
          <exception class="register.InvalidInformationException">
            <message>
              <![CDATA[invalid information!]]>
            </message>
            <full-stacktrace>
              <![CDATA[register.InvalidInformationException: invalid information!
at register.RegistrApp.validation(RegistrApp.java:35)
at register.RegistrAppTest.generic(RegistrAppTest.java:31)
at register.RegistrAppTest.testCase1(RegistrAppTest.java:19)
at jdk.internal.reflect.GeneratedMethodAccessor1.invoke(Unknown Source)
at java.base/jdk.internal.reflect.DelegatingMethodAccessorImpl.invoke(DelegatingMethodAccessorImpl.java:43)
at java.base/java.lang.reflect.Method.invoke(Method.java:566)
at org.testng.internal.MethodInvocationHelper.invokeMethod(MethodInvocationHelper.java:131)
at org.testng.internal.Invoker.invokeMethod(Invoker.java:658)
at org.testng.internal.Invoker.invokeTestMethod(Invoker.java:792)
at org.testng.internal.Invoker.invokeTestMethods(Invoker.java:1103)
at org.testng.internal.TestMethodWorker.invokeTestMethods(TestMethodWorker.java:140)
at org.testng.internal.TestMethodWorker.run(TestMethodWorker.java:122)
at org.testng.internal.thread.ThreadUtil$1.call(ThreadUtil.java:70)
at java.base/java.util.concurrent.FutureTask.run(FutureTask.java:264)
at java.base/java.util.concurrent.ThreadPoolExecutor.runWorker(ThreadPoolExecutor.java:1128)
at java.base/java.util.concurrent.ThreadPoolExecutor$Worker.run(ThreadPoolExecutor.java:628)
at java.base/java.lang.Thread.run(Thread.java:834)
]]>
            </full-stacktrace>
          </exception> <!-- register.InvalidInformationException -->
          <reporter-output>
          </reporter-output>
        </test-method> <!-- testCase1 -->
        <test-method signature="testCase1()[pri:0, instance:register.RegistrAppTest@7a8136b3]" started-at="2020-10-08T10:08:01 COT" name="testCase1" finished-at="2020-10-08T10:08:02 COT" duration-ms="488" status="FAIL">
          <exception class="register.InvalidInformationException">
            <message>
              <![CDATA[invalid information!]]>
            </message>
            <full-stacktrace>
              <![CDATA[register.InvalidInformationException: invalid information!
at register.RegistrApp.validation(RegistrApp.java:35)
at register.RegistrAppTest.generic(RegistrAppTest.java:31)
at register.RegistrAppTest.testCase1(RegistrAppTest.java:19)
at jdk.internal.reflect.GeneratedMethodAccessor1.invoke(Unknown Source)
at java.base/jdk.internal.reflect.DelegatingMethodAccessorImpl.invoke(DelegatingMethodAccessorImpl.java:43)
at java.base/java.lang.reflect.Method.invoke(Method.java:566)
at org.testng.internal.MethodInvocationHelper.invokeMethod(MethodInvocationHelper.java:131)
at org.testng.internal.Invoker.invokeMethod(Invoker.java:658)
at org.testng.internal.Invoker.invokeTestMethod(Invoker.java:792)
at org.testng.internal.Invoker.invokeTestMethods(Invoker.java:1103)
at org.testng.internal.TestMethodWorker.invokeTestMethods(TestMethodWorker.java:140)
at org.testng.internal.TestMethodWorker.run(TestMethodWorker.java:122)
at org.testng.internal.thread.ThreadUtil$1.call(ThreadUtil.java:70)
at java.base/java.util.concurrent.FutureTask.run(FutureTask.java:264)
at java.base/java.util.concurrent.ThreadPoolExecutor.runWorker(ThreadPoolExecutor.java:1128)
at java.base/java.util.concurrent.ThreadPoolExecutor$Worker.run(ThreadPoolExecutor.java:628)
at java.base/java.lang.Thread.run(Thread.java:834)
]]>
            </full-stacktrace>
          </exception> <!-- register.InvalidInformationException -->
          <reporter-output>
          </reporter-output>
        </test-method> <!-- testCase1 -->
        <test-method signature="testCase1()[pri:0, instance:register.RegistrAppTest@7a8136b3]" started-at="2020-10-08T10:08:01 COT" name="testCase1" finished-at="2020-10-08T10:08:02 COT" duration-ms="482" status="FAIL">
          <exception class="register.InvalidInformationException">
            <message>
              <![CDATA[invalid information!]]>
            </message>
            <full-stacktrace>
              <![CDATA[register.InvalidInformationException: invalid information!
at register.RegistrApp.validation(RegistrApp.java:35)
at register.RegistrAppTest.generic(RegistrAppTest.java:31)
at register.RegistrAppTest.testCase1(RegistrAppTest.java:19)
at jdk.internal.reflect.GeneratedMethodAccessor1.invoke(Unknown Source)
at java.base/jdk.internal.reflect.DelegatingMethodAccessorImpl.invoke(DelegatingMethodAccessorImpl.java:43)
at java.base/java.lang.reflect.Method.invoke(Method.java:566)
at org.testng.internal.MethodInvocationHelper.invokeMethod(MethodInvocationHelper.java:131)
at org.testng.internal.Invoker.invokeMethod(Invoker.java:658)
at org.testng.internal.Invoker.invokeTestMethod(Invoker.java:792)
at org.testng.internal.Invoker.invokeTestMethods(Invoker.java:1103)
at org.testng.internal.TestMethodWorker.invokeTestMethods(TestMethodWorker.java:140)
at org.testng.internal.TestMethodWorker.run(TestMethodWorker.java:122)
at org.testng.internal.thread.ThreadUtil$1.call(ThreadUtil.java:70)
at java.base/java.util.concurrent.FutureTask.run(FutureTask.java:264)
at java.base/java.util.concurrent.ThreadPoolExecutor.runWorker(ThreadPoolExecutor.java:1128)
at java.base/java.util.concurrent.ThreadPoolExecutor$Worker.run(ThreadPoolExecutor.java:628)
at java.base/java.lang.Thread.run(Thread.java:834)
]]>
            </full-stacktrace>
          </exception> <!-- register.InvalidInformationException -->
          <reporter-output>
          </reporter-output>
        </test-method> <!-- testCase1 -->
        <test-method signature="testCase1()[pri:0, instance:register.RegistrAppTest@7a8136b3]" started-at="2020-10-08T10:08:01 COT" name="testCase1" finished-at="2020-10-08T10:08:02 COT" duration-ms="480" status="FAIL">
          <exception class="register.InvalidInformationException">
            <message>
              <![CDATA[invalid information!]]>
            </message>
            <full-stacktrace>
              <![CDATA[register.InvalidInformationException: invalid information!
at register.RegistrApp.validation(RegistrApp.java:35)
at register.RegistrAppTest.generic(RegistrAppTest.java:31)
at register.RegistrAppTest.testCase1(RegistrAppTest.java:19)
at jdk.internal.reflect.GeneratedMethodAccessor1.invoke(Unknown Source)
at java.base/jdk.internal.reflect.DelegatingMethodAccessorImpl.invoke(DelegatingMethodAccessorImpl.java:43)
at java.base/java.lang.reflect.Method.invoke(Method.java:566)
at org.testng.internal.MethodInvocationHelper.invokeMethod(MethodInvocationHelper.java:131)
at org.testng.internal.Invoker.invokeMethod(Invoker.java:658)
at org.testng.internal.Invoker.invokeTestMethod(Invoker.java:792)
at org.testng.internal.Invoker.invokeTestMethods(Invoker.java:1103)
at org.testng.internal.TestMethodWorker.invokeTestMethods(TestMethodWorker.java:140)
at org.testng.internal.TestMethodWorker.run(TestMethodWorker.java:122)
at org.testng.internal.thread.ThreadUtil$1.call(ThreadUtil.java:70)
at java.base/java.util.concurrent.FutureTask.run(FutureTask.java:264)
at java.base/java.util.concurrent.ThreadPoolExecutor.runWorker(ThreadPoolExecutor.java:1128)
at java.base/java.util.concurrent.ThreadPoolExecutor$Worker.run(ThreadPoolExecutor.java:628)
at java.base/java.lang.Thread.run(Thread.java:834)
]]>
            </full-stacktrace>
          </exception> <!-- register.InvalidInformationException -->
          <reporter-output>
          </reporter-output>
        </test-method> <!-- testCase1 -->
        <test-method signature="testCase1()[pri:0, instance:register.RegistrAppTest@7a8136b3]" started-at="2020-10-08T10:08:01 COT" name="testCase1" finished-at="2020-10-08T10:08:02 COT" duration-ms="471" status="FAIL">
          <exception class="register.InvalidInformationException">
            <message>
              <![CDATA[invalid information!]]>
            </message>
            <full-stacktrace>
              <![CDATA[register.InvalidInformationException: invalid information!
at register.RegistrApp.validation(RegistrApp.java:35)
at register.RegistrAppTest.generic(RegistrAppTest.java:31)
at register.RegistrAppTest.testCase1(RegistrAppTest.java:19)
at jdk.internal.reflect.GeneratedMethodAccessor1.invoke(Unknown Source)
at java.base/jdk.internal.reflect.DelegatingMethodAccessorImpl.invoke(DelegatingMethodAccessorImpl.java:43)
at java.base/java.lang.reflect.Method.invoke(Method.java:566)
at org.testng.internal.MethodInvocationHelper.invokeMethod(MethodInvocationHelper.java:131)
at org.testng.internal.Invoker.invokeMethod(Invoker.java:658)
at org.testng.internal.Invoker.invokeTestMethod(Invoker.java:792)
at org.testng.internal.Invoker.invokeTestMethods(Invoker.java:1103)
at org.testng.internal.TestMethodWorker.invokeTestMethods(TestMethodWorker.java:140)
at org.testng.internal.TestMethodWorker.run(TestMethodWorker.java:122)
at org.testng.internal.thread.ThreadUtil$1.call(ThreadUtil.java:70)
at java.base/java.util.concurrent.FutureTask.run(FutureTask.java:264)
at java.base/java.util.concurrent.ThreadPoolExecutor.runWorker(ThreadPoolExecutor.java:1128)
at java.base/java.util.concurrent.ThreadPoolExecutor$Worker.run(ThreadPoolExecutor.java:628)
at java.base/java.lang.Thread.run(Thread.java:834)
]]>
            </full-stacktrace>
          </exception> <!-- register.InvalidInformationException -->
          <reporter-output>
          </reporter-output>
        </test-method> <!-- testCase1 -->
        <test-method signature="testCase1()[pri:0, instance:register.RegistrAppTest@7a8136b3]" started-at="2020-10-08T10:08:01 COT" name="testCase1" finished-at="2020-10-08T10:08:02 COT" duration-ms="468" status="FAIL">
          <exception class="register.InvalidInformationException">
            <message>
              <![CDATA[invalid information!]]>
            </message>
            <full-stacktrace>
              <![CDATA[register.InvalidInformationException: invalid information!
at register.RegistrApp.validation(RegistrApp.java:35)
at register.RegistrAppTest.generic(RegistrAppTest.java:31)
at register.RegistrAppTest.testCase1(RegistrAppTest.java:19)
at jdk.internal.reflect.GeneratedMethodAccessor1.invoke(Unknown Source)
at java.base/jdk.internal.reflect.DelegatingMethodAccessorImpl.invoke(DelegatingMethodAccessorImpl.java:43)
at java.base/java.lang.reflect.Method.invoke(Method.java:566)
at org.testng.internal.MethodInvocationHelper.invokeMethod(MethodInvocationHelper.java:131)
at org.testng.internal.Invoker.invokeMethod(Invoker.java:658)
at org.testng.internal.Invoker.invokeTestMethod(Invoker.java:792)
at org.testng.internal.Invoker.invokeTestMethods(Invoker.java:1103)
at org.testng.internal.TestMethodWorker.invokeTestMethods(TestMethodWorker.java:140)
at org.testng.internal.TestMethodWorker.run(TestMethodWorker.java:122)
at org.testng.internal.thread.ThreadUtil$1.call(ThreadUtil.java:70)
at java.base/java.util.concurrent.FutureTask.run(FutureTask.java:264)
at java.base/java.util.concurrent.ThreadPoolExecutor.runWorker(ThreadPoolExecutor.java:1128)
at java.base/java.util.concurrent.ThreadPoolExecutor$Worker.run(ThreadPoolExecutor.java:628)
at java.base/java.lang.Thread.run(Thread.java:834)
]]>
            </full-stacktrace>
          </exception> <!-- register.InvalidInformationException -->
          <reporter-output>
          </reporter-output>
        </test-method> <!-- testCase1 -->
        <test-method signature="testCase1()[pri:0, instance:register.RegistrAppTest@7a8136b3]" started-at="2020-10-08T10:08:01 COT" name="testCase1" finished-at="2020-10-08T10:08:02 COT" duration-ms="462" status="FAIL">
          <exception class="register.InvalidInformationException">
            <message>
              <![CDATA[invalid information!]]>
            </message>
            <full-stacktrace>
              <![CDATA[register.InvalidInformationException: invalid information!
at register.RegistrApp.validation(RegistrApp.java:35)
at register.RegistrAppTest.generic(RegistrAppTest.java:31)
at register.RegistrAppTest.testCase1(RegistrAppTest.java:19)
at jdk.internal.reflect.GeneratedMethodAccessor1.invoke(Unknown Source)
at java.base/jdk.internal.reflect.DelegatingMethodAccessorImpl.invoke(DelegatingMethodAccessorImpl.java:43)
at java.base/java.lang.reflect.Method.invoke(Method.java:566)
at org.testng.internal.MethodInvocationHelper.invokeMethod(MethodInvocationHelper.java:131)
at org.testng.internal.Invoker.invokeMethod(Invoker.java:658)
at org.testng.internal.Invoker.invokeTestMethod(Invoker.java:792)
at org.testng.internal.Invoker.invokeTestMethods(Invoker.java:1103)
at org.testng.internal.TestMethodWorker.invokeTestMethods(TestMethodWorker.java:140)
at org.testng.internal.TestMethodWorker.run(TestMethodWorker.java:122)
at org.testng.internal.thread.ThreadUtil$1.call(ThreadUtil.java:70)
at java.base/java.util.concurrent.FutureTask.run(FutureTask.java:264)
at java.base/java.util.concurrent.ThreadPoolExecutor.runWorker(ThreadPoolExecutor.java:1128)
at java.base/java.util.concurrent.ThreadPoolExecutor$Worker.run(ThreadPoolExecutor.java:628)
at java.base/java.lang.Thread.run(Thread.java:834)
]]>
            </full-stacktrace>
          </exception> <!-- register.InvalidInformationException -->
          <reporter-output>
          </reporter-output>
        </test-method> <!-- testCase1 -->
        <test-method signature="testCase1()[pri:0, instance:register.RegistrAppTest@7a8136b3]" started-at="2020-10-08T10:08:01 COT" name="testCase1" finished-at="2020-10-08T10:08:02 COT" duration-ms="399" status="FAIL">
          <exception class="register.InvalidInformationException">
            <message>
              <![CDATA[invalid information!]]>
            </message>
            <full-stacktrace>
              <![CDATA[register.InvalidInformationException: invalid information!
at register.RegistrApp.validation(RegistrApp.java:35)
at register.RegistrAppTest.generic(RegistrAppTest.java:31)
at register.RegistrAppTest.testCase1(RegistrAppTest.java:19)
at jdk.internal.reflect.GeneratedMethodAccessor1.invoke(Unknown Source)
at java.base/jdk.internal.reflect.DelegatingMethodAccessorImpl.invoke(DelegatingMethodAccessorImpl.java:43)
at java.base/java.lang.reflect.Method.invoke(Method.java:566)
at org.testng.internal.MethodInvocationHelper.invokeMethod(MethodInvocationHelper.java:131)
at org.testng.internal.Invoker.invokeMethod(Invoker.java:658)
at org.testng.internal.Invoker.invokeTestMethod(Invoker.java:792)
at org.testng.internal.Invoker.invokeTestMethods(Invoker.java:1103)
at org.testng.internal.TestMethodWorker.invokeTestMethods(TestMethodWorker.java:140)
at org.testng.internal.TestMethodWorker.run(TestMethodWorker.java:122)
at org.testng.internal.thread.ThreadUtil$1.call(ThreadUtil.java:70)
at java.base/java.util.concurrent.FutureTask.run(FutureTask.java:264)
at java.base/java.util.concurrent.ThreadPoolExecutor.runWorker(ThreadPoolExecutor.java:1128)
at java.base/java.util.concurrent.ThreadPoolExecutor$Worker.run(ThreadPoolExecutor.java:628)
at java.base/java.lang.Thread.run(Thread.java:834)
]]>
            </full-stacktrace>
          </exception> <!-- register.InvalidInformationException -->
          <reporter-output>
          </reporter-output>
        </test-method> <!-- testCase1 -->
        <test-method signature="testCase1()[pri:0, instance:register.RegistrAppTest@7a8136b3]" started-at="2020-10-08T10:08:01 COT" name="testCase1" finished-at="2020-10-08T10:08:02 COT" duration-ms="416" status="FAIL">
          <exception class="register.InvalidInformationException">
            <message>
              <![CDATA[invalid information!]]>
            </message>
            <full-stacktrace>
              <![CDATA[register.InvalidInformationException: invalid information!
at register.RegistrApp.validation(RegistrApp.java:35)
at register.RegistrAppTest.generic(RegistrAppTest.java:31)
at register.RegistrAppTest.testCase1(RegistrAppTest.java:19)
at jdk.internal.reflect.GeneratedMethodAccessor1.invoke(Unknown Source)
at java.base/jdk.internal.reflect.DelegatingMethodAccessorImpl.invoke(DelegatingMethodAccessorImpl.java:43)
at java.base/java.lang.reflect.Method.invoke(Method.java:566)
at org.testng.internal.MethodInvocationHelper.invokeMethod(MethodInvocationHelper.java:131)
at org.testng.internal.Invoker.invokeMethod(Invoker.java:658)
at org.testng.internal.Invoker.invokeTestMethod(Invoker.java:792)
at org.testng.internal.Invoker.invokeTestMethods(Invoker.java:1103)
at org.testng.internal.TestMethodWorker.invokeTestMethods(TestMethodWorker.java:140)
at org.testng.internal.TestMethodWorker.run(TestMethodWorker.java:122)
at org.testng.internal.thread.ThreadUtil$1.call(ThreadUtil.java:70)
at java.base/java.util.concurrent.FutureTask.run(FutureTask.java:264)
at java.base/java.util.concurrent.ThreadPoolExecutor.runWorker(ThreadPoolExecutor.java:1128)
at java.base/java.util.concurrent.ThreadPoolExecutor$Worker.run(ThreadPoolExecutor.java:628)
at java.base/java.lang.Thread.run(Thread.java:834)
]]>
            </full-stacktrace>
          </exception> <!-- register.InvalidInformationException -->
          <reporter-output>
          </reporter-output>
        </test-method> <!-- testCase1 -->
        <test-method signature="testCase1()[pri:0, instance:register.RegistrAppTest@7a8136b3]" started-at="2020-10-08T10:08:01 COT" name="testCase1" finished-at="2020-10-08T10:08:02 COT" duration-ms="381" status="FAIL">
          <exception class="register.InvalidInformationException">
            <message>
              <![CDATA[invalid information!]]>
            </message>
            <full-stacktrace>
              <![CDATA[register.InvalidInformationException: invalid information!
at register.RegistrApp.validation(RegistrApp.java:35)
at register.RegistrAppTest.generic(RegistrAppTest.java:31)
at register.RegistrAppTest.testCase1(RegistrAppTest.java:19)
at jdk.internal.reflect.GeneratedMethodAccessor1.invoke(Unknown Source)
at java.base/jdk.internal.reflect.DelegatingMethodAccessorImpl.invoke(DelegatingMethodAccessorImpl.java:43)
at java.base/java.lang.reflect.Method.invoke(Method.java:566)
at org.testng.internal.MethodInvocationHelper.invokeMethod(MethodInvocationHelper.java:131)
at org.testng.internal.Invoker.invokeMethod(Invoker.java:658)
at org.testng.internal.Invoker.invokeTestMethod(Invoker.java:792)
[...]
at java.base/java.util.concurrent.ThreadPoolExecutor.runWorker(ThreadPoolExecutor.java:1128)
at java.base/java.util.concurrent.ThreadPoolExecutor$Worker.run(ThreadPoolExecutor.java:628)
at java.base/java.lang.Thread.run(Thread.java:834)
]]>
            </full-stacktrace>
          </exception> <!-- register.InvalidInformationException -->
          <reporter-output>
          </reporter-output>
        </test-method> <!-- testCase1 -->
        <test-method signature="testCase1()[pri:0, instance:register.RegistrAppTest@7a8136b3]" started-at="2020-10-08T10:08:02 COT" name="testCase1" finished-at="2020-10-08T10:08:02 COT" duration-ms="57" status="FAIL">
          <exception class="register.InvalidInformationException">
            <message>
              <![CDATA[invalid information!]]>
            </message>
            <full-stacktrace>
              <![CDATA[register.InvalidInformationException: invalid information!
at register.RegistrApp.validation(RegistrApp.java:35)
at register.RegistrAppTest.generic(RegistrAppTest.java:31)
at register.RegistrAppTest.testCase1(RegistrAppTest.java:19)
at jdk.internal.reflect.GeneratedMethodAccessor1.invoke(Unknown Source)
at java.base/jdk.internal.reflect.DelegatingMethodAccessorImpl.invoke(DelegatingMethodAccessorImpl.java:43)
at java.base/java.lang.reflect.Method.invoke(Method.java:566)
at org.testng.internal.MethodInvocationHelper.invokeMethod(MethodInvocationHelper.java:131)
at org.testng.internal.Invoker.invokeMethod(Invoker.java:658)
at org.testng.internal.Invoker.invokeTestMethod(Invoker.java:792)
at org.testng.internal.Invoker.invokeTestMethods(Invoker.java:1103)
at org.testng.internal.TestMethodWorker.invokeTestMethods(TestMethodWorker.java:140)
at org.testng.internal.TestMethodWorker.run(TestMethodWorker.java:122)
at org.testng.internal.thread.ThreadUtil$1.call(ThreadUtil.java:70)
at java.base/java.util.concurrent.FutureTask.run(FutureTask.java:264)
at java.base/java.util.concurrent.ThreadPoolExecutor.runWorker(ThreadPoolExecutor.java:1128)
at java.base/java.util.concurrent.ThreadPoolExecutor$Worker.run(ThreadPoolExecutor.java:628)
at java.base/java.lang.Thread.run(Thread.java:834)
]]>
            </full-stacktrace>
          </exception> <!-- register.InvalidInformationException -->
          <reporter-output>
          </reporter-output>
        </test-method> <!-- testCase1 -->
        <test-method signature="testCase1()[pri:0, instance:register.RegistrAppTest@7a8136b3]" started-at="2020-10-08T10:08:02 COT" name="testCase1" finished-at="2020-10-08T10:08:02 COT" duration-ms="52" status="FAIL">
          <exception class="register.InvalidInformationException">
            <message>
              <![CDATA[invalid information!]]>
            </message>
            <full-stacktrace>
              <![CDATA[register.InvalidInformationException: invalid information!
at register.RegistrApp.validation(RegistrApp.java:35)
at register.RegistrAppTest.generic(RegistrAppTest.java:31)
at register.RegistrAppTest.testCase1(RegistrAppTest.java:19)
at jdk.internal.reflect.GeneratedMethodAccessor1.invoke(Unknown Source)
at java.base/jdk.internal.reflect.DelegatingMethodAccessorImpl.invoke(DelegatingMethodAccessorImpl.java:43)
at java.base/java.lang.reflect.Method.invoke(Method.java:566)
at org.testng.internal.MethodInvocationHelper.invokeMethod(MethodInvocationHelper.java:131)
at org.testng.internal.Invoker.invokeMethod(Invoker.java:658)
at org.testng.internal.Invoker.invokeTestMethod(Invoker.java:792)
at org.testng.internal.Invoker.invokeTestMethods(Invoker.java:1103)
at org.testng.internal.TestMethodWorker.invokeTestMethods(TestMethodWorker.java:140)
at org.testng.internal.TestMethodWorker.run(TestMethodWorker.java:122)
at org.testng.internal.thread.ThreadUtil$1.call(ThreadUtil.java:70)
at java.base/java.util.concurrent.FutureTask.run(FutureTask.java:264)
at java.base/java.util.concurrent.ThreadPoolExecutor.runWorker(ThreadPoolExecutor.java:1128)
at java.base/java.util.concurrent.ThreadPoolExecutor$Worker.run(ThreadPoolExecutor.java:628)
at java.base/java.lang.Thread.run(Thread.java:834)
]]>
            </full-stacktrace>
          </exception> <!-- register.InvalidInformationException -->
          <reporter-output>
          </reporter-output>
        </test-method> <!-- testCase1 -->
        <test-method signature="testCase1()[pri:0, instance:register.RegistrAppTest@7a8136b3]" started-at="2020-10-08T10:08:02 COT" name="testCase1" finished-at="2020-10-08T10:08:02 COT" duration-ms="45" status="FAIL">
          <exception class="register.InvalidInformationException">
            <message>
              <![CDATA[invalid information!]]>
            </message>
            <full-stacktrace>
              <![CDATA[register.InvalidInformationException: invalid information!
at register.RegistrApp.validation(RegistrApp.java:35)
at register.RegistrAppTest.generic(RegistrAppTest.java:31)
at register.RegistrAppTest.testCase1(RegistrAppTest.java:19)
at jdk.internal.reflect.GeneratedMethodAccessor1.invoke(Unknown Source)
at java.base/jdk.internal.reflect.DelegatingMethodAccessorImpl.invoke(DelegatingMethodAccessorImpl.java:43)
at java.base/java.lang.reflect.Method.invoke(Method.java:566)
at org.testng.internal.MethodInvocationHelper.invokeMethod(MethodInvocationHelper.java:131)
at org.testng.internal.Invoker.invokeMethod(Invoker.java:658)
at org.testng.internal.Invoker.invokeTestMethod(Invoker.java:792)
at org.testng.internal.Invoker.invokeTestMethods(Invoker.java:1103)
at org.testng.internal.TestMethodWorker.invokeTestMethods(TestMethodWorker.java:140)
at org.testng.internal.TestMethodWorker.run(TestMethodWorker.java:122)
at org.testng.internal.thread.ThreadUtil$1.call(ThreadUtil.java:70)
at java.base/java.util.concurrent.FutureTask.run(FutureTask.java:264)
at java.base/java.util.concurrent.ThreadPoolExecutor.runWorker(ThreadPoolExecutor.java:1128)
at java.base/java.util.concurrent.ThreadPoolExecutor$Worker.run(ThreadPoolExecutor.java:628)
at java.base/java.lang.Thread.run(Thread.java:834)
]]>
            </full-stacktrace>
          </exception> <!-- register.InvalidInformationException -->
          <reporter-output>
          </reporter-output>
        </test-method> <!-- testCase1 -->
        <test-method signature="testCase1()[pri:0, instance:register.RegistrAppTest@7a8136b3]" started-at="2020-10-08T10:08:02 COT" name="testCase1" finished-at="2020-10-08T10:08:02 COT" duration-ms="34" status="FAIL">
          <exception class="register.InvalidInformationException">
            <message>
              <![CDATA[invalid information!]]>
            </message>
            <full-stacktrace>
              <![CDATA[register.InvalidInformationException: invalid information!
at register.RegistrApp.validation(RegistrApp.java:35)
at register.RegistrAppTest.generic(RegistrAppTest.java:31)
at register.RegistrAppTest.testCase1(RegistrAppTest.java:19)
at jdk.internal.reflect.GeneratedMethodAccessor1.invoke(Unknown Source)
at java.base/jdk.internal.reflect.DelegatingMethodAccessorImpl.invoke(DelegatingMethodAccessorImpl.java:43)
at java.base/java.lang.reflect.Method.invoke(Method.java:566)
at org.testng.internal.MethodInvocationHelper.invokeMethod(MethodInvocationHelper.java:131)
at org.testng.internal.Invoker.invokeMethod(Invoker.java:658)
at org.testng.internal.Invoker.invokeTestMethod(Invoker.java:792)
at org.testng.internal.Invoker.invokeTestMethods(Invoker.java:1103)
at org.testng.internal.TestMethodWorker.invokeTestMethods(TestMethodWorker.java:140)
at org.testng.internal.TestMethodWorker.run(TestMethodWorker.java:122)
at org.testng.internal.thread.ThreadUtil$1.call(ThreadUtil.java:70)
at java.base/java.util.concurrent.FutureTask.run(FutureTask.java:264)
at java.base/java.util.concurrent.ThreadPoolExecutor.runWorker(ThreadPoolExecutor.java:1128)
at java.base/java.util.concurrent.ThreadPoolExecutor$Worker.run(ThreadPoolExecutor.java:628)
at java.base/java.lang.Thread.run(Thread.java:834)
]]>
            </full-stacktrace>
          </exception> <!-- register.InvalidInformationException -->
          <reporter-output>
          </reporter-output>
        </test-method> <!-- testCase1 -->
        <test-method signature="testCase1()[pri:0, instance:register.RegistrAppTest@7a8136b3]" started-at="2020-10-08T10:08:02 COT" name="testCase1" finished-at="2020-10-08T10:08:02 COT" duration-ms="27" status="FAIL">
          <exception class="register.InvalidInformationException">
            <message>
              <![CDATA[invalid information!]]>
            </message>
            <full-stacktrace>
              <![CDATA[register.InvalidInformationException: invalid information!
at register.RegistrApp.validation(RegistrApp.java:35)
at register.RegistrAppTest.generic(RegistrAppTest.java:31)
at register.RegistrAppTest.testCase1(RegistrAppTest.java:19)
at jdk.internal.reflect.GeneratedMethodAccessor1.invoke(Unknown Source)
at java.base/jdk.internal.reflect.DelegatingMethodAccessorImpl.invoke(DelegatingMethodAccessorImpl.java:43)
at java.base/java.lang.reflect.Method.invoke(Method.java:566)
at org.testng.internal.MethodInvocationHelper.invokeMethod(MethodInvocationHelper.java:131)
at org.testng.internal.Invoker.invokeMethod(Invoker.java:658)
at org.testng.internal.Invoker.invokeTestMethod(Invoker.java:792)
at org.testng.internal.Invoker.invokeTestMethods(Invoker.java:1103)
at org.testng.internal.TestMethodWorker.invokeTestMethods(TestMethodWorker.java:140)
at org.testng.internal.TestMethodWorker.run(TestMethodWorker.java:122)
at org.testng.internal.thread.ThreadUtil$1.call(ThreadUtil.java:70)
at java.base/java.util.concurrent.FutureTask.run(FutureTask.java:264)
at java.base/java.util.concurrent.ThreadPoolExecutor.runWorker(ThreadPoolExecutor.java:1128)
at java.base/java.util.concurrent.ThreadPoolExecutor$Worker.run(ThreadPoolExecutor.java:628)
at java.base/java.lang.Thread.run(Thread.java:834)
]]>
            </full-stacktrace>
          </exception> <!-- register.InvalidInformationException -->
          <reporter-output>
          </reporter-output>
        </test-method> <!-- testCase1 -->
        <test-method signature="testCase1()[pri:0, instance:register.RegistrAppTest@7a8136b3]" started-at="2020-10-08T10:08:02 COT" name="testCase1" finished-at="2020-10-08T10:08:02 COT" duration-ms="19" status="FAIL">
          <exception class="register.InvalidInformationException">
            <message>
              <![CDATA[invalid information!]]>
            </message>
            <full-stacktrace>
              <![CDATA[register.InvalidInformationException: invalid information!
at register.RegistrApp.validation(RegistrApp.java:35)
at register.RegistrAppTest.generic(RegistrAppTest.java:31)
at register.RegistrAppTest.testCase1(RegistrAppTest.java:19)
at jdk.internal.reflect.GeneratedMethodAccessor1.invoke(Unknown Source)
at java.base/jdk.internal.reflect.DelegatingMethodAccessorImpl.invoke(DelegatingMethodAccessorImpl.java:43)
at java.base/java.lang.reflect.Method.invoke(Method.java:566)
at org.testng.internal.MethodInvocationHelper.invokeMethod(MethodInvocationHelper.java:131)
at org.testng.internal.Invoker.invokeMethod(Invoker.java:658)
at org.testng.internal.Invoker.invokeTestMethod(Invoker.java:792)
at org.testng.internal.Invoker.invokeTestMethods(Invoker.java:1103)
at org.testng.internal.TestMethodWorker.invokeTestMethods(TestMethodWorker.java:140)
at org.testng.internal.TestMethodWorker.run(TestMethodWorker.java:122)
at org.testng.internal.thread.ThreadUtil$1.call(ThreadUtil.java:70)
at java.base/java.util.concurrent.FutureTask.run(FutureTask.java:264)
at java.base/java.util.concurrent.ThreadPoolExecutor.runWorker(ThreadPoolExecutor.java:1128)
at java.base/java.util.concurrent.ThreadPoolExecutor$Worker.run(ThreadPoolExecutor.java:628)
at java.base/java.lang.Thread.run(Thread.java:834)
]]>
            </full-stacktrace>
          </exception> <!-- register.InvalidInformationException -->
          <reporter-output>
          </reporter-output>
        </test-method> <!-- testCase1 -->
        <test-method signature="testCase1()[pri:0, instance:register.RegistrAppTest@7a8136b3]" started-at="2020-10-08T10:08:02 COT" name="testCase1" finished-at="2020-10-08T10:08:02 COT" duration-ms="14" status="FAIL">
          <exception class="register.InvalidInformationException">
            <message>
              <![CDATA[invalid information!]]>
            </message>
            <full-stacktrace>
              <![CDATA[register.InvalidInformationException: invalid information!
at register.RegistrApp.validation(RegistrApp.java:35)
at register.RegistrAppTest.generic(RegistrAppTest.java:31)
at register.RegistrAppTest.testCase1(RegistrAppTest.java:19)
at jdk.internal.reflect.GeneratedMethodAccessor1.invoke(Unknown Source)
at java.base/jdk.internal.reflect.DelegatingMethodAccessorImpl.invoke(DelegatingMethodAccessorImpl.java:43)
at java.base/java.lang.reflect.Method.invoke(Method.java:566)
at org.testng.internal.MethodInvocationHelper.invokeMethod(MethodInvocationHelper.java:131)
at org.testng.internal.Invoker.invokeMethod(Invoker.java:658)
at org.testng.internal.Invoker.invokeTestMethod(Invoker.java:792)
at org.testng.internal.Invoker.invokeTestMethods(Invoker.java:1103)
at org.testng.internal.TestMethodWorker.invokeTestMethods(TestMethodWorker.java:140)
at org.testng.internal.TestMethodWorker.run(TestMethodWorker.java:122)
at org.testng.internal.thread.ThreadUtil$1.call(ThreadUtil.java:70)
at java.base/java.util.concurrent.FutureTask.run(FutureTask.java:264)
at java.base/java.util.concurrent.ThreadPoolExecutor.runWorker(ThreadPoolExecutor.java:1128)
at java.base/java.util.concurrent.ThreadPoolExecutor$Worker.run(ThreadPoolExecutor.java:628)
at java.base/java.lang.Thread.run(Thread.java:834)
]]>
            </full-stacktrace>
          </exception> <!-- register.InvalidInformationException -->
          <reporter-output>
          </reporter-output>
        </test-method> <!-- testCase1 -->
        <test-method signature="testCase1()[pri:0, instance:register.RegistrAppTest@7a8136b3]" started-at="2020-10-08T10:08:02 COT" name="testCase1" finished-at="2020-10-08T10:08:02 COT" duration-ms="200" status="FAIL">
          <exception class="register.InvalidInformationException">
            <message>
              <![CDATA[invalid information!]]>
            </message>
            <full-stacktrace>
              <![CDATA[register.InvalidInformationException: invalid information!
at register.RegistrApp.validation(RegistrApp.java:35)
at register.RegistrAppTest.generic(RegistrAppTest.java:31)
at register.RegistrAppTest.testCase1(RegistrAppTest.java:19)
at jdk.internal.reflect.GeneratedMethodAccessor1.invoke(Unknown Source)
at java.base/jdk.internal.reflect.DelegatingMethodAccessorImpl.invoke(DelegatingMethodAccessorImpl.java:43)
at java.base/java.lang.reflect.Method.invoke(Method.java:566)
at org.testng.internal.MethodInvocationHelper.invokeMethod(MethodInvocationHelper.java:131)
at org.testng.internal.Invoker.invokeMethod(Invoker.java:658)
at org.testng.internal.Invoker.invokeTestMethod(Invoker.java:792)
at org.testng.internal.Invoker.invokeTestMethods(Invoker.java:1103)
at org.testng.internal.TestMethodWorker.invokeTestMethods(TestMethodWorker.java:140)
at org.testng.internal.TestMethodWorker.run(TestMethodWorker.java:122)
at org.testng.internal.thread.ThreadUtil$1.call(ThreadUtil.java:70)
at java.base/java.util.concurrent.FutureTask.run(FutureTask.java:264)
at java.base/java.util.concurrent.ThreadPoolExecutor.runWorker(ThreadPoolExecutor.java:1128)
at java.base/java.util.concurrent.ThreadPoolExecutor$Worker.run(ThreadPoolExecutor.java:628)
at java.base/java.lang.Thread.run(Thread.java:834)
]]>
            </full-stacktrace>
          </exception> <!-- register.InvalidInformationException -->
          <reporter-output>
          </reporter-output>
        </test-method> <!-- testCase1 -->
        <test-method signature="testCase2()[pri:0, instance:register.RegistrAppTest@7a8136b3]" started-at="2020-10-08T10:08:02 COT" name="testCase2" finished-at="2020-10-08T10:08:02 COT" duration-ms="7" status="FAIL">
          <exception class="org.testng.TestException">
            <message>
              <![CDATA[
Expected exception of type class register.InvalidInformationException but got java.lang.IndexOutOfBoundsException: Index 0 out of bounds for length 0]]>
            </message>
            <full-stacktrace>
              <![CDATA[org.testng.TestException: 
Expected exception of type class register.InvalidInformationException but got java.lang.IndexOutOfBoundsException: Index 0 out of bounds for length 0
at org.testng.internal.ExpectedExceptionsHolder.wrongException(ExpectedExceptionsHolder.java:68)
at org.testng.internal.Invoker.considerExceptions(Invoker.java:1250)
at org.testng.internal.Invoker.invokeMethod(Invoker.java:687)
at org.testng.internal.Invoker.invokeTestMethod(Invoker.java:792)
at org.testng.internal.Invoker.invokeTestMethods(Invoker.java:1103)
at org.testng.internal.TestMethodWorker.invokeTestMethods(TestMethodWorker.java:140)
at org.testng.internal.TestMethodWorker.run(TestMethodWorker.java:122)
at org.testng.TestRunner.privateRun(TestRunner.java:739)
at org.testng.TestRunner.run(TestRunner.java:589)
at org.testng.SuiteRunner.runTest(SuiteRunner.java:398)
at org.testng.SuiteRunner.runSequentially(SuiteRunner.java:392)
at org.testng.SuiteRunner.privateRun(SuiteRunner.java:354)
at org.testng.SuiteRunner.run(SuiteRunner.java:302)
at org.testng.SuiteRunnerWorker.runSuite(SuiteRunnerWorker.java:53)
at org.testng.SuiteRunnerWorker.run(SuiteRunnerWorker.java:96)
at org.testng.TestNG.runSuitesSequentially(TestNG.java:1145)
at org.testng.TestNG.runSuitesLocally(TestNG.java:1067)
at org.testng.TestNG.runSuites(TestNG.java:997)
at org.testng.TestNG.run(TestNG.java:965)
at org.apache.maven.surefire.testng.TestNGExecutor.run(TestNGExecutor.java:135)
at org.apache.maven.surefire.testng.TestNGDirectoryTestSuite.executeSingleClass(TestNGDirectoryTestSuite.java:112)
at org.apache.maven.surefire.testng.TestNGDirectoryTestSuite.execute(TestNGDirectoryTestSuite.java:99)
at org.apache.maven.surefire.testng.TestNGProvider.invoke(TestNGProvider.java:146)
at org.apache.maven.surefire.booter.ForkedBooter.invokeProviderInSameClassLoader(ForkedBooter.java:384)
at org.apache.maven.surefire.booter.ForkedBooter.runSuitesInProcess(ForkedBooter.java:345)
at org.apache.maven.surefire.booter.ForkedBooter.execute(ForkedBooter.java:126)
at org.apache.maven.surefire.booter.ForkedBooter.main(ForkedBooter.java:418)
Caused by: java.lang.IndexOutOfBoundsException: Index 0 out of bounds for length 0
at java.base/jdk.internal.util.Preconditions.outOfBounds(Preconditions.java:64)
at java.base/jdk.internal.util.Preconditions.outOfBoundsCheckIndex(Preconditions.java:70)
at java.base/jdk.internal.util.Preconditions.checkIndex(Preconditions.java:248)
at java.base/java.util.Objects.checkIndex(Objects.java:372)
at java.base/java.util.ArrayList.get(ArrayList.java:459)
at register.RegistrAppTest.readOutput(RegistrAppTest.java:42)
at register.RegistrAppTest.generic(RegistrAppTest.java:29)
at register.RegistrAppTest.testCase2(RegistrAppTest.java:24)
at java.base/jdk.internal.reflect.NativeMethodAccessorImpl.invoke0(Native Method)
at java.base/jdk.internal.reflect.NativeMethodAccessorImpl.invoke(NativeMethodAccessorImpl.java:62)
at java.base/jdk.internal.reflect.DelegatingMethodAccessorImpl.invoke(DelegatingMethodAccessorImpl.java:43)
at java.base/java.lang.reflect.Method.invoke(Method.java:566)
at org.testng.internal.MethodInvocationHelper.invokeMethod(MethodInvocationHelper.java:131)
at org.testng.internal.Invoker.invokeMethod(Invoker.java:658)
... 24 more
]]>
            </full-stacktrace>
          </exception> <!-- org.testng.TestException -->
          <reporter-output>
          </reporter-output>
        </test-method> <!-- testCase2 -->
      </class> <!-- register.RegistrAppTest -->
    </test> <!-- Surefire test -->
  </suite> <!-- Surefire suite -->
</testng-results>
