<?xml version="1.0" encoding="UTF-8"?>
<!-- Generated by org.testng.reporters.JUnitReportReporter -->
<testsuite hostname="DESKTOP-OO1V4NK" failures="0" tests="102" name="register.RegistrAppTest" time="35.706" errors="102" timestamp="2020-10-08T10:08:03 COT" skipped="0">
  <testcase classname="register.RegistrAppTest" name="testCase1" time="0.188">
    <error message="invalid information!" type="register.InvalidInformationException">
      <![CDATA[register.InvalidInformationException: invalid information!
at register.RegistrApp.validation(RegistrApp.java:35)
at register.RegistrAppTest.generic(RegistrAppTest.java:31)
at register.RegistrAppTest.testCase1(RegistrAppTest.java:19)
at jdk.internal.reflect.GeneratedMethodAccessor1.invoke(Unknown Source)
at java.base/jdk.internal.reflect.DelegatingMethodAccessorImpl.invoke(DelegatingMethodAccessorImpl.java:43)
at java.base/java.lang.reflect.Method.invoke(Method.java:566)
at org.testng.internal.MethodInvocationHelper.invokeMethod(MethodInvocationHelper.java:131)
at org.testng.internal.Invoker.invokeMethod(Invoker.java:658)
at org.testng.internal.Invoker.invokeTestMethod(Invoker.java:792)
at org.testng.internal.Invoker.invokeTestMethods(Invoker.java:1103)
at org.testng.internal.TestMethodWorker.invokeTestMethods(TestMethodWorker.java:140)
at org.testng.internal.TestMethodWorker.run(TestMethodWorker.java:122)
at org.testng.internal.thread.ThreadUtil$1.call(ThreadUtil.java:70)
at java.base/java.util.concurrent.FutureTask.run(FutureTask.java:264)
at java.base/java.util.concurrent.ThreadPoolExecutor.runWorker(ThreadPoolExecutor.java:1128)
at java.base/java.util.concurrent.ThreadPoolExecutor$Worker.run(ThreadPoolExecutor.java:628)
at java.base/java.lang.Thread.run(Thread.java:834)
]]>
    </error>
  </testcase> <!-- testCase1 -->
  <testcase classname="register.RegistrAppTest" name="testCase1" time="0.057">
    <error message="invalid information!" type="register.InvalidInformationException">
      <![CDATA[register.InvalidInformationException: invalid information!
at register.RegistrApp.validation(RegistrApp.java:35)
at register.RegistrAppTest.generic(RegistrAppTest.java:31)
at register.RegistrAppTest.testCase1(RegistrAppTest.java:19)
at jdk.internal.reflect.GeneratedMethodAccessor1.invoke(Unknown Source)
at java.base/jdk.internal.reflect.DelegatingMethodAccessorImpl.invoke(DelegatingMethodAccessorImpl.java:43)
at java.base/java.lang.reflect.Method.invoke(Method.java:566)
at org.testng.internal.MethodInvocationHelper.invokeMethod(MethodInvocationHelper.java:131)
at org.testng.internal.Invoker.invokeMethod(Invoker.java:658)
at org.testng.internal.Invoker.invokeTestMethod(Invoker.java:792)
at org.testng.internal.Invoker.invokeTestMethods(Invoker.java:1103)
at org.testng.internal.TestMethodWorker.invokeTestMethods(TestMethodWorker.java:140)
at org.testng.internal.TestMethodWorker.run(TestMethodWorker.java:122)
at org.testng.internal.thread.ThreadUtil$1.call(ThreadUtil.java:70)
at java.base/java.util.concurrent.FutureTask.run(FutureTask.java:264)
at java.base/java.util.concurrent.ThreadPoolExecutor.runWorker(ThreadPoolExecutor.java:1128)
at java.base/java.util.concurrent.ThreadPoolExecutor$Worker.run(ThreadPoolExecutor.java:628)
at java.base/java.lang.Thread.run(Thread.java:834)
]]>
    </error>
  </testcase> <!-- testCase1 -->
  <testcase classname="register.RegistrAppTest" name="testCase1" time="0.538">
    <error message="invalid information!" type="register.InvalidInformationException">
      <![CDATA[register.InvalidInformationException: invalid information!
at register.RegistrApp.validation(RegistrApp.java:35)
at register.RegistrAppTest.generic(RegistrAppTest.java:31)
at register.RegistrAppTest.testCase1(RegistrAppTest.java:19)
at jdk.internal.reflect.GeneratedMethodAccessor1.invoke(Unknown Source)
at java.base/jdk.internal.reflect.DelegatingMethodAccessorImpl.invoke(DelegatingMethodAccessorImpl.java:43)
at java.base/java.lang.reflect.Method.invoke(Method.java:566)
at org.testng.internal.MethodInvocationHelper.invokeMethod(MethodInvocationHelper.java:131)
at org.testng.internal.Invoker.invokeMethod(Invoker.java:658)
at org.testng.internal.Invoker.invokeTestMethod(Invoker.java:792)
at org.testng.internal.Invoker.invokeTestMethods(Invoker.java:1103)
at org.testng.internal.TestMethodWorker.invokeTestMethods(TestMethodWorker.java:140)
at org.testng.internal.TestMethodWorker.run(TestMethodWorker.java:122)
at org.testng.internal.thread.ThreadUtil$1.call(ThreadUtil.java:70)
at java.base/java.util.concurrent.FutureTask.run(FutureTask.java:264)
at java.base/java.util.concurrent.ThreadPoolExecutor.runWorker(ThreadPoolExecutor.java:1128)
at java.base/java.util.concurrent.ThreadPoolExecutor$Worker.run(ThreadPoolExecutor.java:628)
at java.base/java.lang.Thread.run(Thread.java:834)
]]>
    </error>
  </testcase> <!-- testCase1 -->
  <testcase classname="register.RegistrAppTest" name="testCase1" time="0.596">
    <error message="invalid information!" type="register.InvalidInformationException">
      <![CDATA[register.InvalidInformationException: invalid information!
at register.RegistrApp.validation(RegistrApp.java:35)
at register.RegistrAppTest.generic(RegistrAppTest.java:31)
at register.RegistrAppTest.testCase1(RegistrAppTest.java:19)
at java.base/jdk.internal.reflect.NativeMethodAccessorImpl.invoke0(Native Method)
at java.base/jdk.internal.reflect.NativeMethodAccessorImpl.invoke(NativeMethodAccessorImpl.java:62)
at java.base/jdk.internal.reflect.DelegatingMethodAccessorImpl.invoke(DelegatingMethodAccessorImpl.java:43)
at java.base/java.lang.reflect.Method.invoke(Method.java:566)
at org.testng.internal.MethodInvocationHelper.invokeMethod(MethodInvocationHelper.java:131)
at org.testng.internal.Invoker.invokeMethod(Invoker.java:658)
at org.testng.internal.Invoker.invokeTestMethod(Invoker.java:792)
at org.testng.internal.Invoker.invokeTestMethods(Invoker.java:1103)
at org.testng.internal.TestMethodWorker.invokeTestMethods(TestMethodWorker.java:140)
at org.testng.internal.TestMethodWorker.run(TestMethodWorker.java:122)
at org.testng.internal.thread.ThreadUtil$1.call(ThreadUtil.java:70)
at java.base/java.util.concurrent.FutureTask.run(FutureTask.java:264)
at java.base/java.util.concurrent.ThreadPoolExecutor.runWorker(ThreadPoolExecutor.java:1128)
at java.base/java.util.concurrent.ThreadPoolExecutor$Worker.run(ThreadPoolExecutor.java:628)
at java.base/java.lang.Thread.run(Thread.java:834)
]]>
    </error>
  </testcase> <!-- testCase1 -->
  <testcase classname="register.RegistrAppTest" name="testCase1" time="0.073">
    <error message="invalid information!" type="register.InvalidInformationException">
      <![CDATA[register.InvalidInformationException: invalid information!
at register.RegistrApp.validation(RegistrApp.java:35)
at register.RegistrAppTest.generic(RegistrAppTest.java:31)
at register.RegistrAppTest.testCase1(RegistrAppTest.java:19)
at jdk.internal.reflect.GeneratedMethodAccessor1.invoke(Unknown Source)
at java.base/jdk.internal.reflect.DelegatingMethodAccessorImpl.invoke(DelegatingMethodAccessorImpl.java:43)
at java.base/java.lang.reflect.Method.invoke(Method.java:566)
at org.testng.internal.MethodInvocationHelper.invokeMethod(MethodInvocationHelper.java:131)
at org.testng.internal.Invoker.invokeMethod(Invoker.java:658)
at org.testng.internal.Invoker.invokeTestMethod(Invoker.java:792)
at org.testng.internal.Invoker.invokeTestMethods(Invoker.java:1103)
at org.testng.internal.TestMethodWorker.invokeTestMethods(TestMethodWorker.java:140)
at org.testng.internal.TestMethodWorker.run(TestMethodWorker.java:122)
at org.testng.internal.thread.ThreadUtil$1.call(ThreadUtil.java:70)
at java.base/java.util.concurrent.FutureTask.run(FutureTask.java:264)
at java.base/java.util.concurrent.ThreadPoolExecutor.runWorker(ThreadPoolExecutor.java:1128)
at java.base/java.util.concurrent.ThreadPoolExecutor$Worker.run(ThreadPoolExecutor.java:628)
at java.base/java.lang.Thread.run(Thread.java:834)
]]>
    </error>
  </testcase> <!-- testCase1 -->
  <testcase classname="register.RegistrAppTest" name="testCase1" time="0.587">
    <error message="invalid information!" type="register.InvalidInformationException">
      <![CDATA[register.InvalidInformationException: invalid information!
at register.RegistrApp.validation(RegistrApp.java:35)
at register.RegistrAppTest.generic(RegistrAppTest.java:31)
at register.RegistrAppTest.testCase1(RegistrAppTest.java:19)
at java.base/jdk.internal.reflect.NativeMethodAccessorImpl.invoke0(Native Method)
at java.base/jdk.internal.reflect.NativeMethodAccessorImpl.invoke(NativeMethodAccessorImpl.java:62)
at java.base/jdk.internal.reflect.DelegatingMethodAccessorImpl.invoke(DelegatingMethodAccessorImpl.java:43)
at java.base/java.lang.reflect.Method.invoke(Method.java:566)
at org.testng.internal.MethodInvocationHelper.invokeMethod(MethodInvocationHelper.java:131)
at org.testng.internal.Invoker.invokeMethod(Invoker.java:658)
at org.testng.internal.Invoker.invokeTestMethod(Invoker.java:792)
at org.testng.internal.Invoker.invokeTestMethods(Invoker.java:1103)
at org.testng.internal.TestMethodWorker.invokeTestMethods(TestMethodWorker.java:140)
at org.testng.internal.TestMethodWorker.run(TestMethodWorker.java:122)
at org.testng.internal.thread.ThreadUtil$1.call(ThreadUtil.java:70)
at java.base/java.util.concurrent.FutureTask.run(FutureTask.java:264)
at java.base/java.util.concurrent.ThreadPoolExecutor.runWorker(ThreadPoolExecutor.java:1128)
at java.base/java.util.concurrent.ThreadPoolExecutor$Worker.run(ThreadPoolExecutor.java:628)
at java.base/java.lang.Thread.run(Thread.java:834)
]]>
    </error>
  </testcase> <!-- testCase1 -->
  <testcase classname="register.RegistrAppTest" name="testCase1" time="0.480">
    <error message="invalid information!" type="register.InvalidInformationException">
      <![CDATA[register.InvalidInformationException: invalid information!
at register.RegistrApp.validation(RegistrApp.java:35)
at register.RegistrAppTest.generic(RegistrAppTest.java:31)
at register.RegistrAppTest.testCase1(RegistrAppTest.java:19)
at jdk.internal.reflect.GeneratedMethodAccessor1.invoke(Unknown Source)
at java.base/jdk.internal.reflect.DelegatingMethodAccessorImpl.invoke(DelegatingMethodAccessorImpl.java:43)
at java.base/java.lang.reflect.Method.invoke(Method.java:566)
at org.testng.internal.MethodInvocationHelper.invokeMethod(MethodInvocationHelper.java:131)
at org.testng.internal.Invoker.invokeMethod(Invoker.java:658)
at org.testng.internal.Invoker.invokeTestMethod(Invoker.java:792)
at org.testng.internal.Invoker.invokeTestMethods(Invoker.java:1103)
at org.testng.internal.TestMethodWorker.invokeTestMethods(TestMethodWorker.java:140)
at org.testng.internal.TestMethodWorker.run(TestMethodWorker.java:122)
at org.testng.internal.thread.ThreadUtil$1.call(ThreadUtil.java:70)
at java.base/java.util.concurrent.FutureTask.run(FutureTask.java:264)
at java.base/java.util.concurrent.ThreadPoolExecutor.runWorker(ThreadPoolExecutor.java:1128)
at java.base/java.util.concurrent.ThreadPoolExecutor$Worker.run(ThreadPoolExecutor.java:628)
at java.base/java.lang.Thread.run(Thread.java:834)
]]>
    </error>
  </testcase> <!-- testCase1 -->
  <testcase classname="register.RegistrAppTest" name="testCase1" time="0.690">
    <error message="invalid information!" type="register.InvalidInformationException">
      <![CDATA[register.InvalidInformationException: invalid information!
at register.RegistrApp.validation(RegistrApp.java:35)
at register.RegistrAppTest.generic(RegistrAppTest.java:31)
at register.RegistrAppTest.testCase1(RegistrAppTest.java:19)
at java.base/jdk.internal.reflect.NativeMethodAccessorImpl.invoke0(Native Method)
at java.base/jdk.internal.reflect.NativeMethodAccessorImpl.invoke(NativeMethodAccessorImpl.java:62)
at java.base/jdk.internal.reflect.DelegatingMethodAccessorImpl.invoke(DelegatingMethodAccessorImpl.java:43)
at java.base/java.lang.reflect.Method.invoke(Method.java:566)
at org.testng.internal.MethodInvocationHelper.invokeMethod(MethodInvocationHelper.java:131)
at org.testng.internal.Invoker.invokeMethod(Invoker.java:658)
at org.testng.internal.Invoker.invokeTestMethod(Invoker.java:792)
at org.testng.internal.Invoker.invokeTestMethods(Invoker.java:1103)
at org.testng.internal.TestMethodWorker.invokeTestMethods(TestMethodWorker.java:140)
at org.testng.internal.TestMethodWorker.run(TestMethodWorker.java:122)
at org.testng.internal.thread.ThreadUtil$1.call(ThreadUtil.java:70)
at java.base/java.util.concurrent.FutureTask.run(FutureTask.java:264)
at java.base/java.util.concurrent.ThreadPoolExecutor.runWorker(ThreadPoolExecutor.java:1128)
at java.base/java.util.concurrent.ThreadPoolExecutor$Worker.run(ThreadPoolExecutor.java:628)
at java.base/java.lang.Thread.run(Thread.java:834)
]]>
    </error>
  </testcase> <!-- testCase1 -->
  <testcase classname="register.RegistrAppTest" name="testCase1" time="0.197">
    <error message="invalid information!" type="register.InvalidInformationException">
      <![CDATA[register.InvalidInformationException: invalid information!
at register.RegistrApp.validation(RegistrApp.java:35)
at register.RegistrAppTest.generic(RegistrAppTest.java:31)
at register.RegistrAppTest.testCase1(RegistrAppTest.java:19)
at jdk.internal.reflect.GeneratedMethodAccessor1.invoke(Unknown Source)
at java.base/jdk.internal.reflect.DelegatingMethodAccessorImpl.invoke(DelegatingMethodAccessorImpl.java:43)
at java.base/java.lang.reflect.Method.invoke(Method.java:566)
at org.testng.internal.MethodInvocationHelper.invokeMethod(MethodInvocationHelper.java:131)
at org.testng.internal.Invoker.invokeMethod(Invoker.java:658)
at org.testng.internal.Invoker.invokeTestMethod(Invoker.java:792)
at org.testng.internal.Invoker.invokeTestMethods(Invoker.java:1103)
at org.testng.internal.TestMethodWorker.invokeTestMethods(TestMethodWorker.java:140)
at org.testng.internal.TestMethodWorker.run(TestMethodWorker.java:122)
at org.testng.internal.thread.ThreadUtil$1.call(ThreadUtil.java:70)
at java.base/java.util.concurrent.FutureTask.run(FutureTask.java:264)
at java.base/java.util.concurrent.ThreadPoolExecutor.runWorker(ThreadPoolExecutor.java:1128)
at java.base/java.util.concurrent.ThreadPoolExecutor$Worker.run(ThreadPoolExecutor.java:628)
at java.base/java.lang.Thread.run(Thread.java:834)
]]>
    </error>
  </testcase> <!-- testCase1 -->
  <testcase classname="register.RegistrAppTest" name="testCase1" time="0.112">
    <error message="invalid information!" type="register.InvalidInformationException">
      <![CDATA[register.InvalidInformationException: invalid information!
at register.RegistrApp.validation(RegistrApp.java:35)
at register.RegistrAppTest.generic(RegistrAppTest.java:31)
at register.RegistrAppTest.testCase1(RegistrAppTest.java:19)
at jdk.internal.reflect.GeneratedMethodAccessor1.invoke(Unknown Source)
at java.base/jdk.internal.reflect.DelegatingMethodAccessorImpl.invoke(DelegatingMethodAccessorImpl.java:43)
at java.base/java.lang.reflect.Method.invoke(Method.java:566)
at org.testng.internal.MethodInvocationHelper.invokeMethod(MethodInvocationHelper.java:131)
at org.testng.internal.Invoker.invokeMethod(Invoker.java:658)
at org.testng.internal.Invoker.invokeTestMethod(Invoker.java:792)
at org.testng.internal.Invoker.invokeTestMethods(Invoker.java:1103)
at org.testng.internal.TestMethodWorker.invokeTestMethods(TestMethodWorker.java:140)
at org.testng.internal.TestMethodWorker.run(TestMethodWorker.java:122)
at org.testng.internal.thread.ThreadUtil$1.call(ThreadUtil.java:70)
at java.base/java.util.concurrent.FutureTask.run(FutureTask.java:264)
at java.base/java.util.concurrent.ThreadPoolExecutor.runWorker(ThreadPoolExecutor.java:1128)
at java.base/java.util.concurrent.ThreadPoolExecutor$Worker.run(ThreadPoolExecutor.java:628)
at java.base/java.lang.Thread.run(Thread.java:834)
]]>
    </error>
  </testcase> <!-- testCase1 -->
  <testcase classname="register.RegistrAppTest" name="testCase1" time="0.327">
    <error message="invalid information!" type="register.InvalidInformationException">
      <![CDATA[register.InvalidInformationException: invalid information!
at register.RegistrApp.validation(RegistrApp.java:35)
at register.RegistrAppTest.generic(RegistrAppTest.java:31)
at register.RegistrAppTest.testCase1(RegistrAppTest.java:19)
at jdk.internal.reflect.GeneratedMethodAccessor1.invoke(Unknown Source)
at java.base/jdk.internal.reflect.DelegatingMethodAccessorImpl.invoke(DelegatingMethodAccessorImpl.java:43)
at java.base/java.lang.reflect.Method.invoke(Method.java:566)
at org.testng.internal.MethodInvocationHelper.invokeMethod(MethodInvocationHelper.java:131)
at org.testng.internal.Invoker.invokeMethod(Invoker.java:658)
at org.testng.internal.Invoker.invokeTestMethod(Invoker.java:792)
at org.testng.internal.Invoker.invokeTestMethods(Invoker.java:1103)
at org.testng.internal.TestMethodWorker.invokeTestMethods(TestMethodWorker.java:140)
at org.testng.internal.TestMethodWorker.run(TestMethodWorker.java:122)
at org.testng.internal.thread.ThreadUtil$1.call(ThreadUtil.java:70)
at java.base/java.util.concurrent.FutureTask.run(FutureTask.java:264)
at java.base/java.util.concurrent.ThreadPoolExecutor.runWorker(ThreadPoolExecutor.java:1128)
at java.base/java.util.concurrent.ThreadPoolExecutor$Worker.run(ThreadPoolExecutor.java:628)
at java.base/java.lang.Thread.run(Thread.java:834)
]]>
    </error>
  </testcase> <!-- testCase1 -->
  <testcase classname="register.RegistrAppTest" name="testCase1" time="0.351">
    <error message="invalid information!" type="register.InvalidInformationException">
      <![CDATA[register.InvalidInformationException: invalid information!
at register.RegistrApp.validation(RegistrApp.java:35)
at register.RegistrAppTest.generic(RegistrAppTest.java:31)
at register.RegistrAppTest.testCase1(RegistrAppTest.java:19)
at jdk.internal.reflect.GeneratedMethodAccessor1.invoke(Unknown Source)
at java.base/jdk.internal.reflect.DelegatingMethodAccessorImpl.invoke(DelegatingMethodAccessorImpl.java:43)
at java.base/java.lang.reflect.Method.invoke(Method.java:566)
at org.testng.internal.MethodInvocationHelper.invokeMethod(MethodInvocationHelper.java:131)
at org.testng.internal.Invoker.invokeMethod(Invoker.java:658)
at org.testng.internal.Invoker.invokeTestMethod(Invoker.java:792)
at org.testng.internal.Invoker.invokeTestMethods(Invoker.java:1103)
at org.testng.internal.TestMethodWorker.invokeTestMethods(TestMethodWorker.java:140)
at org.testng.internal.TestMethodWorker.run(TestMethodWorker.java:122)
at org.testng.internal.thread.ThreadUtil$1.call(ThreadUtil.java:70)
at java.base/java.util.concurrent.FutureTask.run(FutureTask.java:264)
at java.base/java.util.concurrent.ThreadPoolExecutor.runWorker(ThreadPoolExecutor.java:1128)
at java.base/java.util.concurrent.ThreadPoolExecutor$Worker.run(ThreadPoolExecutor.java:628)
at java.base/java.lang.Thread.run(Thread.java:834)
]]>
    </error>
  </testcase> <!-- testCase1 -->
  <testcase classname="register.RegistrAppTest" name="testCase1" time="0.138">
    <error message="invalid information!" type="register.InvalidInformationException">
      <![CDATA[register.InvalidInformationException: invalid information!
at register.RegistrApp.validation(RegistrApp.java:35)
at register.RegistrAppTest.generic(RegistrAppTest.java:31)
at register.RegistrAppTest.testCase1(RegistrAppTest.java:19)
at jdk.internal.reflect.GeneratedMethodAccessor1.invoke(Unknown Source)
at java.base/jdk.internal.reflect.DelegatingMethodAccessorImpl.invoke(DelegatingMethodAccessorImpl.java:43)
at java.base/java.lang.reflect.Method.invoke(Method.java:566)
at org.testng.internal.MethodInvocationHelper.invokeMethod(MethodInvocationHelper.java:131)
at org.testng.internal.Invoker.invokeMethod(Invoker.java:658)
at org.testng.internal.Invoker.invokeTestMethod(Invoker.java:792)
at org.testng.internal.Invoker.invokeTestMethods(Invoker.java:1103)
at org.testng.internal.TestMethodWorker.invokeTestMethods(TestMethodWorker.java:140)
at org.testng.internal.TestMethodWorker.run(TestMethodWorker.java:122)
at org.testng.internal.thread.ThreadUtil$1.call(ThreadUtil.java:70)
at java.base/java.util.concurrent.FutureTask.run(FutureTask.java:264)
at java.base/java.util.concurrent.ThreadPoolExecutor.runWorker(ThreadPoolExecutor.java:1128)
at java.base/java.util.concurrent.ThreadPoolExecutor$Worker.run(ThreadPoolExecutor.java:628)
at java.base/java.lang.Thread.run(Thread.java:834)
]]>
    </error>
  </testcase> <!-- testCase1 -->
  <testcase classname="register.RegistrAppTest" name="testCase1" time="0.271">
    <error message="invalid information!" type="register.InvalidInformationException">
      <![CDATA[register.InvalidInformationException: invalid information!
at register.RegistrApp.validation(RegistrApp.java:35)
at register.RegistrAppTest.generic(RegistrAppTest.java:31)
at register.RegistrAppTest.testCase1(RegistrAppTest.java:19)
at jdk.internal.reflect.GeneratedMethodAccessor1.invoke(Unknown Source)
at java.base/jdk.internal.reflect.DelegatingMethodAccessorImpl.invoke(DelegatingMethodAccessorImpl.java:43)
at java.base/java.lang.reflect.Method.invoke(Method.java:566)
at org.testng.internal.MethodInvocationHelper.invokeMethod(MethodInvocationHelper.java:131)
at org.testng.internal.Invoker.invokeMethod(Invoker.java:658)
at org.testng.internal.Invoker.invokeTestMethod(Invoker.java:792)
at org.testng.internal.Invoker.invokeTestMethods(Invoker.java:1103)
at org.testng.internal.TestMethodWorker.invokeTestMethods(TestMethodWorker.java:140)
at org.testng.internal.TestMethodWorker.run(TestMethodWorker.java:122)
at org.testng.internal.thread.ThreadUtil$1.call(ThreadUtil.java:70)
at java.base/java.util.concurrent.FutureTask.run(FutureTask.java:264)
at java.base/java.util.concurrent.ThreadPoolExecutor.runWorker(ThreadPoolExecutor.java:1128)
at java.base/java.util.concurrent.ThreadPoolExecutor$Worker.run(ThreadPoolExecutor.java:628)
at java.base/java.lang.Thread.run(Thread.java:834)
]]>
    </error>
  </testcase> <!-- testCase1 -->
  <testcase classname="register.RegistrAppTest" name="testCase1" time="0.346">
    <error message="invalid information!" type="register.InvalidInformationException">
      <![CDATA[register.InvalidInformationException: invalid information!
at register.RegistrApp.validation(RegistrApp.java:35)
at register.RegistrAppTest.generic(RegistrAppTest.java:31)
at register.RegistrAppTest.testCase1(RegistrAppTest.java:19)
at jdk.internal.reflect.GeneratedMethodAccessor1.invoke(Unknown Source)
at java.base/jdk.internal.reflect.DelegatingMethodAccessorImpl.invoke(DelegatingMethodAccessorImpl.java:43)
at java.base/java.lang.reflect.Method.invoke(Method.java:566)
at org.testng.internal.MethodInvocationHelper.invokeMethod(MethodInvocationHelper.java:131)
at org.testng.internal.Invoker.invokeMethod(Invoker.java:658)
at org.testng.internal.Invoker.invokeTestMethod(Invoker.java:792)
at org.testng.internal.Invoker.invokeTestMethods(Invoker.java:1103)
at org.testng.internal.TestMethodWorker.invokeTestMethods(TestMethodWorker.java:140)
at org.testng.internal.TestMethodWorker.run(TestMethodWorker.java:122)
at org.testng.internal.thread.ThreadUtil$1.call(ThreadUtil.java:70)
at java.base/java.util.concurrent.FutureTask.run(FutureTask.java:264)
at java.base/java.util.concurrent.ThreadPoolExecutor.runWorker(ThreadPoolExecutor.java:1128)
at java.base/java.util.concurrent.ThreadPoolExecutor$Worker.run(ThreadPoolExecutor.java:628)
at java.base/java.lang.Thread.run(Thread.java:834)
]]>
    </error>
  </testcase> <!-- testCase1 -->
  <testcase classname="register.RegistrAppTest" name="testCase1" time="0.282">
    <error message="invalid information!" type="register.InvalidInformationException">
      <![CDATA[register.InvalidInformationException: invalid information!
at register.RegistrApp.validation(RegistrApp.java:35)
at register.RegistrAppTest.generic(RegistrAppTest.java:31)
at register.RegistrAppTest.testCase1(RegistrAppTest.java:19)
at jdk.internal.reflect.GeneratedMethodAccessor1.invoke(Unknown Source)
at java.base/jdk.internal.reflect.DelegatingMethodAccessorImpl.invoke(DelegatingMethodAccessorImpl.java:43)
at java.base/java.lang.reflect.Method.invoke(Method.java:566)
at org.testng.internal.MethodInvocationHelper.invokeMethod(MethodInvocationHelper.java:131)
at org.testng.internal.Invoker.invokeMethod(Invoker.java:658)
at org.testng.internal.Invoker.invokeTestMethod(Invoker.java:792)
at org.testng.internal.Invoker.invokeTestMethods(Invoker.java:1103)
at org.testng.internal.TestMethodWorker.invokeTestMethods(TestMethodWorker.java:140)
at org.testng.internal.TestMethodWorker.run(TestMethodWorker.java:122)
at org.testng.internal.thread.ThreadUtil$1.call(ThreadUtil.java:70)
at java.base/java.util.concurrent.FutureTask.run(FutureTask.java:264)
at java.base/java.util.concurrent.ThreadPoolExecutor.runWorker(ThreadPoolExecutor.java:1128)
at java.base/java.util.concurrent.ThreadPoolExecutor$Worker.run(ThreadPoolExecutor.java:628)
at java.base/java.lang.Thread.run(Thread.java:834)
]]>
    </error>
  </testcase> <!-- testCase1 -->
  <testcase classname="register.RegistrAppTest" name="testCase1" time="0.383">
    <error message="invalid information!" type="register.InvalidInformationException">
      <![CDATA[register.InvalidInformationException: invalid information!
at register.RegistrApp.validation(RegistrApp.java:35)
at register.RegistrAppTest.generic(RegistrAppTest.java:31)
at register.RegistrAppTest.testCase1(RegistrAppTest.java:19)
at jdk.internal.reflect.GeneratedMethodAccessor1.invoke(Unknown Source)
at java.base/jdk.internal.reflect.DelegatingMethodAccessorImpl.invoke(DelegatingMethodAccessorImpl.java:43)
at java.base/java.lang.reflect.Method.invoke(Method.java:566)
at org.testng.internal.MethodInvocationHelper.invokeMethod(MethodInvocationHelper.java:131)
at org.testng.internal.Invoker.invokeMethod(Invoker.java:658)
at org.testng.internal.Invoker.invokeTestMethod(Invoker.java:792)
at org.testng.internal.Invoker.invokeTestMethods(Invoker.java:1103)
at org.testng.internal.TestMethodWorker.invokeTestMethods(TestMethodWorker.java:140)
at org.testng.internal.TestMethodWorker.run(TestMethodWorker.java:122)
at org.testng.internal.thread.ThreadUtil$1.call(ThreadUtil.java:70)
at java.base/java.util.concurrent.FutureTask.run(FutureTask.java:264)
at java.base/java.util.concurrent.ThreadPoolExecutor.runWorker(ThreadPoolExecutor.java:1128)
at java.base/java.util.concurrent.ThreadPoolExecutor$Worker.run(ThreadPoolExecutor.java:628)
at java.base/java.lang.Thread.run(Thread.java:834)
]]>
    </error>
  </testcase> <!-- testCase1 -->
  <testcase classname="register.RegistrAppTest" name="testCase1" time="0.090">
    <error message="invalid information!" type="register.InvalidInformationException">
      <![CDATA[register.InvalidInformationException: invalid information!
at register.RegistrApp.validation(RegistrApp.java:35)
at register.RegistrAppTest.generic(RegistrAppTest.java:31)
at register.RegistrAppTest.testCase1(RegistrAppTest.java:19)
at jdk.internal.reflect.GeneratedMethodAccessor1.invoke(Unknown Source)
at java.base/jdk.internal.reflect.DelegatingMethodAccessorImpl.invoke(DelegatingMethodAccessorImpl.java:43)
at java.base/java.lang.reflect.Method.invoke(Method.java:566)
at org.testng.internal.MethodInvocationHelper.invokeMethod(MethodInvocationHelper.java:131)
at org.testng.internal.Invoker.invokeMethod(Invoker.java:658)
at org.testng.internal.Invoker.invokeTestMethod(Invoker.java:792)
at org.testng.internal.Invoker.invokeTestMethods(Invoker.java:1103)
at org.testng.internal.TestMethodWorker.invokeTestMethods(TestMethodWorker.java:140)
at org.testng.internal.TestMethodWorker.run(TestMethodWorker.java:122)
at org.testng.internal.thread.ThreadUtil$1.call(ThreadUtil.java:70)
at java.base/java.util.concurrent.FutureTask.run(FutureTask.java:264)
at java.base/java.util.concurrent.ThreadPoolExecutor.runWorker(ThreadPoolExecutor.java:1128)
at java.base/java.util.concurrent.ThreadPoolExecutor$Worker.run(ThreadPoolExecutor.java:628)
at java.base/java.lang.Thread.run(Thread.java:834)
]]>
    </error>
  </testcase> <!-- testCase1 -->
  <testcase classname="register.RegistrAppTest" name="testCase1" time="0.699">
    <error message="invalid information!" type="register.InvalidInformationException">
      <![CDATA[register.InvalidInformationException: invalid information!
at register.RegistrApp.validation(RegistrApp.java:35)
at register.RegistrAppTest.generic(RegistrAppTest.java:31)
at register.RegistrAppTest.testCase1(RegistrAppTest.java:19)
at java.base/jdk.internal.reflect.NativeMethodAccessorImpl.invoke0(Native Method)
at java.base/jdk.internal.reflect.NativeMethodAccessorImpl.invoke(NativeMethodAccessorImpl.java:62)
at java.base/jdk.internal.reflect.DelegatingMethodAccessorImpl.invoke(DelegatingMethodAccessorImpl.java:43)
at java.base/java.lang.reflect.Method.invoke(Method.java:566)
at org.testng.internal.MethodInvocationHelper.invokeMethod(MethodInvocationHelper.java:131)
at org.testng.internal.Invoker.invokeMethod(Invoker.java:658)
at org.testng.internal.Invoker.invokeTestMethod(Invoker.java:792)
at org.testng.internal.Invoker.invokeTestMethods(Invoker.java:1103)
at org.testng.internal.TestMethodWorker.invokeTestMethods(TestMethodWorker.java:140)
at org.testng.internal.TestMethodWorker.run(TestMethodWorker.java:122)
at org.testng.internal.thread.ThreadUtil$1.call(ThreadUtil.java:70)
at java.base/java.util.concurrent.FutureTask.run(FutureTask.java:264)
at java.base/java.util.concurrent.ThreadPoolExecutor.runWorker(ThreadPoolExecutor.java:1128)
at java.base/java.util.concurrent.ThreadPoolExecutor$Worker.run(ThreadPoolExecutor.java:628)
at java.base/java.lang.Thread.run(Thread.java:834)
]]>
    </error>
  </testcase> <!-- testCase1 -->
  <testcase classname="register.RegistrAppTest" name="testCase1" time="0.103">
    <error message="invalid information!" type="register.InvalidInformationException">
      <![CDATA[register.InvalidInformationException: invalid information!
at register.RegistrApp.validation(RegistrApp.java:35)
at register.RegistrAppTest.generic(RegistrAppTest.java:31)
at register.RegistrAppTest.testCase1(RegistrAppTest.java:19)
at jdk.internal.reflect.GeneratedMethodAccessor1.invoke(Unknown Source)
at java.base/jdk.internal.reflect.DelegatingMethodAccessorImpl.invoke(DelegatingMethodAccessorImpl.java:43)
at java.base/java.lang.reflect.Method.invoke(Method.java:566)
at org.testng.internal.MethodInvocationHelper.invokeMethod(MethodInvocationHelper.java:131)
at org.testng.internal.Invoker.invokeMethod(Invoker.java:658)
at org.testng.internal.Invoker.invokeTestMethod(Invoker.java:792)
at org.testng.internal.Invoker.invokeTestMethods(Invoker.java:1103)
at org.testng.internal.TestMethodWorker.invokeTestMethods(TestMethodWorker.java:140)
at org.testng.internal.TestMethodWorker.run(TestMethodWorker.java:122)
at org.testng.internal.thread.ThreadUtil$1.call(ThreadUtil.java:70)
at java.base/java.util.concurrent.FutureTask.run(FutureTask.java:264)
at java.base/java.util.concurrent.ThreadPoolExecutor.runWorker(ThreadPoolExecutor.java:1128)
at java.base/java.util.concurrent.ThreadPoolExecutor$Worker.run(ThreadPoolExecutor.java:628)
at java.base/java.lang.Thread.run(Thread.java:834)
]]>
    </error>
  </testcase> <!-- testCase1 -->
  <testcase classname="register.RegistrAppTest" name="testCase1" time="0.400">
    <error message="invalid information!" type="register.InvalidInformationException">
      <![CDATA[register.InvalidInformationException: invalid information!
at register.RegistrApp.validation(RegistrApp.java:35)
at register.RegistrAppTest.generic(RegistrAppTest.java:31)
at register.RegistrAppTest.testCase1(RegistrAppTest.java:19)
at jdk.internal.reflect.GeneratedMethodAccessor1.invoke(Unknown Source)
at java.base/jdk.internal.reflect.DelegatingMethodAccessorImpl.invoke(DelegatingMethodAccessorImpl.java:43)
at java.base/java.lang.reflect.Method.invoke(Method.java:566)
at org.testng.internal.MethodInvocationHelper.invokeMethod(MethodInvocationHelper.java:131)
at org.testng.internal.Invoker.invokeMethod(Invoker.java:658)
at org.testng.internal.Invoker.invokeTestMethod(Invoker.java:792)
at org.testng.internal.Invoker.invokeTestMethods(Invoker.java:1103)
at org.testng.internal.TestMethodWorker.invokeTestMethods(TestMethodWorker.java:140)
at org.testng.internal.TestMethodWorker.run(TestMethodWorker.java:122)
at org.testng.internal.thread.ThreadUtil$1.call(ThreadUtil.java:70)
at java.base/java.util.concurrent.FutureTask.run(FutureTask.java:264)
at java.base/java.util.concurrent.ThreadPoolExecutor.runWorker(ThreadPoolExecutor.java:1128)
at java.base/java.util.concurrent.ThreadPoolExecutor$Worker.run(ThreadPoolExecutor.java:628)
at java.base/java.lang.Thread.run(Thread.java:834)
]]>
    </error>
  </testcase> <!-- testCase1 -->
  <testcase classname="register.RegistrAppTest" name="testCase1" time="0.677">
    <error message="invalid information!" type="register.InvalidInformationException">
      <![CDATA[register.InvalidInformationException: invalid information!
at register.RegistrApp.validation(RegistrApp.java:35)
at register.RegistrAppTest.generic(RegistrAppTest.java:31)
at register.RegistrAppTest.testCase1(RegistrAppTest.java:19)
at java.base/jdk.internal.reflect.NativeMethodAccessorImpl.invoke0(Native Method)
at java.base/jdk.internal.reflect.NativeMethodAccessorImpl.invoke(NativeMethodAccessorImpl.java:62)
at java.base/jdk.internal.reflect.DelegatingMethodAccessorImpl.invoke(DelegatingMethodAccessorImpl.java:43)
at java.base/java.lang.reflect.Method.invoke(Method.java:566)
at org.testng.internal.MethodInvocationHelper.invokeMethod(MethodInvocationHelper.java:131)
at org.testng.internal.Invoker.invokeMethod(Invoker.java:658)
at org.testng.internal.Invoker.invokeTestMethod(Invoker.java:792)
at org.testng.internal.Invoker.invokeTestMethods(Invoker.java:1103)
at org.testng.internal.TestMethodWorker.invokeTestMethods(TestMethodWorker.java:140)
at org.testng.internal.TestMethodWorker.run(TestMethodWorker.java:122)
at org.testng.internal.thread.ThreadUtil$1.call(ThreadUtil.java:70)
at java.base/java.util.concurrent.FutureTask.run(FutureTask.java:264)
at java.base/java.util.concurrent.ThreadPoolExecutor.runWorker(ThreadPoolExecutor.java:1128)
at java.base/java.util.concurrent.ThreadPoolExecutor$Worker.run(ThreadPoolExecutor.java:628)
at java.base/java.lang.Thread.run(Thread.java:834)
]]>
    </error>
  </testcase> <!-- testCase1 -->
  <testcase classname="register.RegistrAppTest" name="testCase0" time="0.197">
    <error message="invalid information!" type="register.InvalidInformationException">
      <![CDATA[register.InvalidInformationException: invalid information!
at register.RegistrApp.validation(RegistrApp.java:35)
at register.RegistrAppTest.generic(RegistrAppTest.java:31)
at register.RegistrAppTest.testCase0(RegistrAppTest.java:14)
at java.base/jdk.internal.reflect.NativeMethodAccessorImpl.invoke0(Native Method)
at java.base/jdk.internal.reflect.NativeMethodAccessorImpl.invoke(NativeMethodAccessorImpl.java:62)
at java.base/jdk.internal.reflect.DelegatingMethodAccessorImpl.invoke(DelegatingMethodAccessorImpl.java:43)
at java.base/java.lang.reflect.Method.invoke(Method.java:566)
at org.testng.internal.MethodInvocationHelper.invokeMethod(MethodInvocationHelper.java:131)
at org.testng.internal.Invoker.invokeMethod(Invoker.java:658)
at org.testng.internal.Invoker.invokeTestMethod(Invoker.java:792)
at org.testng.internal.Invoker.invokeTestMethods(Invoker.java:1103)
at org.testng.internal.TestMethodWorker.invokeTestMethods(TestMethodWorker.java:140)
at org.testng.internal.TestMethodWorker.run(TestMethodWorker.java:122)
at org.testng.TestRunner.privateRun(TestRunner.java:739)
at org.testng.TestRunner.run(TestRunner.java:589)
at org.testng.SuiteRunner.runTest(SuiteRunner.java:398)
at org.testng.SuiteRunner.runSequentially(SuiteRunner.java:392)
at org.testng.SuiteRunner.privateRun(SuiteRunner.java:354)
at org.testng.SuiteRunner.run(SuiteRunner.java:302)
at org.testng.SuiteRunnerWorker.runSuite(SuiteRunnerWorker.java:53)
at org.testng.SuiteRunnerWorker.run(SuiteRunnerWorker.java:96)
at org.testng.TestNG.runSuitesSequentially(TestNG.java:1145)
at org.testng.TestNG.runSuitesLocally(TestNG.java:1067)
at org.testng.TestNG.runSuites(TestNG.java:997)
at org.testng.TestNG.run(TestNG.java:965)
at org.apache.maven.surefire.testng.TestNGExecutor.run(TestNGExecutor.java:135)
at org.apache.maven.surefire.testng.TestNGDirectoryTestSuite.executeSingleClass(TestNGDirectoryTestSuite.java:112)
at org.apache.maven.surefire.testng.TestNGDirectoryTestSuite.execute(TestNGDirectoryTestSuite.java:99)
at org.apache.maven.surefire.testng.TestNGProvider.invoke(TestNGProvider.java:146)
at org.apache.maven.surefire.booter.ForkedBooter.invokeProviderInSameClassLoader(ForkedBooter.java:384)
at org.apache.maven.surefire.booter.ForkedBooter.runSuitesInProcess(ForkedBooter.java:345)
at org.apache.maven.surefire.booter.ForkedBooter.execute(ForkedBooter.java:126)
at org.apache.maven.surefire.booter.ForkedBooter.main(ForkedBooter.java:418)
]]>
    </error>
  </testcase> <!-- testCase0 -->
  <testcase classname="register.RegistrAppTest" name="testCase1" time="0.144">
    <error message="invalid information!" type="register.InvalidInformationException">
      <![CDATA[register.InvalidInformationException: invalid information!
at register.RegistrApp.validation(RegistrApp.java:35)
at register.RegistrAppTest.generic(RegistrAppTest.java:31)
at register.RegistrAppTest.testCase1(RegistrAppTest.java:19)
at jdk.internal.reflect.GeneratedMethodAccessor1.invoke(Unknown Source)
at java.base/jdk.internal.reflect.DelegatingMethodAccessorImpl.invoke(DelegatingMethodAccessorImpl.java:43)
at java.base/java.lang.reflect.Method.invoke(Method.java:566)
at org.testng.internal.MethodInvocationHelper.invokeMethod(MethodInvocationHelper.java:131)
at org.testng.internal.Invoker.invokeMethod(Invoker.java:658)
at org.testng.internal.Invoker.invokeTestMethod(Invoker.java:792)
at org.testng.internal.Invoker.invokeTestMethods(Invoker.java:1103)
at org.testng.internal.TestMethodWorker.invokeTestMethods(TestMethodWorker.java:140)
at org.testng.internal.TestMethodWorker.run(TestMethodWorker.java:122)
at org.testng.internal.thread.ThreadUtil$1.call(ThreadUtil.java:70)
at java.base/java.util.concurrent.FutureTask.run(FutureTask.java:264)
at java.base/java.util.concurrent.ThreadPoolExecutor.runWorker(ThreadPoolExecutor.java:1128)
at java.base/java.util.concurrent.ThreadPoolExecutor$Worker.run(ThreadPoolExecutor.java:628)
at java.base/java.lang.Thread.run(Thread.java:834)
]]>
    </error>
  </testcase> <!-- testCase1 -->
  <testcase classname="register.RegistrAppTest" name="testCase1" time="0.170">
    <error message="invalid information!" type="register.InvalidInformationException">
      <![CDATA[register.InvalidInformationException: invalid information!
at register.RegistrApp.validation(RegistrApp.java:35)
at register.RegistrAppTest.generic(RegistrAppTest.java:31)
at register.RegistrAppTest.testCase1(RegistrAppTest.java:19)
at jdk.internal.reflect.GeneratedMethodAccessor1.invoke(Unknown Source)
at java.base/jdk.internal.reflect.DelegatingMethodAccessorImpl.invoke(DelegatingMethodAccessorImpl.java:43)
at java.base/java.lang.reflect.Method.invoke(Method.java:566)
at org.testng.internal.MethodInvocationHelper.invokeMethod(MethodInvocationHelper.java:131)
at org.testng.internal.Invoker.invokeMethod(Invoker.java:658)
at org.testng.internal.Invoker.invokeTestMethod(Invoker.java:792)
at org.testng.internal.Invoker.invokeTestMethods(Invoker.java:1103)
at org.testng.internal.TestMethodWorker.invokeTestMethods(TestMethodWorker.java:140)
at org.testng.internal.TestMethodWorker.run(TestMethodWorker.java:122)
at org.testng.internal.thread.ThreadUtil$1.call(ThreadUtil.java:70)
at java.base/java.util.concurrent.FutureTask.run(FutureTask.java:264)
at java.base/java.util.concurrent.ThreadPoolExecutor.runWorker(ThreadPoolExecutor.java:1128)
at java.base/java.util.concurrent.ThreadPoolExecutor$Worker.run(ThreadPoolExecutor.java:628)
at java.base/java.lang.Thread.run(Thread.java:834)
]]>
    </error>
  </testcase> <!-- testCase1 -->
  <testcase classname="register.RegistrAppTest" name="testCase1" time="0.152">
    <error message="invalid information!" type="register.InvalidInformationException">
      <![CDATA[register.InvalidInformationException: invalid information!
at register.RegistrApp.validation(RegistrApp.java:35)
at register.RegistrAppTest.generic(RegistrAppTest.java:31)
at register.RegistrAppTest.testCase1(RegistrAppTest.java:19)
at jdk.internal.reflect.GeneratedMethodAccessor1.invoke(Unknown Source)
at java.base/jdk.internal.reflect.DelegatingMethodAccessorImpl.invoke(DelegatingMethodAccessorImpl.java:43)
at java.base/java.lang.reflect.Method.invoke(Method.java:566)
at org.testng.internal.MethodInvocationHelper.invokeMethod(MethodInvocationHelper.java:131)
at org.testng.internal.Invoker.invokeMethod(Invoker.java:658)
at org.testng.internal.Invoker.invokeTestMethod(Invoker.java:792)
at org.testng.internal.Invoker.invokeTestMethods(Invoker.java:1103)
at org.testng.internal.TestMethodWorker.invokeTestMethods(TestMethodWorker.java:140)
at org.testng.internal.TestMethodWorker.run(TestMethodWorker.java:122)
at org.testng.internal.thread.ThreadUtil$1.call(ThreadUtil.java:70)
at java.base/java.util.concurrent.FutureTask.run(FutureTask.java:264)
at java.base/java.util.concurrent.ThreadPoolExecutor.runWorker(ThreadPoolExecutor.java:1128)
at java.base/java.util.concurrent.ThreadPoolExecutor$Worker.run(ThreadPoolExecutor.java:628)
at java.base/java.lang.Thread.run(Thread.java:834)
]]>
    </error>
  </testcase> <!-- testCase1 -->
  <testcase classname="register.RegistrAppTest" name="testCase1" time="0.570">
    <error message="invalid information!" type="register.InvalidInformationException">
      <![CDATA[register.InvalidInformationException: invalid information!
at register.RegistrApp.validation(RegistrApp.java:35)
at register.RegistrAppTest.generic(RegistrAppTest.java:31)
at register.RegistrAppTest.testCase1(RegistrAppTest.java:19)
at jdk.internal.reflect.GeneratedMethodAccessor3.invoke(Unknown Source)
at java.base/jdk.internal.reflect.DelegatingMethodAccessorImpl.invoke(DelegatingMethodAccessorImpl.java:43)
at java.base/java.lang.reflect.Method.invoke(Method.java:566)
at org.testng.internal.MethodInvocationHelper.invokeMethod(MethodInvocationHelper.java:131)
at org.testng.internal.Invoker.invokeMethod(Invoker.java:658)
at org.testng.internal.Invoker.invokeTestMethod(Invoker.java:792)
at org.testng.internal.Invoker.invokeTestMethods(Invoker.java:1103)
at org.testng.internal.TestMethodWorker.invokeTestMethods(TestMethodWorker.java:140)
at org.testng.internal.TestMethodWorker.run(TestMethodWorker.java:122)
at org.testng.internal.thread.ThreadUtil$1.call(ThreadUtil.java:70)
at java.base/java.util.concurrent.FutureTask.run(FutureTask.java:264)
at java.base/java.util.concurrent.ThreadPoolExecutor.runWorker(ThreadPoolExecutor.java:1128)
at java.base/java.util.concurrent.ThreadPoolExecutor$Worker.run(ThreadPoolExecutor.java:628)
at java.base/java.lang.Thread.run(Thread.java:834)
]]>
    </error>
  </testcase> <!-- testCase1 -->
  <testcase classname="register.RegistrAppTest" name="testCase1" time="0.187">
    <error message="invalid information!" type="register.InvalidInformationException">
      <![CDATA[register.InvalidInformationException: invalid information!
at register.RegistrApp.validation(RegistrApp.java:35)
at register.RegistrAppTest.generic(RegistrAppTest.java:31)
at register.RegistrAppTest.testCase1(RegistrAppTest.java:19)
at jdk.internal.reflect.GeneratedMethodAccessor1.invoke(Unknown Source)
at java.base/jdk.internal.reflect.DelegatingMethodAccessorImpl.invoke(DelegatingMethodAccessorImpl.java:43)
at java.base/java.lang.reflect.Method.invoke(Method.java:566)
at org.testng.internal.MethodInvocationHelper.invokeMethod(MethodInvocationHelper.java:131)
at org.testng.internal.Invoker.invokeMethod(Invoker.java:658)
at org.testng.internal.Invoker.invokeTestMethod(Invoker.java:792)
at org.testng.internal.Invoker.invokeTestMethods(Invoker.java:1103)
at org.testng.internal.TestMethodWorker.invokeTestMethods(TestMethodWorker.java:140)
at org.testng.internal.TestMethodWorker.run(TestMethodWorker.java:122)
at org.testng.internal.thread.ThreadUtil$1.call(ThreadUtil.java:70)
at java.base/java.util.concurrent.FutureTask.run(FutureTask.java:264)
at java.base/java.util.concurrent.ThreadPoolExecutor.runWorker(ThreadPoolExecutor.java:1128)
at java.base/java.util.concurrent.ThreadPoolExecutor$Worker.run(ThreadPoolExecutor.java:628)
at java.base/java.lang.Thread.run(Thread.java:834)
]]>
    </error>
  </testcase> <!-- testCase1 -->
  <testcase classname="register.RegistrAppTest" name="testCase1" time="0.258">
    <error message="invalid information!" type="register.InvalidInformationException">
      <![CDATA[register.InvalidInformationException: invalid information!
at register.RegistrApp.validation(RegistrApp.java:35)
at register.RegistrAppTest.generic(RegistrAppTest.java:31)
at register.RegistrAppTest.testCase1(RegistrAppTest.java:19)
at jdk.internal.reflect.GeneratedMethodAccessor1.invoke(Unknown Source)
at java.base/jdk.internal.reflect.DelegatingMethodAccessorImpl.invoke(DelegatingMethodAccessorImpl.java:43)
at java.base/java.lang.reflect.Method.invoke(Method.java:566)
at org.testng.internal.MethodInvocationHelper.invokeMethod(MethodInvocationHelper.java:131)
at org.testng.internal.Invoker.invokeMethod(Invoker.java:658)
at org.testng.internal.Invoker.invokeTestMethod(Invoker.java:792)
at org.testng.internal.Invoker.invokeTestMethods(Invoker.java:1103)
at org.testng.internal.TestMethodWorker.invokeTestMethods(TestMethodWorker.java:140)
at org.testng.internal.TestMethodWorker.run(TestMethodWorker.java:122)
at org.testng.internal.thread.ThreadUtil$1.call(ThreadUtil.java:70)
at java.base/java.util.concurrent.FutureTask.run(FutureTask.java:264)
at java.base/java.util.concurrent.ThreadPoolExecutor.runWorker(ThreadPoolExecutor.java:1128)
at java.base/java.util.concurrent.ThreadPoolExecutor$Worker.run(ThreadPoolExecutor.java:628)
at java.base/java.lang.Thread.run(Thread.java:834)
]]>
    </error>
  </testcase> <!-- testCase1 -->
  <testcase classname="register.RegistrAppTest" name="testCase1" time="0.382">
    <error message="invalid information!" type="register.InvalidInformationException">
      <![CDATA[register.InvalidInformationException: invalid information!
at register.RegistrApp.validation(RegistrApp.java:35)
at register.RegistrAppTest.generic(RegistrAppTest.java:31)
at register.RegistrAppTest.testCase1(RegistrAppTest.java:19)
at jdk.internal.reflect.GeneratedMethodAccessor1.invoke(Unknown Source)
at java.base/jdk.internal.reflect.DelegatingMethodAccessorImpl.invoke(DelegatingMethodAccessorImpl.java:43)
at java.base/java.lang.reflect.Method.invoke(Method.java:566)
at org.testng.internal.MethodInvocationHelper.invokeMethod(MethodInvocationHelper.java:131)
at org.testng.internal.Invoker.invokeMethod(Invoker.java:658)
at org.testng.internal.Invoker.invokeTestMethod(Invoker.java:792)
at org.testng.internal.Invoker.invokeTestMethods(Invoker.java:1103)
at org.testng.internal.TestMethodWorker.invokeTestMethods(TestMethodWorker.java:140)
at org.testng.internal.TestMethodWorker.run(TestMethodWorker.java:122)
at org.testng.internal.thread.ThreadUtil$1.call(ThreadUtil.java:70)
at java.base/java.util.concurrent.FutureTask.run(FutureTask.java:264)
at java.base/java.util.concurrent.ThreadPoolExecutor.runWorker(ThreadPoolExecutor.java:1128)
at java.base/java.util.concurrent.ThreadPoolExecutor$Worker.run(ThreadPoolExecutor.java:628)
at java.base/java.lang.Thread.run(Thread.java:834)
]]>
    </error>
  </testcase> <!-- testCase1 -->
  <testcase classname="register.RegistrAppTest" name="testCase1" time="0.368">
    <error message="invalid information!" type="register.InvalidInformationException">
      <![CDATA[register.InvalidInformationException: invalid information!
at register.RegistrApp.validation(RegistrApp.java:35)
at register.RegistrAppTest.generic(RegistrAppTest.java:31)
at register.RegistrAppTest.testCase1(RegistrAppTest.java:19)
at jdk.internal.reflect.GeneratedMethodAccessor1.invoke(Unknown Source)
at java.base/jdk.internal.reflect.DelegatingMethodAccessorImpl.invoke(DelegatingMethodAccessorImpl.java:43)
at java.base/java.lang.reflect.Method.invoke(Method.java:566)
at org.testng.internal.MethodInvocationHelper.invokeMethod(MethodInvocationHelper.java:131)
at org.testng.internal.Invoker.invokeMethod(Invoker.java:658)
at org.testng.internal.Invoker.invokeTestMethod(Invoker.java:792)
at org.testng.internal.Invoker.invokeTestMethods(Invoker.java:1103)
at org.testng.internal.TestMethodWorker.invokeTestMethods(TestMethodWorker.java:140)
at org.testng.internal.TestMethodWorker.run(TestMethodWorker.java:122)
at org.testng.internal.thread.ThreadUtil$1.call(ThreadUtil.java:70)
at java.base/java.util.concurrent.FutureTask.run(FutureTask.java:264)
at java.base/java.util.concurrent.ThreadPoolExecutor.runWorker(ThreadPoolExecutor.java:1128)
at java.base/java.util.concurrent.ThreadPoolExecutor$Worker.run(ThreadPoolExecutor.java:628)
at java.base/java.lang.Thread.run(Thread.java:834)
]]>
    </error>
  </testcase> <!-- testCase1 -->
  <testcase classname="register.RegistrAppTest" name="testCase1" time="0.676">
    <error message="invalid information!" type="register.InvalidInformationException">
      <![CDATA[register.InvalidInformationException: invalid information!
at register.RegistrApp.validation(RegistrApp.java:35)
at register.RegistrAppTest.generic(RegistrAppTest.java:31)
at register.RegistrAppTest.testCase1(RegistrAppTest.java:19)
at java.base/jdk.internal.reflect.NativeMethodAccessorImpl.invoke0(Native Method)
at java.base/jdk.internal.reflect.NativeMethodAccessorImpl.invoke(NativeMethodAccessorImpl.java:62)
at java.base/jdk.internal.reflect.DelegatingMethodAccessorImpl.invoke(DelegatingMethodAccessorImpl.java:43)
at java.base/java.lang.reflect.Method.invoke(Method.java:566)
at org.testng.internal.MethodInvocationHelper.invokeMethod(MethodInvocationHelper.java:131)
at org.testng.internal.Invoker.invokeMethod(Invoker.java:658)
at org.testng.internal.Invoker.invokeTestMethod(Invoker.java:792)
at org.testng.internal.Invoker.invokeTestMethods(Invoker.java:1103)
at org.testng.internal.TestMethodWorker.invokeTestMethods(TestMethodWorker.java:140)
at org.testng.internal.TestMethodWorker.run(TestMethodWorker.java:122)
at org.testng.internal.thread.ThreadUtil$1.call(ThreadUtil.java:70)
at java.base/java.util.concurrent.FutureTask.run(FutureTask.java:264)
at java.base/java.util.concurrent.ThreadPoolExecutor.runWorker(ThreadPoolExecutor.java:1128)
at java.base/java.util.concurrent.ThreadPoolExecutor$Worker.run(ThreadPoolExecutor.java:628)
at java.base/java.lang.Thread.run(Thread.java:834)
]]>
    </error>
  </testcase> <!-- testCase1 -->
  <testcase classname="register.RegistrAppTest" name="testCase1" time="0.408">
    <error message="invalid information!" type="register.InvalidInformationException">
      <![CDATA[register.InvalidInformationException: invalid information!
at register.RegistrApp.validation(RegistrApp.java:35)
at register.RegistrAppTest.generic(RegistrAppTest.java:31)
at register.RegistrAppTest.testCase1(RegistrAppTest.java:19)
at jdk.internal.reflect.GeneratedMethodAccessor1.invoke(Unknown Source)
at java.base/jdk.internal.reflect.DelegatingMethodAccessorImpl.invoke(DelegatingMethodAccessorImpl.java:43)
at java.base/java.lang.reflect.Method.invoke(Method.java:566)
at org.testng.internal.MethodInvocationHelper.invokeMethod(MethodInvocationHelper.java:131)
at org.testng.internal.Invoker.invokeMethod(Invoker.java:658)
at org.testng.internal.Invoker.invokeTestMethod(Invoker.java:792)
at org.testng.internal.Invoker.invokeTestMethods(Invoker.java:1103)
at org.testng.internal.TestMethodWorker.invokeTestMethods(TestMethodWorker.java:140)
at org.testng.internal.TestMethodWorker.run(TestMethodWorker.java:122)
at org.testng.internal.thread.ThreadUtil$1.call(ThreadUtil.java:70)
at java.base/java.util.concurrent.FutureTask.run(FutureTask.java:264)
at java.base/java.util.concurrent.ThreadPoolExecutor.runWorker(ThreadPoolExecutor.java:1128)
at java.base/java.util.concurrent.ThreadPoolExecutor$Worker.run(ThreadPoolExecutor.java:628)
at java.base/java.lang.Thread.run(Thread.java:834)
]]>
    </error>
  </testcase> <!-- testCase1 -->
  <testcase classname="register.RegistrAppTest" name="testCase1" time="0.381">
    <error message="invalid information!" type="register.InvalidInformationException">
      <![CDATA[register.InvalidInformationException: invalid information!
at register.RegistrApp.validation(RegistrApp.java:35)
at register.RegistrAppTest.generic(RegistrAppTest.java:31)
at register.RegistrAppTest.testCase1(RegistrAppTest.java:19)
at jdk.internal.reflect.GeneratedMethodAccessor1.invoke(Unknown Source)
at java.base/jdk.internal.reflect.DelegatingMethodAccessorImpl.invoke(DelegatingMethodAccessorImpl.java:43)
at java.base/java.lang.reflect.Method.invoke(Method.java:566)
at org.testng.internal.MethodInvocationHelper.invokeMethod(MethodInvocationHelper.java:131)
at org.testng.internal.Invoker.invokeMethod(Invoker.java:658)
at org.testng.internal.Invoker.invokeTestMethod(Invoker.java:792)
at org.testng.internal.Invoker.invokeTestMethods(Invoker.java:1103)
at org.testng.internal.TestMethodWorker.invokeTestMethods(TestMethodWorker.java:140)
at org.testng.internal.TestMethodWorker.run(TestMethodWorker.java:122)
at org.testng.internal.thread.ThreadUtil$1.call(ThreadUtil.java:70)
at java.base/java.util.concurrent.FutureTask.run(FutureTask.java:264)
at java.base/java.util.concurrent.ThreadPoolExecutor.runWorker(ThreadPoolExecutor.java:1128)
at java.base/java.util.concurrent.ThreadPoolExecutor$Worker.run(ThreadPoolExecutor.java:628)
at java.base/java.lang.Thread.run(Thread.java:834)
]]>
    </error>
  </testcase> <!-- testCase1 -->
  <testcase classname="register.RegistrAppTest" name="testCase1" time="0.528">
    <error message="invalid information!" type="register.InvalidInformationException">
      <![CDATA[register.InvalidInformationException: invalid information!
at register.RegistrApp.validation(RegistrApp.java:35)
at register.RegistrAppTest.generic(RegistrAppTest.java:31)
at register.RegistrAppTest.testCase1(RegistrAppTest.java:19)
at jdk.internal.reflect.GeneratedMethodAccessor1.invoke(Unknown Source)
at java.base/jdk.internal.reflect.DelegatingMethodAccessorImpl.invoke(DelegatingMethodAccessorImpl.java:43)
at java.base/java.lang.reflect.Method.invoke(Method.java:566)
at org.testng.internal.MethodInvocationHelper.invokeMethod(MethodInvocationHelper.java:131)
at org.testng.internal.Invoker.invokeMethod(Invoker.java:658)
at org.testng.internal.Invoker.invokeTestMethod(Invoker.java:792)
at org.testng.internal.Invoker.invokeTestMethods(Invoker.java:1103)
at org.testng.internal.TestMethodWorker.invokeTestMethods(TestMethodWorker.java:140)
at org.testng.internal.TestMethodWorker.run(TestMethodWorker.java:122)
at org.testng.internal.thread.ThreadUtil$1.call(ThreadUtil.java:70)
at java.base/java.util.concurrent.FutureTask.run(FutureTask.java:264)
at java.base/java.util.concurrent.ThreadPoolExecutor.runWorker(ThreadPoolExecutor.java:1128)
at java.base/java.util.concurrent.ThreadPoolExecutor$Worker.run(ThreadPoolExecutor.java:628)
at java.base/java.lang.Thread.run(Thread.java:834)
]]>
    </error>
  </testcase> <!-- testCase1 -->
  <testcase classname="register.RegistrAppTest" name="testCase1" time="0.578">
    <error message="invalid information!" type="register.InvalidInformationException">
      <![CDATA[register.InvalidInformationException: invalid information!
at register.RegistrApp.validation(RegistrApp.java:35)
at register.RegistrAppTest.generic(RegistrAppTest.java:31)
at register.RegistrAppTest.testCase1(RegistrAppTest.java:19)
at java.base/jdk.internal.reflect.NativeMethodAccessorImpl.invoke0(Native Method)
at java.base/jdk.internal.reflect.NativeMethodAccessorImpl.invoke(NativeMethodAccessorImpl.java:62)
at java.base/jdk.internal.reflect.DelegatingMethodAccessorImpl.invoke(DelegatingMethodAccessorImpl.java:43)
at java.base/java.lang.reflect.Method.invoke(Method.java:566)
at org.testng.internal.MethodInvocationHelper.invokeMethod(MethodInvocationHelper.java:131)
at org.testng.internal.Invoker.invokeMethod(Invoker.java:658)
at org.testng.internal.Invoker.invokeTestMethod(Invoker.java:792)
at org.testng.internal.Invoker.invokeTestMethods(Invoker.java:1103)
at org.testng.internal.TestMethodWorker.invokeTestMethods(TestMethodWorker.java:140)
at org.testng.internal.TestMethodWorker.run(TestMethodWorker.java:122)
at org.testng.internal.thread.ThreadUtil$1.call(ThreadUtil.java:70)
at java.base/java.util.concurrent.FutureTask.run(FutureTask.java:264)
at java.base/java.util.concurrent.ThreadPoolExecutor.runWorker(ThreadPoolExecutor.java:1128)
at java.base/java.util.concurrent.ThreadPoolExecutor$Worker.run(ThreadPoolExecutor.java:628)
at java.base/java.lang.Thread.run(Thread.java:834)
]]>
    </error>
  </testcase> <!-- testCase1 -->
  <testcase classname="register.RegistrAppTest" name="testCase1" time="0.019">
    <error message="invalid information!" type="register.InvalidInformationException">
      <![CDATA[register.InvalidInformationException: invalid information!
at register.RegistrApp.validation(RegistrApp.java:35)
at register.RegistrAppTest.generic(RegistrAppTest.java:31)
at register.RegistrAppTest.testCase1(RegistrAppTest.java:19)
at jdk.internal.reflect.GeneratedMethodAccessor1.invoke(Unknown Source)
at java.base/jdk.internal.reflect.DelegatingMethodAccessorImpl.invoke(DelegatingMethodAccessorImpl.java:43)
at java.base/java.lang.reflect.Method.invoke(Method.java:566)
at org.testng.internal.MethodInvocationHelper.invokeMethod(MethodInvocationHelper.java:131)
at org.testng.internal.Invoker.invokeMethod(Invoker.java:658)
at org.testng.internal.Invoker.invokeTestMethod(Invoker.java:792)
at org.testng.internal.Invoker.invokeTestMethods(Invoker.java:1103)
at org.testng.internal.TestMethodWorker.invokeTestMethods(TestMethodWorker.java:140)
at org.testng.internal.TestMethodWorker.run(TestMethodWorker.java:122)
at org.testng.internal.thread.ThreadUtil$1.call(ThreadUtil.java:70)
at java.base/java.util.concurrent.FutureTask.run(FutureTask.java:264)
at java.base/java.util.concurrent.ThreadPoolExecutor.runWorker(ThreadPoolExecutor.java:1128)
at java.base/java.util.concurrent.ThreadPoolExecutor$Worker.run(ThreadPoolExecutor.java:628)
at java.base/java.lang.Thread.run(Thread.java:834)
]]>
    </error>
  </testcase> <!-- testCase1 -->
  <testcase classname="register.RegistrAppTest" name="testCase1" time="0.147">
    <error message="invalid information!" type="register.InvalidInformationException">
      <![CDATA[register.InvalidInformationException: invalid information!
at register.RegistrApp.validation(RegistrApp.java:35)
at register.RegistrAppTest.generic(RegistrAppTest.java:31)
at register.RegistrAppTest.testCase1(RegistrAppTest.java:19)
at jdk.internal.reflect.GeneratedMethodAccessor1.invoke(Unknown Source)
at java.base/jdk.internal.reflect.DelegatingMethodAccessorImpl.invoke(DelegatingMethodAccessorImpl.java:43)
at java.base/java.lang.reflect.Method.invoke(Method.java:566)
at org.testng.internal.MethodInvocationHelper.invokeMethod(MethodInvocationHelper.java:131)
at org.testng.internal.Invoker.invokeMethod(Invoker.java:658)
at org.testng.internal.Invoker.invokeTestMethod(Invoker.java:792)
at org.testng.internal.Invoker.invokeTestMethods(Invoker.java:1103)
at org.testng.internal.TestMethodWorker.invokeTestMethods(TestMethodWorker.java:140)
at org.testng.internal.TestMethodWorker.run(TestMethodWorker.java:122)
at org.testng.internal.thread.ThreadUtil$1.call(ThreadUtil.java:70)
at java.base/java.util.concurrent.FutureTask.run(FutureTask.java:264)
at java.base/java.util.concurrent.ThreadPoolExecutor.runWorker(ThreadPoolExecutor.java:1128)
at java.base/java.util.concurrent.ThreadPoolExecutor$Worker.run(ThreadPoolExecutor.java:628)
at java.base/java.lang.Thread.run(Thread.java:834)
]]>
    </error>
  </testcase> <!-- testCase1 -->
  <testcase classname="register.RegistrAppTest" name="testCase1" time="0.496">
    <error message="invalid information!" type="register.InvalidInformationException">
      <![CDATA[register.InvalidInformationException: invalid information!
at register.RegistrApp.validation(RegistrApp.java:35)
at register.RegistrAppTest.generic(RegistrAppTest.java:31)
at register.RegistrAppTest.testCase1(RegistrAppTest.java:19)
at jdk.internal.reflect.GeneratedMethodAccessor1.invoke(Unknown Source)
at java.base/jdk.internal.reflect.DelegatingMethodAccessorImpl.invoke(DelegatingMethodAccessorImpl.java:43)
at java.base/java.lang.reflect.Method.invoke(Method.java:566)
at org.testng.internal.MethodInvocationHelper.invokeMethod(MethodInvocationHelper.java:131)
at org.testng.internal.Invoker.invokeMethod(Invoker.java:658)
at org.testng.internal.Invoker.invokeTestMethod(Invoker.java:792)
at org.testng.internal.Invoker.invokeTestMethods(Invoker.java:1103)
at org.testng.internal.TestMethodWorker.invokeTestMethods(TestMethodWorker.java:140)
at org.testng.internal.TestMethodWorker.run(TestMethodWorker.java:122)
at org.testng.internal.thread.ThreadUtil$1.call(ThreadUtil.java:70)
at java.base/java.util.concurrent.FutureTask.run(FutureTask.java:264)
at java.base/java.util.concurrent.ThreadPoolExecutor.runWorker(ThreadPoolExecutor.java:1128)
at java.base/java.util.concurrent.ThreadPoolExecutor$Worker.run(ThreadPoolExecutor.java:628)
at java.base/java.lang.Thread.run(Thread.java:834)
]]>
    </error>
  </testcase> <!-- testCase1 -->
  <testcase classname="register.RegistrAppTest" name="testCase1" time="0.575">
    <error message="invalid information!" type="register.InvalidInformationException">
      <![CDATA[register.InvalidInformationException: invalid information!
at register.RegistrApp.validation(RegistrApp.java:35)
at register.RegistrAppTest.generic(RegistrAppTest.java:31)
at register.RegistrAppTest.testCase1(RegistrAppTest.java:19)
at java.base/jdk.internal.reflect.NativeMethodAccessorImpl.invoke0(Native Method)
at java.base/jdk.internal.reflect.NativeMethodAccessorImpl.invoke(NativeMethodAccessorImpl.java:62)
at java.base/jdk.internal.reflect.DelegatingMethodAccessorImpl.invoke(DelegatingMethodAccessorImpl.java:43)
at java.base/java.lang.reflect.Method.invoke(Method.java:566)
at org.testng.internal.MethodInvocationHelper.invokeMethod(MethodInvocationHelper.java:131)
at org.testng.internal.Invoker.invokeMethod(Invoker.java:658)
at org.testng.internal.Invoker.invokeTestMethod(Invoker.java:792)
at org.testng.internal.Invoker.invokeTestMethods(Invoker.java:1103)
at org.testng.internal.TestMethodWorker.invokeTestMethods(TestMethodWorker.java:140)
at org.testng.internal.TestMethodWorker.run(TestMethodWorker.java:122)
at org.testng.internal.thread.ThreadUtil$1.call(ThreadUtil.java:70)
at java.base/java.util.concurrent.FutureTask.run(FutureTask.java:264)
at java.base/java.util.concurrent.ThreadPoolExecutor.runWorker(ThreadPoolExecutor.java:1128)
at java.base/java.util.concurrent.ThreadPoolExecutor$Worker.run(ThreadPoolExecutor.java:628)
at java.base/java.lang.Thread.run(Thread.java:834)
]]>
    </error>
  </testcase> <!-- testCase1 -->
  <testcase classname="register.RegistrAppTest" name="testCase1" time="0.544">
    <error message="invalid information!" type="register.InvalidInformationException">
      <![CDATA[register.InvalidInformationException: invalid information!
at register.RegistrApp.validation(RegistrApp.java:35)
at register.RegistrAppTest.generic(RegistrAppTest.java:31)
at register.RegistrAppTest.testCase1(RegistrAppTest.java:19)
at jdk.internal.reflect.GeneratedMethodAccessor1.invoke(Unknown Source)
at java.base/jdk.internal.reflect.DelegatingMethodAccessorImpl.invoke(DelegatingMethodAccessorImpl.java:43)
at java.base/java.lang.reflect.Method.invoke(Method.java:566)
at org.testng.internal.MethodInvocationHelper.invokeMethod(MethodInvocationHelper.java:131)
at org.testng.internal.Invoker.invokeMethod(Invoker.java:658)
at org.testng.internal.Invoker.invokeTestMethod(Invoker.java:792)
at org.testng.internal.Invoker.invokeTestMethods(Invoker.java:1103)
at org.testng.internal.TestMethodWorker.invokeTestMethods(TestMethodWorker.java:140)
at org.testng.internal.TestMethodWorker.run(TestMethodWorker.java:122)
at org.testng.internal.thread.ThreadUtil$1.call(ThreadUtil.java:70)
at java.base/java.util.concurrent.FutureTask.run(FutureTask.java:264)
at java.base/java.util.concurrent.ThreadPoolExecutor.runWorker(ThreadPoolExecutor.java:1128)
at java.base/java.util.concurrent.ThreadPoolExecutor$Worker.run(ThreadPoolExecutor.java:628)
at java.base/java.lang.Thread.run(Thread.java:834)
]]>
    </error>
  </testcase> <!-- testCase1 -->
  <testcase classname="register.RegistrAppTest" name="testCase1" time="0.123">
    <error message="invalid information!" type="register.InvalidInformationException">
      <![CDATA[register.InvalidInformationException: invalid information!
at register.RegistrApp.validation(RegistrApp.java:35)
at register.RegistrAppTest.generic(RegistrAppTest.java:31)
at register.RegistrAppTest.testCase1(RegistrAppTest.java:19)
at jdk.internal.reflect.GeneratedMethodAccessor1.invoke(Unknown Source)
at java.base/jdk.internal.reflect.DelegatingMethodAccessorImpl.invoke(DelegatingMethodAccessorImpl.java:43)
at java.base/java.lang.reflect.Method.invoke(Method.java:566)
at org.testng.internal.MethodInvocationHelper.invokeMethod(MethodInvocationHelper.java:131)
at org.testng.internal.Invoker.invokeMethod(Invoker.java:658)
at org.testng.internal.Invoker.invokeTestMethod(Invoker.java:792)
at org.testng.internal.Invoker.invokeTestMethods(Invoker.java:1103)
at org.testng.internal.TestMethodWorker.invokeTestMethods(TestMethodWorker.java:140)
at org.testng.internal.TestMethodWorker.run(TestMethodWorker.java:122)
at org.testng.internal.thread.ThreadUtil$1.call(ThreadUtil.java:70)
at java.base/java.util.concurrent.FutureTask.run(FutureTask.java:264)
at java.base/java.util.concurrent.ThreadPoolExecutor.runWorker(ThreadPoolExecutor.java:1128)
at java.base/java.util.concurrent.ThreadPoolExecutor$Worker.run(ThreadPoolExecutor.java:628)
at java.base/java.lang.Thread.run(Thread.java:834)
]]>
    </error>
  </testcase> <!-- testCase1 -->
  <testcase classname="register.RegistrAppTest" name="testCase1" time="0.083">
    <error message="invalid information!" type="register.InvalidInformationException">
      <![CDATA[register.InvalidInformationException: invalid information!
at register.RegistrApp.validation(RegistrApp.java:35)
at register.RegistrAppTest.generic(RegistrAppTest.java:31)
at register.RegistrAppTest.testCase1(RegistrAppTest.java:19)
at jdk.internal.reflect.GeneratedMethodAccessor1.invoke(Unknown Source)
at java.base/jdk.internal.reflect.DelegatingMethodAccessorImpl.invoke(DelegatingMethodAccessorImpl.java:43)
at java.base/java.lang.reflect.Method.invoke(Method.java:566)
at org.testng.internal.MethodInvocationHelper.invokeMethod(MethodInvocationHelper.java:131)
at org.testng.internal.Invoker.invokeMethod(Invoker.java:658)
at org.testng.internal.Invoker.invokeTestMethod(Invoker.java:792)
at org.testng.internal.Invoker.invokeTestMethods(Invoker.java:1103)
at org.testng.internal.TestMethodWorker.invokeTestMethods(TestMethodWorker.java:140)
at org.testng.internal.TestMethodWorker.run(TestMethodWorker.java:122)
at org.testng.internal.thread.ThreadUtil$1.call(ThreadUtil.java:70)
at java.base/java.util.concurrent.FutureTask.run(FutureTask.java:264)
at java.base/java.util.concurrent.ThreadPoolExecutor.runWorker(ThreadPoolExecutor.java:1128)
at java.base/java.util.concurrent.ThreadPoolExecutor$Worker.run(ThreadPoolExecutor.java:628)
at java.base/java.lang.Thread.run(Thread.java:834)
]]>
    </error>
  </testcase> <!-- testCase1 -->
  <testcase classname="register.RegistrAppTest" name="testCase1" time="0.386">
    <error message="invalid information!" type="register.InvalidInformationException">
      <![CDATA[register.InvalidInformationException: invalid information!
at register.RegistrApp.validation(RegistrApp.java:35)
at register.RegistrAppTest.generic(RegistrAppTest.java:31)
at register.RegistrAppTest.testCase1(RegistrAppTest.java:19)
at jdk.internal.reflect.GeneratedMethodAccessor1.invoke(Unknown Source)
at java.base/jdk.internal.reflect.DelegatingMethodAccessorImpl.invoke(DelegatingMethodAccessorImpl.java:43)
at java.base/java.lang.reflect.Method.invoke(Method.java:566)
at org.testng.internal.MethodInvocationHelper.invokeMethod(MethodInvocationHelper.java:131)
at org.testng.internal.Invoker.invokeMethod(Invoker.java:658)
at org.testng.internal.Invoker.invokeTestMethod(Invoker.java:792)
at org.testng.internal.Invoker.invokeTestMethods(Invoker.java:1103)
at org.testng.internal.TestMethodWorker.invokeTestMethods(TestMethodWorker.java:140)
at org.testng.internal.TestMethodWorker.run(TestMethodWorker.java:122)
at org.testng.internal.thread.ThreadUtil$1.call(ThreadUtil.java:70)
at java.base/java.util.concurrent.FutureTask.run(FutureTask.java:264)
at java.base/java.util.concurrent.ThreadPoolExecutor.runWorker(ThreadPoolExecutor.java:1128)
at java.base/java.util.concurrent.ThreadPoolExecutor$Worker.run(ThreadPoolExecutor.java:628)
at java.base/java.lang.Thread.run(Thread.java:834)
]]>
    </error>
  </testcase> <!-- testCase1 -->
  <testcase classname="register.RegistrAppTest" name="testCase1" time="0.385">
    <error message="invalid information!" type="register.InvalidInformationException">
      <![CDATA[register.InvalidInformationException: invalid information!
at register.RegistrApp.validation(RegistrApp.java:35)
at register.RegistrAppTest.generic(RegistrAppTest.java:31)
at register.RegistrAppTest.testCase1(RegistrAppTest.java:19)
at jdk.internal.reflect.GeneratedMethodAccessor1.invoke(Unknown Source)
at java.base/jdk.internal.reflect.DelegatingMethodAccessorImpl.invoke(DelegatingMethodAccessorImpl.java:43)
at java.base/java.lang.reflect.Method.invoke(Method.java:566)
at org.testng.internal.MethodInvocationHelper.invokeMethod(MethodInvocationHelper.java:131)
at org.testng.internal.Invoker.invokeMethod(Invoker.java:658)
at org.testng.internal.Invoker.invokeTestMethod(Invoker.java:792)
at org.testng.internal.Invoker.invokeTestMethods(Invoker.java:1103)
at org.testng.internal.TestMethodWorker.invokeTestMethods(TestMethodWorker.java:140)
at org.testng.internal.TestMethodWorker.run(TestMethodWorker.java:122)
at org.testng.internal.thread.ThreadUtil$1.call(ThreadUtil.java:70)
at java.base/java.util.concurrent.FutureTask.run(FutureTask.java:264)
at java.base/java.util.concurrent.ThreadPoolExecutor.runWorker(ThreadPoolExecutor.java:1128)
at java.base/java.util.concurrent.ThreadPoolExecutor$Worker.run(ThreadPoolExecutor.java:628)
at java.base/java.lang.Thread.run(Thread.java:834)
]]>
    </error>
  </testcase> <!-- testCase1 -->
  <testcase classname="register.RegistrAppTest" name="testCase1" time="0.265">
    <error message="invalid information!" type="register.InvalidInformationException">
      <![CDATA[register.InvalidInformationException: invalid information!
at register.RegistrApp.validation(RegistrApp.java:35)
at register.RegistrAppTest.generic(RegistrAppTest.java:31)
at register.RegistrAppTest.testCase1(RegistrAppTest.java:19)
at jdk.internal.reflect.GeneratedMethodAccessor1.invoke(Unknown Source)
at java.base/jdk.internal.reflect.DelegatingMethodAccessorImpl.invoke(DelegatingMethodAccessorImpl.java:43)
at java.base/java.lang.reflect.Method.invoke(Method.java:566)
at org.testng.internal.MethodInvocationHelper.invokeMethod(MethodInvocationHelper.java:131)
at org.testng.internal.Invoker.invokeMethod(Invoker.java:658)
at org.testng.internal.Invoker.invokeTestMethod(Invoker.java:792)
at org.testng.internal.Invoker.invokeTestMethods(Invoker.java:1103)
at org.testng.internal.TestMethodWorker.invokeTestMethods(TestMethodWorker.java:140)
at org.testng.internal.TestMethodWorker.run(TestMethodWorker.java:122)
at org.testng.internal.thread.ThreadUtil$1.call(ThreadUtil.java:70)
at java.base/java.util.concurrent.FutureTask.run(FutureTask.java:264)
at java.base/java.util.concurrent.ThreadPoolExecutor.runWorker(ThreadPoolExecutor.java:1128)
at java.base/java.util.concurrent.ThreadPoolExecutor$Worker.run(ThreadPoolExecutor.java:628)
at java.base/java.lang.Thread.run(Thread.java:834)
]]>
    </error>
  </testcase> <!-- testCase1 -->
  <testcase classname="register.RegistrAppTest" name="testCase1" time="0.360">
    <error message="invalid information!" type="register.InvalidInformationException">
      <![CDATA[register.InvalidInformationException: invalid information!
at register.RegistrApp.validation(RegistrApp.java:35)
at register.RegistrAppTest.generic(RegistrAppTest.java:31)
at register.RegistrAppTest.testCase1(RegistrAppTest.java:19)
at jdk.internal.reflect.GeneratedMethodAccessor1.invoke(Unknown Source)
at java.base/jdk.internal.reflect.DelegatingMethodAccessorImpl.invoke(DelegatingMethodAccessorImpl.java:43)
at java.base/java.lang.reflect.Method.invoke(Method.java:566)
at org.testng.internal.MethodInvocationHelper.invokeMethod(MethodInvocationHelper.java:131)
at org.testng.internal.Invoker.invokeMethod(Invoker.java:658)
at org.testng.internal.Invoker.invokeTestMethod(Invoker.java:792)
at org.testng.internal.Invoker.invokeTestMethods(Invoker.java:1103)
at org.testng.internal.TestMethodWorker.invokeTestMethods(TestMethodWorker.java:140)
at org.testng.internal.TestMethodWorker.run(TestMethodWorker.java:122)
at org.testng.internal.thread.ThreadUtil$1.call(ThreadUtil.java:70)
at java.base/java.util.concurrent.FutureTask.run(FutureTask.java:264)
at java.base/java.util.concurrent.ThreadPoolExecutor.runWorker(ThreadPoolExecutor.java:1128)
at java.base/java.util.concurrent.ThreadPoolExecutor$Worker.run(ThreadPoolExecutor.java:628)
at java.base/java.lang.Thread.run(Thread.java:834)
]]>
    </error>
  </testcase> <!-- testCase1 -->
  <testcase classname="register.RegistrAppTest" name="testCase1" time="0.064">
    <error message="invalid information!" type="register.InvalidInformationException">
      <![CDATA[register.InvalidInformationException: invalid information!
at register.RegistrApp.validation(RegistrApp.java:35)
at register.RegistrAppTest.generic(RegistrAppTest.java:31)
at register.RegistrAppTest.testCase1(RegistrAppTest.java:19)
at jdk.internal.reflect.GeneratedMethodAccessor1.invoke(Unknown Source)
at java.base/jdk.internal.reflect.DelegatingMethodAccessorImpl.invoke(DelegatingMethodAccessorImpl.java:43)
at java.base/java.lang.reflect.Method.invoke(Method.java:566)
at org.testng.internal.MethodInvocationHelper.invokeMethod(MethodInvocationHelper.java:131)
at org.testng.internal.Invoker.invokeMethod(Invoker.java:658)
at org.testng.internal.Invoker.invokeTestMethod(Invoker.java:792)
at org.testng.internal.Invoker.invokeTestMethods(Invoker.java:1103)
at org.testng.internal.TestMethodWorker.invokeTestMethods(TestMethodWorker.java:140)
at org.testng.internal.TestMethodWorker.run(TestMethodWorker.java:122)
at org.testng.internal.thread.ThreadUtil$1.call(ThreadUtil.java:70)
at java.base/java.util.concurrent.FutureTask.run(FutureTask.java:264)
at java.base/java.util.concurrent.ThreadPoolExecutor.runWorker(ThreadPoolExecutor.java:1128)
at java.base/java.util.concurrent.ThreadPoolExecutor$Worker.run(ThreadPoolExecutor.java:628)
at java.base/java.lang.Thread.run(Thread.java:834)
]]>
    </error>
  </testcase> <!-- testCase1 -->
  <testcase classname="register.RegistrAppTest" name="testCase1" time="0.341">
    <error message="invalid information!" type="register.InvalidInformationException">
      <![CDATA[register.InvalidInformationException: invalid information!
at register.RegistrApp.validation(RegistrApp.java:35)
at register.RegistrAppTest.generic(RegistrAppTest.java:31)
at register.RegistrAppTest.testCase1(RegistrAppTest.java:19)
at jdk.internal.reflect.GeneratedMethodAccessor1.invoke(Unknown Source)
at java.base/jdk.internal.reflect.DelegatingMethodAccessorImpl.invoke(DelegatingMethodAccessorImpl.java:43)
at java.base/java.lang.reflect.Method.invoke(Method.java:566)
at org.testng.internal.MethodInvocationHelper.invokeMethod(MethodInvocationHelper.java:131)
at org.testng.internal.Invoker.invokeMethod(Invoker.java:658)
at org.testng.internal.Invoker.invokeTestMethod(Invoker.java:792)
at org.testng.internal.Invoker.invokeTestMethods(Invoker.java:1103)
at org.testng.internal.TestMethodWorker.invokeTestMethods(TestMethodWorker.java:140)
at org.testng.internal.TestMethodWorker.run(TestMethodWorker.java:122)
at org.testng.internal.thread.ThreadUtil$1.call(ThreadUtil.java:70)
at java.base/java.util.concurrent.FutureTask.run(FutureTask.java:264)
at java.base/java.util.concurrent.ThreadPoolExecutor.runWorker(ThreadPoolExecutor.java:1128)
at java.base/java.util.concurrent.ThreadPoolExecutor$Worker.run(ThreadPoolExecutor.java:628)
at java.base/java.lang.Thread.run(Thread.java:834)
]]>
    </error>
  </testcase> <!-- testCase1 -->
  <testcase classname="register.RegistrAppTest" name="testCase1" time="0.376">
    <error message="invalid information!" type="register.InvalidInformationException">
      <![CDATA[register.InvalidInformationException: invalid information!
at register.RegistrApp.validation(RegistrApp.java:35)
at register.RegistrAppTest.generic(RegistrAppTest.java:31)
at register.RegistrAppTest.testCase1(RegistrAppTest.java:19)
at jdk.internal.reflect.GeneratedMethodAccessor1.invoke(Unknown Source)
at java.base/jdk.internal.reflect.DelegatingMethodAccessorImpl.invoke(DelegatingMethodAccessorImpl.java:43)
at java.base/java.lang.reflect.Method.invoke(Method.java:566)
at org.testng.internal.MethodInvocationHelper.invokeMethod(MethodInvocationHelper.java:131)
at org.testng.internal.Invoker.invokeMethod(Invoker.java:658)
at org.testng.internal.Invoker.invokeTestMethod(Invoker.java:792)
at org.testng.internal.Invoker.invokeTestMethods(Invoker.java:1103)
at org.testng.internal.TestMethodWorker.invokeTestMethods(TestMethodWorker.java:140)
at org.testng.internal.TestMethodWorker.run(TestMethodWorker.java:122)
at org.testng.internal.thread.ThreadUtil$1.call(ThreadUtil.java:70)
at java.base/java.util.concurrent.FutureTask.run(FutureTask.java:264)
at java.base/java.util.concurrent.ThreadPoolExecutor.runWorker(ThreadPoolExecutor.java:1128)
at java.base/java.util.concurrent.ThreadPoolExecutor$Worker.run(ThreadPoolExecutor.java:628)
at java.base/java.lang.Thread.run(Thread.java:834)
]]>
    </error>
  </testcase> <!-- testCase1 -->
  <testcase classname="register.RegistrAppTest" name="testCase1" time="0.500">
    <error message="invalid information!" type="register.InvalidInformationException">
      <![CDATA[register.InvalidInformationException: invalid information!
at register.RegistrApp.validation(RegistrApp.java:35)
at register.RegistrAppTest.generic(RegistrAppTest.java:31)
at register.RegistrAppTest.testCase1(RegistrAppTest.java:19)
at jdk.internal.reflect.GeneratedMethodAccessor1.invoke(Unknown Source)
at java.base/jdk.internal.reflect.DelegatingMethodAccessorImpl.invoke(DelegatingMethodAccessorImpl.java:43)
at java.base/java.lang.reflect.Method.invoke(Method.java:566)
at org.testng.internal.MethodInvocationHelper.invokeMethod(MethodInvocationHelper.java:131)
at org.testng.internal.Invoker.invokeMethod(Invoker.java:658)
at org.testng.internal.Invoker.invokeTestMethod(Invoker.java:792)
at org.testng.internal.Invoker.invokeTestMethods(Invoker.java:1103)
at org.testng.internal.TestMethodWorker.invokeTestMethods(TestMethodWorker.java:140)
at org.testng.internal.TestMethodWorker.run(TestMethodWorker.java:122)
at org.testng.internal.thread.ThreadUtil$1.call(ThreadUtil.java:70)
at java.base/java.util.concurrent.FutureTask.run(FutureTask.java:264)
at java.base/java.util.concurrent.ThreadPoolExecutor.runWorker(ThreadPoolExecutor.java:1128)
at java.base/java.util.concurrent.ThreadPoolExecutor$Worker.run(ThreadPoolExecutor.java:628)
[...]
at java.base/jdk.internal.reflect.DelegatingMethodAccessorImpl.invoke(DelegatingMethodAccessorImpl.java:43)
at java.base/java.lang.reflect.Method.invoke(Method.java:566)
at org.testng.internal.MethodInvocationHelper.invokeMethod(MethodInvocationHelper.java:131)
at org.testng.internal.Invoker.invokeMethod(Invoker.java:658)
at org.testng.internal.Invoker.invokeTestMethod(Invoker.java:792)
at org.testng.internal.Invoker.invokeTestMethods(Invoker.java:1103)
at org.testng.internal.TestMethodWorker.invokeTestMethods(TestMethodWorker.java:140)
at org.testng.internal.TestMethodWorker.run(TestMethodWorker.java:122)
at org.testng.internal.thread.ThreadUtil$1.call(ThreadUtil.java:70)
at java.base/java.util.concurrent.FutureTask.run(FutureTask.java:264)
at java.base/java.util.concurrent.ThreadPoolExecutor.runWorker(ThreadPoolExecutor.java:1128)
at java.base/java.util.concurrent.ThreadPoolExecutor$Worker.run(ThreadPoolExecutor.java:628)
at java.base/java.lang.Thread.run(Thread.java:834)
]]>
    </error>
  </testcase> <!-- testCase1 -->
  <testcase classname="register.RegistrAppTest" name="testCase1" time="0.200">
    <error message="invalid information!" type="register.InvalidInformationException">
      <![CDATA[register.InvalidInformationException: invalid information!
at register.RegistrApp.validation(RegistrApp.java:35)
at register.RegistrAppTest.generic(RegistrAppTest.java:31)
at register.RegistrAppTest.testCase1(RegistrAppTest.java:19)
at jdk.internal.reflect.GeneratedMethodAccessor1.invoke(Unknown Source)
at java.base/jdk.internal.reflect.DelegatingMethodAccessorImpl.invoke(DelegatingMethodAccessorImpl.java:43)
at java.base/java.lang.reflect.Method.invoke(Method.java:566)
at org.testng.internal.MethodInvocationHelper.invokeMethod(MethodInvocationHelper.java:131)
at org.testng.internal.Invoker.invokeMethod(Invoker.java:658)
at org.testng.internal.Invoker.invokeTestMethod(Invoker.java:792)
at org.testng.internal.Invoker.invokeTestMethods(Invoker.java:1103)
at org.testng.internal.TestMethodWorker.invokeTestMethods(TestMethodWorker.java:140)
at org.testng.internal.TestMethodWorker.run(TestMethodWorker.java:122)
at org.testng.internal.thread.ThreadUtil$1.call(ThreadUtil.java:70)
at java.base/java.util.concurrent.FutureTask.run(FutureTask.java:264)
at java.base/java.util.concurrent.ThreadPoolExecutor.runWorker(ThreadPoolExecutor.java:1128)
at java.base/java.util.concurrent.ThreadPoolExecutor$Worker.run(ThreadPoolExecutor.java:628)
at java.base/java.lang.Thread.run(Thread.java:834)
]]>
    </error>
  </testcase> <!-- testCase1 -->
  <testcase classname="register.RegistrAppTest" name="testCase1" time="0.601">
    <error message="invalid information!" type="register.InvalidInformationException">
      <![CDATA[register.InvalidInformationException: invalid information!
at register.RegistrApp.validation(RegistrApp.java:35)
at register.RegistrAppTest.generic(RegistrAppTest.java:31)
at register.RegistrAppTest.testCase1(RegistrAppTest.java:19)
at java.base/jdk.internal.reflect.NativeMethodAccessorImpl.invoke0(Native Method)
at java.base/jdk.internal.reflect.NativeMethodAccessorImpl.invoke(NativeMethodAccessorImpl.java:62)
at java.base/jdk.internal.reflect.DelegatingMethodAccessorImpl.invoke(DelegatingMethodAccessorImpl.java:43)
at java.base/java.lang.reflect.Method.invoke(Method.java:566)
at org.testng.internal.MethodInvocationHelper.invokeMethod(MethodInvocationHelper.java:131)
at org.testng.internal.Invoker.invokeMethod(Invoker.java:658)
at org.testng.internal.Invoker.invokeTestMethod(Invoker.java:792)
at org.testng.internal.Invoker.invokeTestMethods(Invoker.java:1103)
at org.testng.internal.TestMethodWorker.invokeTestMethods(TestMethodWorker.java:140)
at org.testng.internal.TestMethodWorker.run(TestMethodWorker.java:122)
at org.testng.internal.thread.ThreadUtil$1.call(ThreadUtil.java:70)
at java.base/java.util.concurrent.FutureTask.run(FutureTask.java:264)
at java.base/java.util.concurrent.ThreadPoolExecutor.runWorker(ThreadPoolExecutor.java:1128)
at java.base/java.util.concurrent.ThreadPoolExecutor$Worker.run(ThreadPoolExecutor.java:628)
at java.base/java.lang.Thread.run(Thread.java:834)
]]>
    </error>
  </testcase> <!-- testCase1 -->
  <testcase classname="register.RegistrAppTest" name="testCase1" time="0.304">
    <error message="invalid information!" type="register.InvalidInformationException">
      <![CDATA[register.InvalidInformationException: invalid information!
at register.RegistrApp.validation(RegistrApp.java:35)
at register.RegistrAppTest.generic(RegistrAppTest.java:31)
at register.RegistrAppTest.testCase1(RegistrAppTest.java:19)
at jdk.internal.reflect.GeneratedMethodAccessor1.invoke(Unknown Source)
at java.base/jdk.internal.reflect.DelegatingMethodAccessorImpl.invoke(DelegatingMethodAccessorImpl.java:43)
at java.base/java.lang.reflect.Method.invoke(Method.java:566)
at org.testng.internal.MethodInvocationHelper.invokeMethod(MethodInvocationHelper.java:131)
at org.testng.internal.Invoker.invokeMethod(Invoker.java:658)
at org.testng.internal.Invoker.invokeTestMethod(Invoker.java:792)
at org.testng.internal.Invoker.invokeTestMethods(Invoker.java:1103)
at org.testng.internal.TestMethodWorker.invokeTestMethods(TestMethodWorker.java:140)
at org.testng.internal.TestMethodWorker.run(TestMethodWorker.java:122)
at org.testng.internal.thread.ThreadUtil$1.call(ThreadUtil.java:70)
at java.base/java.util.concurrent.FutureTask.run(FutureTask.java:264)
at java.base/java.util.concurrent.ThreadPoolExecutor.runWorker(ThreadPoolExecutor.java:1128)
at java.base/java.util.concurrent.ThreadPoolExecutor$Worker.run(ThreadPoolExecutor.java:628)
at java.base/java.lang.Thread.run(Thread.java:834)
]]>
    </error>
  </testcase> <!-- testCase1 -->
  <testcase classname="register.RegistrAppTest" name="testCase1" time="0.709">
    <error message="invalid information!" type="register.InvalidInformationException">
      <![CDATA[register.InvalidInformationException: invalid information!
at register.RegistrApp.validation(RegistrApp.java:35)
at register.RegistrAppTest.generic(RegistrAppTest.java:31)
at register.RegistrAppTest.testCase1(RegistrAppTest.java:19)
at java.base/jdk.internal.reflect.NativeMethodAccessorImpl.invoke0(Native Method)
at java.base/jdk.internal.reflect.NativeMethodAccessorImpl.invoke(NativeMethodAccessorImpl.java:62)
at java.base/jdk.internal.reflect.DelegatingMethodAccessorImpl.invoke(DelegatingMethodAccessorImpl.java:43)
at java.base/java.lang.reflect.Method.invoke(Method.java:566)
at org.testng.internal.MethodInvocationHelper.invokeMethod(MethodInvocationHelper.java:131)
at org.testng.internal.Invoker.invokeMethod(Invoker.java:658)
at org.testng.internal.Invoker.invokeTestMethod(Invoker.java:792)
at org.testng.internal.Invoker.invokeTestMethods(Invoker.java:1103)
at org.testng.internal.TestMethodWorker.invokeTestMethods(TestMethodWorker.java:140)
at org.testng.internal.TestMethodWorker.run(TestMethodWorker.java:122)
at org.testng.internal.thread.ThreadUtil$1.call(ThreadUtil.java:70)
at java.base/java.util.concurrent.FutureTask.run(FutureTask.java:264)
at java.base/java.util.concurrent.ThreadPoolExecutor.runWorker(ThreadPoolExecutor.java:1128)
at java.base/java.util.concurrent.ThreadPoolExecutor$Worker.run(ThreadPoolExecutor.java:628)
at java.base/java.lang.Thread.run(Thread.java:834)
]]>
    </error>
  </testcase> <!-- testCase1 -->
  <testcase classname="register.RegistrAppTest" name="testCase1" time="0.574">
    <error message="invalid information!" type="register.InvalidInformationException">
      <![CDATA[register.InvalidInformationException: invalid information!
at register.RegistrApp.validation(RegistrApp.java:35)
at register.RegistrAppTest.generic(RegistrAppTest.java:31)
at register.RegistrAppTest.testCase1(RegistrAppTest.java:19)
at java.base/jdk.internal.reflect.NativeMethodAccessorImpl.invoke0(Native Method)
at java.base/jdk.internal.reflect.NativeMethodAccessorImpl.invoke(NativeMethodAccessorImpl.java:62)
at java.base/jdk.internal.reflect.DelegatingMethodAccessorImpl.invoke(DelegatingMethodAccessorImpl.java:43)
at java.base/java.lang.reflect.Method.invoke(Method.java:566)
at org.testng.internal.MethodInvocationHelper.invokeMethod(MethodInvocationHelper.java:131)
at org.testng.internal.Invoker.invokeMethod(Invoker.java:658)
at org.testng.internal.Invoker.invokeTestMethod(Invoker.java:792)
at org.testng.internal.Invoker.invokeTestMethods(Invoker.java:1103)
at org.testng.internal.TestMethodWorker.invokeTestMethods(TestMethodWorker.java:140)
at org.testng.internal.TestMethodWorker.run(TestMethodWorker.java:122)
at org.testng.internal.thread.ThreadUtil$1.call(ThreadUtil.java:70)
at java.base/java.util.concurrent.FutureTask.run(FutureTask.java:264)
at java.base/java.util.concurrent.ThreadPoolExecutor.runWorker(ThreadPoolExecutor.java:1128)
at java.base/java.util.concurrent.ThreadPoolExecutor$Worker.run(ThreadPoolExecutor.java:628)
at java.base/java.lang.Thread.run(Thread.java:834)
]]>
    </error>
  </testcase> <!-- testCase1 -->
  <testcase classname="register.RegistrAppTest" name="testCase1" time="0.684">
    <error message="invalid information!" type="register.InvalidInformationException">
      <![CDATA[register.InvalidInformationException: invalid information!
at register.RegistrApp.validation(RegistrApp.java:35)
at register.RegistrAppTest.generic(RegistrAppTest.java:31)
at register.RegistrAppTest.testCase1(RegistrAppTest.java:19)
at java.base/jdk.internal.reflect.NativeMethodAccessorImpl.invoke0(Native Method)
at java.base/jdk.internal.reflect.NativeMethodAccessorImpl.invoke(NativeMethodAccessorImpl.java:62)
at java.base/jdk.internal.reflect.DelegatingMethodAccessorImpl.invoke(DelegatingMethodAccessorImpl.java:43)
at java.base/java.lang.reflect.Method.invoke(Method.java:566)
at org.testng.internal.MethodInvocationHelper.invokeMethod(MethodInvocationHelper.java:131)
at org.testng.internal.Invoker.invokeMethod(Invoker.java:658)
at org.testng.internal.Invoker.invokeTestMethod(Invoker.java:792)
at org.testng.internal.Invoker.invokeTestMethods(Invoker.java:1103)
at org.testng.internal.TestMethodWorker.invokeTestMethods(TestMethodWorker.java:140)
at org.testng.internal.TestMethodWorker.run(TestMethodWorker.java:122)
at org.testng.internal.thread.ThreadUtil$1.call(ThreadUtil.java:70)
at java.base/java.util.concurrent.FutureTask.run(FutureTask.java:264)
at java.base/java.util.concurrent.ThreadPoolExecutor.runWorker(ThreadPoolExecutor.java:1128)
at java.base/java.util.concurrent.ThreadPoolExecutor$Worker.run(ThreadPoolExecutor.java:628)
at java.base/java.lang.Thread.run(Thread.java:834)
]]>
    </error>
  </testcase> <!-- testCase1 -->
  <testcase classname="register.RegistrAppTest" name="testCase1" time="0.106">
    <error message="invalid information!" type="register.InvalidInformationException">
      <![CDATA[register.InvalidInformationException: invalid information!
at register.RegistrApp.validation(RegistrApp.java:35)
at register.RegistrAppTest.generic(RegistrAppTest.java:31)
at register.RegistrAppTest.testCase1(RegistrAppTest.java:19)
at jdk.internal.reflect.GeneratedMethodAccessor1.invoke(Unknown Source)
at java.base/jdk.internal.reflect.DelegatingMethodAccessorImpl.invoke(DelegatingMethodAccessorImpl.java:43)
at java.base/java.lang.reflect.Method.invoke(Method.java:566)
at org.testng.internal.MethodInvocationHelper.invokeMethod(MethodInvocationHelper.java:131)
at org.testng.internal.Invoker.invokeMethod(Invoker.java:658)
at org.testng.internal.Invoker.invokeTestMethod(Invoker.java:792)
at org.testng.internal.Invoker.invokeTestMethods(Invoker.java:1103)
at org.testng.internal.TestMethodWorker.invokeTestMethods(TestMethodWorker.java:140)
at org.testng.internal.TestMethodWorker.run(TestMethodWorker.java:122)
at org.testng.internal.thread.ThreadUtil$1.call(ThreadUtil.java:70)
at java.base/java.util.concurrent.FutureTask.run(FutureTask.java:264)
at java.base/java.util.concurrent.ThreadPoolExecutor.runWorker(ThreadPoolExecutor.java:1128)
at java.base/java.util.concurrent.ThreadPoolExecutor$Worker.run(ThreadPoolExecutor.java:628)
at java.base/java.lang.Thread.run(Thread.java:834)
]]>
    </error>
  </testcase> <!-- testCase1 -->
  <testcase classname="register.RegistrAppTest" name="testCase1" time="0.205">
    <error message="invalid information!" type="register.InvalidInformationException">
      <![CDATA[register.InvalidInformationException: invalid information!
at register.RegistrApp.validation(RegistrApp.java:35)
at register.RegistrAppTest.generic(RegistrAppTest.java:31)
at register.RegistrAppTest.testCase1(RegistrAppTest.java:19)
at jdk.internal.reflect.GeneratedMethodAccessor1.invoke(Unknown Source)
at java.base/jdk.internal.reflect.DelegatingMethodAccessorImpl.invoke(DelegatingMethodAccessorImpl.java:43)
at java.base/java.lang.reflect.Method.invoke(Method.java:566)
at org.testng.internal.MethodInvocationHelper.invokeMethod(MethodInvocationHelper.java:131)
at org.testng.internal.Invoker.invokeMethod(Invoker.java:658)
at org.testng.internal.Invoker.invokeTestMethod(Invoker.java:792)
at org.testng.internal.Invoker.invokeTestMethods(Invoker.java:1103)
at org.testng.internal.TestMethodWorker.invokeTestMethods(TestMethodWorker.java:140)
at org.testng.internal.TestMethodWorker.run(TestMethodWorker.java:122)
at org.testng.internal.thread.ThreadUtil$1.call(ThreadUtil.java:70)
at java.base/java.util.concurrent.FutureTask.run(FutureTask.java:264)
at java.base/java.util.concurrent.ThreadPoolExecutor.runWorker(ThreadPoolExecutor.java:1128)
at java.base/java.util.concurrent.ThreadPoolExecutor$Worker.run(ThreadPoolExecutor.java:628)
at java.base/java.lang.Thread.run(Thread.java:834)
]]>
    </error>
  </testcase> <!-- testCase1 -->
  <testcase classname="register.RegistrAppTest" name="testCase1" time="0.517">
    <error message="invalid information!" type="register.InvalidInformationException">
      <![CDATA[register.InvalidInformationException: invalid information!
at register.RegistrApp.validation(RegistrApp.java:35)
at register.RegistrAppTest.generic(RegistrAppTest.java:31)
at register.RegistrAppTest.testCase1(RegistrAppTest.java:19)
at jdk.internal.reflect.GeneratedMethodAccessor1.invoke(Unknown Source)
at java.base/jdk.internal.reflect.DelegatingMethodAccessorImpl.invoke(DelegatingMethodAccessorImpl.java:43)
at java.base/java.lang.reflect.Method.invoke(Method.java:566)
at org.testng.internal.MethodInvocationHelper.invokeMethod(MethodInvocationHelper.java:131)
at org.testng.internal.Invoker.invokeMethod(Invoker.java:658)
at org.testng.internal.Invoker.invokeTestMethod(Invoker.java:792)
at org.testng.internal.Invoker.invokeTestMethods(Invoker.java:1103)
at org.testng.internal.TestMethodWorker.invokeTestMethods(TestMethodWorker.java:140)
at org.testng.internal.TestMethodWorker.run(TestMethodWorker.java:122)
at org.testng.internal.thread.ThreadUtil$1.call(ThreadUtil.java:70)
at java.base/java.util.concurrent.FutureTask.run(FutureTask.java:264)
at java.base/java.util.concurrent.ThreadPoolExecutor.runWorker(ThreadPoolExecutor.java:1128)
at java.base/java.util.concurrent.ThreadPoolExecutor$Worker.run(ThreadPoolExecutor.java:628)
at java.base/java.lang.Thread.run(Thread.java:834)
]]>
    </error>
  </testcase> <!-- testCase1 -->
  <testcase classname="register.RegistrAppTest" name="testCase1" time="0.471">
    <error message="invalid information!" type="register.InvalidInformationException">
      <![CDATA[register.InvalidInformationException: invalid information!
at register.RegistrApp.validation(RegistrApp.java:35)
at register.RegistrAppTest.generic(RegistrAppTest.java:31)
at register.RegistrAppTest.testCase1(RegistrAppTest.java:19)
at jdk.internal.reflect.GeneratedMethodAccessor1.invoke(Unknown Source)
at java.base/jdk.internal.reflect.DelegatingMethodAccessorImpl.invoke(DelegatingMethodAccessorImpl.java:43)
at java.base/java.lang.reflect.Method.invoke(Method.java:566)
at org.testng.internal.MethodInvocationHelper.invokeMethod(MethodInvocationHelper.java:131)
at org.testng.internal.Invoker.invokeMethod(Invoker.java:658)
at org.testng.internal.Invoker.invokeTestMethod(Invoker.java:792)
at org.testng.internal.Invoker.invokeTestMethods(Invoker.java:1103)
at org.testng.internal.TestMethodWorker.invokeTestMethods(TestMethodWorker.java:140)
at org.testng.internal.TestMethodWorker.run(TestMethodWorker.java:122)
at org.testng.internal.thread.ThreadUtil$1.call(ThreadUtil.java:70)
at java.base/java.util.concurrent.FutureTask.run(FutureTask.java:264)
at java.base/java.util.concurrent.ThreadPoolExecutor.runWorker(ThreadPoolExecutor.java:1128)
at java.base/java.util.concurrent.ThreadPoolExecutor$Worker.run(ThreadPoolExecutor.java:628)
at java.base/java.lang.Thread.run(Thread.java:834)
]]>
    </error>
  </testcase> <!-- testCase1 -->
  <testcase classname="register.RegistrAppTest" name="testCase1" time="0.212">
    <error message="invalid information!" type="register.InvalidInformationException">
      <![CDATA[register.InvalidInformationException: invalid information!
at register.RegistrApp.validation(RegistrApp.java:35)
at register.RegistrAppTest.generic(RegistrAppTest.java:31)
at register.RegistrAppTest.testCase1(RegistrAppTest.java:19)
at jdk.internal.reflect.GeneratedMethodAccessor1.invoke(Unknown Source)
at java.base/jdk.internal.reflect.DelegatingMethodAccessorImpl.invoke(DelegatingMethodAccessorImpl.java:43)
at java.base/java.lang.reflect.Method.invoke(Method.java:566)
at org.testng.internal.MethodInvocationHelper.invokeMethod(MethodInvocationHelper.java:131)
at org.testng.internal.Invoker.invokeMethod(Invoker.java:658)
at org.testng.internal.Invoker.invokeTestMethod(Invoker.java:792)
at org.testng.internal.Invoker.invokeTestMethods(Invoker.java:1103)
at org.testng.internal.TestMethodWorker.invokeTestMethods(TestMethodWorker.java:140)
at org.testng.internal.TestMethodWorker.run(TestMethodWorker.java:122)
at org.testng.internal.thread.ThreadUtil$1.call(ThreadUtil.java:70)
at java.base/java.util.concurrent.FutureTask.run(FutureTask.java:264)
at java.base/java.util.concurrent.ThreadPoolExecutor.runWorker(ThreadPoolExecutor.java:1128)
at java.base/java.util.concurrent.ThreadPoolExecutor$Worker.run(ThreadPoolExecutor.java:628)
at java.base/java.lang.Thread.run(Thread.java:834)
]]>
    </error>
  </testcase> <!-- testCase1 -->
  <testcase classname="register.RegistrAppTest" name="testCase1" time="0.693">
    <error message="invalid information!" type="register.InvalidInformationException">
      <![CDATA[register.InvalidInformationException: invalid information!
at register.RegistrApp.validation(RegistrApp.java:35)
at register.RegistrAppTest.generic(RegistrAppTest.java:31)
at register.RegistrAppTest.testCase1(RegistrAppTest.java:19)
at java.base/jdk.internal.reflect.NativeMethodAccessorImpl.invoke0(Native Method)
at java.base/jdk.internal.reflect.NativeMethodAccessorImpl.invoke(NativeMethodAccessorImpl.java:62)
at java.base/jdk.internal.reflect.DelegatingMethodAccessorImpl.invoke(DelegatingMethodAccessorImpl.java:43)
at java.base/java.lang.reflect.Method.invoke(Method.java:566)
at org.testng.internal.MethodInvocationHelper.invokeMethod(MethodInvocationHelper.java:131)
at org.testng.internal.Invoker.invokeMethod(Invoker.java:658)
at org.testng.internal.Invoker.invokeTestMethod(Invoker.java:792)
at org.testng.internal.Invoker.invokeTestMethods(Invoker.java:1103)
at org.testng.internal.TestMethodWorker.invokeTestMethods(TestMethodWorker.java:140)
at org.testng.internal.TestMethodWorker.run(TestMethodWorker.java:122)
at org.testng.internal.thread.ThreadUtil$1.call(ThreadUtil.java:70)
at java.base/java.util.concurrent.FutureTask.run(FutureTask.java:264)
at java.base/java.util.concurrent.ThreadPoolExecutor.runWorker(ThreadPoolExecutor.java:1128)
at java.base/java.util.concurrent.ThreadPoolExecutor$Worker.run(ThreadPoolExecutor.java:628)
at java.base/java.lang.Thread.run(Thread.java:834)
]]>
    </error>
  </testcase> <!-- testCase1 -->
</testsuite> <!-- register.RegistrAppTest -->
